[0.240s] DEBUG:colcon:Command line arguments: ['/usr/bin/colcon', 'build']
[0.240s] DEBUG:colcon:Parsed command line arguments: Namespace(log_base=None, log_level=None, verb_name='build', build_base='build', install_base='install', merge_install=False, symlink_install=False, test_result_base=None, continue_on_error=False, executor='parallel', parallel_workers=4, event_handlers=None, ignore_user_meta=False, metas=['./colcon.meta'], base_paths=['.'], packages_ignore=None, packages_ignore_regex=None, paths=None, packages_up_to=None, packages_up_to_regex=None, packages_above=None, packages_above_and_dependencies=None, packages_above_depth=None, packages_select_by_dep=None, packages_skip_by_dep=None, packages_skip_up_to=None, packages_select_build_failed=False, packages_skip_build_finished=False, packages_select_test_failures=False, packages_skip_test_passed=False, packages_select=None, packages_skip=None, packages_select_regex=None, packages_skip_regex=None, packages_start=None, packages_end=None, allow_overriding=[], cmake_args=None, cmake_target=None, cmake_target_skip_unavailable=False, cmake_clean_cache=False, cmake_clean_first=False, cmake_force_configure=False, ament_cmake_args=None, catkin_cmake_args=None, catkin_skip_building_tests=False, mixin_files=None, mixin=None, verb_parser=<colcon_mixin.mixin.mixin_argument.MixinArgumentDecorator object at 0x7a67362196f0>, verb_extension=<colcon_core.verb.build.BuildVerb object at 0x7a6736219060>, main=<bound method BuildVerb.main of <colcon_core.verb.build.BuildVerb object at 0x7a6736219060>>, mixin_verb=('build',))
[0.618s] Level 1:colcon.colcon_core.package_discovery:discover_packages(colcon_meta) check parameters
[0.618s] Level 1:colcon.colcon_core.package_discovery:discover_packages(recursive) check parameters
[0.619s] Level 1:colcon.colcon_core.package_discovery:discover_packages(ignore) check parameters
[0.619s] Level 1:colcon.colcon_core.package_discovery:discover_packages(path) check parameters
[0.619s] Level 1:colcon.colcon_core.package_discovery:discover_packages(colcon_meta) discover
[0.619s] Level 1:colcon.colcon_core.package_discovery:discover_packages(recursive) discover
[0.619s] INFO:colcon.colcon_core.package_discovery:Crawling recursively for packages in '/home/asad/turtlebot0'
[0.619s] Level 1:colcon.colcon_core.package_identification:_identify(.) by extensions ['ignore', 'ignore_ament_install']
[0.619s] Level 1:colcon.colcon_core.package_identification:_identify(.) by extension 'ignore'
[0.619s] Level 1:colcon.colcon_core.package_identification:_identify(.) by extension 'ignore_ament_install'
[0.620s] Level 1:colcon.colcon_core.package_identification:_identify(.) by extensions ['colcon_pkg']
[0.620s] Level 1:colcon.colcon_core.package_identification:_identify(.) by extension 'colcon_pkg'
[0.620s] Level 1:colcon.colcon_core.package_identification:_identify(.) by extensions ['colcon_meta']
[0.620s] Level 1:colcon.colcon_core.package_identification:_identify(.) by extension 'colcon_meta'
[0.620s] Level 1:colcon.colcon_core.package_identification:_identify(.) by extensions ['ros']
[0.620s] Level 1:colcon.colcon_core.package_identification:_identify(.) by extension 'ros'
[0.643s] Level 1:colcon.colcon_core.package_identification:_identify(.) by extensions ['cmake', 'python']
[0.643s] Level 1:colcon.colcon_core.package_identification:_identify(.) by extension 'cmake'
[0.643s] Level 1:colcon.colcon_core.package_identification:_identify(.) by extension 'python'
[0.643s] Level 1:colcon.colcon_core.package_identification:_identify(.) by extensions ['python_setup_py']
[0.644s] Level 1:colcon.colcon_core.package_identification:_identify(.) by extension 'python_setup_py'
[0.644s] Level 1:colcon.colcon_core.package_identification:_identify(build) by extensions ['ignore', 'ignore_ament_install']
[0.644s] Level 1:colcon.colcon_core.package_identification:_identify(build) by extension 'ignore'
[0.644s] Level 1:colcon.colcon_core.package_identification:_identify(build) ignored
[0.644s] Level 1:colcon.colcon_core.package_identification:_identify(install) by extensions ['ignore', 'ignore_ament_install']
[0.645s] Level 1:colcon.colcon_core.package_identification:_identify(install) by extension 'ignore'
[0.645s] Level 1:colcon.colcon_core.package_identification:_identify(install) ignored
[0.645s] Level 1:colcon.colcon_core.package_identification:_identify(log) by extensions ['ignore', 'ignore_ament_install']
[0.645s] Level 1:colcon.colcon_core.package_identification:_identify(log) by extension 'ignore'
[0.645s] Level 1:colcon.colcon_core.package_identification:_identify(log) ignored
[0.646s] Level 1:colcon.colcon_core.package_identification:_identify(src) by extensions ['ignore', 'ignore_ament_install']
[0.646s] Level 1:colcon.colcon_core.package_identification:_identify(src) by extension 'ignore'
[0.646s] Level 1:colcon.colcon_core.package_identification:_identify(src) by extension 'ignore_ament_install'
[0.646s] Level 1:colcon.colcon_core.package_identification:_identify(src) by extensions ['colcon_pkg']
[0.646s] Level 1:colcon.colcon_core.package_identification:_identify(src) by extension 'colcon_pkg'
[0.646s] Level 1:colcon.colcon_core.package_identification:_identify(src) by extensions ['colcon_meta']
[0.646s] Level 1:colcon.colcon_core.package_identification:_identify(src) by extension 'colcon_meta'
[0.646s] Level 1:colcon.colcon_core.package_identification:_identify(src) by extensions ['ros']
[0.646s] Level 1:colcon.colcon_core.package_identification:_identify(src) by extension 'ros'
[0.647s] Level 1:colcon.colcon_core.package_identification:_identify(src) by extensions ['cmake', 'python']
[0.647s] Level 1:colcon.colcon_core.package_identification:_identify(src) by extension 'cmake'
[0.647s] Level 1:colcon.colcon_core.package_identification:_identify(src) by extension 'python'
[0.647s] Level 1:colcon.colcon_core.package_identification:_identify(src) by extensions ['python_setup_py']
[0.647s] Level 1:colcon.colcon_core.package_identification:_identify(src) by extension 'python_setup_py'
[0.647s] Level 1:colcon.colcon_core.package_identification:_identify(src/turtlebot3_simulations) by extensions ['ignore', 'ignore_ament_install']
[0.647s] Level 1:colcon.colcon_core.package_identification:_identify(src/turtlebot3_simulations) by extension 'ignore'
[0.648s] Level 1:colcon.colcon_core.package_identification:_identify(src/turtlebot3_simulations) by extension 'ignore_ament_install'
[0.648s] Level 1:colcon.colcon_core.package_identification:_identify(src/turtlebot3_simulations) by extensions ['colcon_pkg']
[0.648s] Level 1:colcon.colcon_core.package_identification:_identify(src/turtlebot3_simulations) by extension 'colcon_pkg'
[0.648s] Level 1:colcon.colcon_core.package_identification:_identify(src/turtlebot3_simulations) by extensions ['colcon_meta']
[0.648s] Level 1:colcon.colcon_core.package_identification:_identify(src/turtlebot3_simulations) by extension 'colcon_meta'
[0.648s] Level 1:colcon.colcon_core.package_identification:_identify(src/turtlebot3_simulations) by extensions ['ros']
[0.648s] Level 1:colcon.colcon_core.package_identification:_identify(src/turtlebot3_simulations) by extension 'ros'
[0.648s] Level 1:colcon.colcon_core.package_identification:_identify(src/turtlebot3_simulations) by extensions ['cmake', 'python']
[0.648s] Level 1:colcon.colcon_core.package_identification:_identify(src/turtlebot3_simulations) by extension 'cmake'
[0.648s] Level 1:colcon.colcon_core.package_identification:_identify(src/turtlebot3_simulations) by extension 'python'
[0.649s] Level 1:colcon.colcon_core.package_identification:_identify(src/turtlebot3_simulations) by extensions ['python_setup_py']
[0.649s] Level 1:colcon.colcon_core.package_identification:_identify(src/turtlebot3_simulations) by extension 'python_setup_py'
[0.649s] Level 1:colcon.colcon_core.package_identification:_identify(src/turtlebot3_simulations/turtlebot3_fake_node) by extensions ['ignore', 'ignore_ament_install']
[0.649s] Level 1:colcon.colcon_core.package_identification:_identify(src/turtlebot3_simulations/turtlebot3_fake_node) by extension 'ignore'
[0.649s] Level 1:colcon.colcon_core.package_identification:_identify(src/turtlebot3_simulations/turtlebot3_fake_node) by extension 'ignore_ament_install'
[0.649s] Level 1:colcon.colcon_core.package_identification:_identify(src/turtlebot3_simulations/turtlebot3_fake_node) by extensions ['colcon_pkg']
[0.649s] Level 1:colcon.colcon_core.package_identification:_identify(src/turtlebot3_simulations/turtlebot3_fake_node) by extension 'colcon_pkg'
[0.650s] Level 1:colcon.colcon_core.package_identification:_identify(src/turtlebot3_simulations/turtlebot3_fake_node) by extensions ['colcon_meta']
[0.650s] Level 1:colcon.colcon_core.package_identification:_identify(src/turtlebot3_simulations/turtlebot3_fake_node) by extension 'colcon_meta'
[0.650s] Level 1:colcon.colcon_core.package_identification:_identify(src/turtlebot3_simulations/turtlebot3_fake_node) by extensions ['ros']
[0.650s] Level 1:colcon.colcon_core.package_identification:_identify(src/turtlebot3_simulations/turtlebot3_fake_node) by extension 'ros'
[0.656s] DEBUG:colcon.colcon_core.package_identification:Package 'src/turtlebot3_simulations/turtlebot3_fake_node' with type 'ros.ament_cmake' and name 'turtlebot3_fake_node'
[0.657s] Level 1:colcon.colcon_core.package_identification:_identify(src/turtlebot3_simulations/turtlebot3_gazebo) by extensions ['ignore', 'ignore_ament_install']
[0.657s] Level 1:colcon.colcon_core.package_identification:_identify(src/turtlebot3_simulations/turtlebot3_gazebo) by extension 'ignore'
[0.657s] Level 1:colcon.colcon_core.package_identification:_identify(src/turtlebot3_simulations/turtlebot3_gazebo) by extension 'ignore_ament_install'
[0.657s] Level 1:colcon.colcon_core.package_identification:_identify(src/turtlebot3_simulations/turtlebot3_gazebo) by extensions ['colcon_pkg']
[0.657s] Level 1:colcon.colcon_core.package_identification:_identify(src/turtlebot3_simulations/turtlebot3_gazebo) by extension 'colcon_pkg'
[0.657s] Level 1:colcon.colcon_core.package_identification:_identify(src/turtlebot3_simulations/turtlebot3_gazebo) by extensions ['colcon_meta']
[0.658s] Level 1:colcon.colcon_core.package_identification:_identify(src/turtlebot3_simulations/turtlebot3_gazebo) by extension 'colcon_meta'
[0.658s] Level 1:colcon.colcon_core.package_identification:_identify(src/turtlebot3_simulations/turtlebot3_gazebo) by extensions ['ros']
[0.658s] Level 1:colcon.colcon_core.package_identification:_identify(src/turtlebot3_simulations/turtlebot3_gazebo) by extension 'ros'
[0.660s] DEBUG:colcon.colcon_core.package_identification:Package 'src/turtlebot3_simulations/turtlebot3_gazebo' with type 'ros.ament_cmake' and name 'turtlebot3_gazebo'
[0.660s] Level 1:colcon.colcon_core.package_identification:_identify(src/turtlebot3_simulations/turtlebot3_simulations) by extensions ['ignore', 'ignore_ament_install']
[0.660s] Level 1:colcon.colcon_core.package_identification:_identify(src/turtlebot3_simulations/turtlebot3_simulations) by extension 'ignore'
[0.661s] Level 1:colcon.colcon_core.package_identification:_identify(src/turtlebot3_simulations/turtlebot3_simulations) by extension 'ignore_ament_install'
[0.661s] Level 1:colcon.colcon_core.package_identification:_identify(src/turtlebot3_simulations/turtlebot3_simulations) by extensions ['colcon_pkg']
[0.661s] Level 1:colcon.colcon_core.package_identification:_identify(src/turtlebot3_simulations/turtlebot3_simulations) by extension 'colcon_pkg'
[0.661s] Level 1:colcon.colcon_core.package_identification:_identify(src/turtlebot3_simulations/turtlebot3_simulations) by extensions ['colcon_meta']
[0.661s] Level 1:colcon.colcon_core.package_identification:_identify(src/turtlebot3_simulations/turtlebot3_simulations) by extension 'colcon_meta'
[0.661s] Level 1:colcon.colcon_core.package_identification:_identify(src/turtlebot3_simulations/turtlebot3_simulations) by extensions ['ros']
[0.661s] Level 1:colcon.colcon_core.package_identification:_identify(src/turtlebot3_simulations/turtlebot3_simulations) by extension 'ros'
[0.662s] DEBUG:colcon.colcon_core.package_identification:Package 'src/turtlebot3_simulations/turtlebot3_simulations' with type 'ros.ament_cmake' and name 'turtlebot3_simulations'
[0.663s] Level 1:colcon.colcon_core.package_identification:_identify(src/turtlebot_dqn) by extensions ['ignore', 'ignore_ament_install']
[0.663s] Level 1:colcon.colcon_core.package_identification:_identify(src/turtlebot_dqn) by extension 'ignore'
[0.663s] Level 1:colcon.colcon_core.package_identification:_identify(src/turtlebot_dqn) by extension 'ignore_ament_install'
[0.663s] Level 1:colcon.colcon_core.package_identification:_identify(src/turtlebot_dqn) by extensions ['colcon_pkg']
[0.663s] Level 1:colcon.colcon_core.package_identification:_identify(src/turtlebot_dqn) by extension 'colcon_pkg'
[0.663s] Level 1:colcon.colcon_core.package_identification:_identify(src/turtlebot_dqn) by extensions ['colcon_meta']
[0.663s] Level 1:colcon.colcon_core.package_identification:_identify(src/turtlebot_dqn) by extension 'colcon_meta'
[0.664s] Level 1:colcon.colcon_core.package_identification:_identify(src/turtlebot_dqn) by extensions ['ros']
[0.664s] Level 1:colcon.colcon_core.package_identification:_identify(src/turtlebot_dqn) by extension 'ros'
[0.665s] DEBUG:colcon.colcon_core.package_identification:Package 'src/turtlebot_dqn' with type 'ros.ament_python' and name 'turtlebot_dqn'
[0.666s] Level 1:colcon.colcon_core.package_discovery:discover_packages(recursive) using defaults
[0.666s] Level 1:colcon.colcon_core.package_discovery:discover_packages(ignore) discover
[0.666s] Level 1:colcon.colcon_core.package_discovery:discover_packages(ignore) using defaults
[0.666s] Level 1:colcon.colcon_core.package_discovery:discover_packages(path) discover
[0.666s] Level 1:colcon.colcon_core.package_discovery:discover_packages(path) using defaults
[0.729s] Level 1:colcon.colcon_core.package_discovery:discover_packages(prefix_path) check parameters
[0.729s] Level 1:colcon.colcon_core.package_discovery:discover_packages(prefix_path) discover
[0.733s] DEBUG:colcon.colcon_installed_package_information.package_discovery:Found 4 installed packages in /home/asad/turtlebot0/install
[0.736s] DEBUG:colcon.colcon_installed_package_information.package_discovery:Found 326 installed packages in /opt/ros/humble
[0.740s] Level 1:colcon.colcon_core.package_discovery:discover_packages(prefix_path) using defaults
[0.856s] Level 5:colcon.colcon_core.verb:set package 'turtlebot3_fake_node' build argument 'cmake_args' from command line to 'None'
[0.856s] Level 5:colcon.colcon_core.verb:set package 'turtlebot3_fake_node' build argument 'cmake_target' from command line to 'None'
[0.856s] Level 5:colcon.colcon_core.verb:set package 'turtlebot3_fake_node' build argument 'cmake_target_skip_unavailable' from command line to 'False'
[0.856s] Level 5:colcon.colcon_core.verb:set package 'turtlebot3_fake_node' build argument 'cmake_clean_cache' from command line to 'False'
[0.857s] Level 5:colcon.colcon_core.verb:set package 'turtlebot3_fake_node' build argument 'cmake_clean_first' from command line to 'False'
[0.857s] Level 5:colcon.colcon_core.verb:set package 'turtlebot3_fake_node' build argument 'cmake_force_configure' from command line to 'False'
[0.857s] Level 5:colcon.colcon_core.verb:set package 'turtlebot3_fake_node' build argument 'ament_cmake_args' from command line to 'None'
[0.857s] Level 5:colcon.colcon_core.verb:set package 'turtlebot3_fake_node' build argument 'catkin_cmake_args' from command line to 'None'
[0.857s] Level 5:colcon.colcon_core.verb:set package 'turtlebot3_fake_node' build argument 'catkin_skip_building_tests' from command line to 'False'
[0.857s] DEBUG:colcon.colcon_core.verb:Building package 'turtlebot3_fake_node' with the following arguments: {'ament_cmake_args': None, 'build_base': '/home/asad/turtlebot0/build/turtlebot3_fake_node', 'catkin_cmake_args': None, 'catkin_skip_building_tests': False, 'cmake_args': None, 'cmake_clean_cache': False, 'cmake_clean_first': False, 'cmake_force_configure': False, 'cmake_target': None, 'cmake_target_skip_unavailable': False, 'install_base': '/home/asad/turtlebot0/install/turtlebot3_fake_node', 'merge_install': False, 'path': '/home/asad/turtlebot0/src/turtlebot3_simulations/turtlebot3_fake_node', 'symlink_install': False, 'test_result_base': None}
[0.859s] Level 5:colcon.colcon_core.verb:set package 'turtlebot3_gazebo' build argument 'cmake_args' from command line to 'None'
[0.859s] Level 5:colcon.colcon_core.verb:set package 'turtlebot3_gazebo' build argument 'cmake_target' from command line to 'None'
[0.860s] Level 5:colcon.colcon_core.verb:set package 'turtlebot3_gazebo' build argument 'cmake_target_skip_unavailable' from command line to 'False'
[0.860s] Level 5:colcon.colcon_core.verb:set package 'turtlebot3_gazebo' build argument 'cmake_clean_cache' from command line to 'False'
[0.860s] Level 5:colcon.colcon_core.verb:set package 'turtlebot3_gazebo' build argument 'cmake_clean_first' from command line to 'False'
[0.860s] Level 5:colcon.colcon_core.verb:set package 'turtlebot3_gazebo' build argument 'cmake_force_configure' from command line to 'False'
[0.860s] Level 5:colcon.colcon_core.verb:set package 'turtlebot3_gazebo' build argument 'ament_cmake_args' from command line to 'None'
[0.860s] Level 5:colcon.colcon_core.verb:set package 'turtlebot3_gazebo' build argument 'catkin_cmake_args' from command line to 'None'
[0.860s] Level 5:colcon.colcon_core.verb:set package 'turtlebot3_gazebo' build argument 'catkin_skip_building_tests' from command line to 'False'
[0.860s] DEBUG:colcon.colcon_core.verb:Building package 'turtlebot3_gazebo' with the following arguments: {'ament_cmake_args': None, 'build_base': '/home/asad/turtlebot0/build/turtlebot3_gazebo', 'catkin_cmake_args': None, 'catkin_skip_building_tests': False, 'cmake_args': None, 'cmake_clean_cache': False, 'cmake_clean_first': False, 'cmake_force_configure': False, 'cmake_target': None, 'cmake_target_skip_unavailable': False, 'install_base': '/home/asad/turtlebot0/install/turtlebot3_gazebo', 'merge_install': False, 'path': '/home/asad/turtlebot0/src/turtlebot3_simulations/turtlebot3_gazebo', 'symlink_install': False, 'test_result_base': None}
[0.862s] Level 5:colcon.colcon_core.verb:set package 'turtlebot_dqn' build argument 'cmake_args' from command line to 'None'
[0.862s] Level 5:colcon.colcon_core.verb:set package 'turtlebot_dqn' build argument 'cmake_target' from command line to 'None'
[0.862s] Level 5:colcon.colcon_core.verb:set package 'turtlebot_dqn' build argument 'cmake_target_skip_unavailable' from command line to 'False'
[0.863s] Level 5:colcon.colcon_core.verb:set package 'turtlebot_dqn' build argument 'cmake_clean_cache' from command line to 'False'
[0.863s] Level 5:colcon.colcon_core.verb:set package 'turtlebot_dqn' build argument 'cmake_clean_first' from command line to 'False'
[0.863s] Level 5:colcon.colcon_core.verb:set package 'turtlebot_dqn' build argument 'cmake_force_configure' from command line to 'False'
[0.863s] Level 5:colcon.colcon_core.verb:set package 'turtlebot_dqn' build argument 'ament_cmake_args' from command line to 'None'
[0.863s] Level 5:colcon.colcon_core.verb:set package 'turtlebot_dqn' build argument 'catkin_cmake_args' from command line to 'None'
[0.863s] Level 5:colcon.colcon_core.verb:set package 'turtlebot_dqn' build argument 'catkin_skip_building_tests' from command line to 'False'
[0.863s] DEBUG:colcon.colcon_core.verb:Building package 'turtlebot_dqn' with the following arguments: {'ament_cmake_args': None, 'build_base': '/home/asad/turtlebot0/build/turtlebot_dqn', 'catkin_cmake_args': None, 'catkin_skip_building_tests': False, 'cmake_args': None, 'cmake_clean_cache': False, 'cmake_clean_first': False, 'cmake_force_configure': False, 'cmake_target': None, 'cmake_target_skip_unavailable': False, 'install_base': '/home/asad/turtlebot0/install/turtlebot_dqn', 'merge_install': False, 'path': '/home/asad/turtlebot0/src/turtlebot_dqn', 'symlink_install': False, 'test_result_base': None}
[0.865s] Level 5:colcon.colcon_core.verb:set package 'turtlebot3_simulations' build argument 'cmake_args' from command line to 'None'
[0.865s] Level 5:colcon.colcon_core.verb:set package 'turtlebot3_simulations' build argument 'cmake_target' from command line to 'None'
[0.866s] Level 5:colcon.colcon_core.verb:set package 'turtlebot3_simulations' build argument 'cmake_target_skip_unavailable' from command line to 'False'
[0.866s] Level 5:colcon.colcon_core.verb:set package 'turtlebot3_simulations' build argument 'cmake_clean_cache' from command line to 'False'
[0.866s] Level 5:colcon.colcon_core.verb:set package 'turtlebot3_simulations' build argument 'cmake_clean_first' from command line to 'False'
[0.866s] Level 5:colcon.colcon_core.verb:set package 'turtlebot3_simulations' build argument 'cmake_force_configure' from command line to 'False'
[0.866s] Level 5:colcon.colcon_core.verb:set package 'turtlebot3_simulations' build argument 'ament_cmake_args' from command line to 'None'
[0.866s] Level 5:colcon.colcon_core.verb:set package 'turtlebot3_simulations' build argument 'catkin_cmake_args' from command line to 'None'
[0.866s] Level 5:colcon.colcon_core.verb:set package 'turtlebot3_simulations' build argument 'catkin_skip_building_tests' from command line to 'False'
[0.866s] DEBUG:colcon.colcon_core.verb:Building package 'turtlebot3_simulations' with the following arguments: {'ament_cmake_args': None, 'build_base': '/home/asad/turtlebot0/build/turtlebot3_simulations', 'catkin_cmake_args': None, 'catkin_skip_building_tests': False, 'cmake_args': None, 'cmake_clean_cache': False, 'cmake_clean_first': False, 'cmake_force_configure': False, 'cmake_target': None, 'cmake_target_skip_unavailable': False, 'install_base': '/home/asad/turtlebot0/install/turtlebot3_simulations', 'merge_install': False, 'path': '/home/asad/turtlebot0/src/turtlebot3_simulations/turtlebot3_simulations', 'symlink_install': False, 'test_result_base': None}
[0.867s] INFO:colcon.colcon_core.executor:Executing jobs using 'parallel' executor
[0.869s] DEBUG:colcon.colcon_parallel_executor.executor.parallel:run_until_complete
[0.869s] INFO:colcon.colcon_ros.task.ament_cmake.build:Building ROS package in '/home/asad/turtlebot0/src/turtlebot3_simulations/turtlebot3_fake_node' with build type 'ament_cmake'
[0.870s] INFO:colcon.colcon_cmake.task.cmake.build:Building CMake package in '/home/asad/turtlebot0/src/turtlebot3_simulations/turtlebot3_fake_node'
[0.875s] INFO:colcon.colcon_core.plugin_system:Skipping extension 'colcon_core.shell.bat': Not used on non-Windows systems
[0.875s] INFO:colcon.colcon_core.shell:Skip shell extension 'powershell' for command environment: Not usable outside of PowerShell
[0.875s] DEBUG:colcon.colcon_core.shell:Skip shell extension 'dsv' for command environment
[0.885s] INFO:colcon.colcon_ros.task.ament_cmake.build:Building ROS package in '/home/asad/turtlebot0/src/turtlebot3_simulations/turtlebot3_gazebo' with build type 'ament_cmake'
[0.886s] INFO:colcon.colcon_cmake.task.cmake.build:Building CMake package in '/home/asad/turtlebot0/src/turtlebot3_simulations/turtlebot3_gazebo'
[0.887s] INFO:colcon.colcon_core.shell:Skip shell extension 'powershell' for command environment: Not usable outside of PowerShell
[0.888s] DEBUG:colcon.colcon_core.shell:Skip shell extension 'dsv' for command environment
[0.902s] INFO:colcon.colcon_ros.task.ament_python.build:Building ROS package in '/home/asad/turtlebot0/src/turtlebot_dqn' with build type 'ament_python'
[0.903s] Level 1:colcon.colcon_core.shell:create_environment_hook('turtlebot_dqn', 'ament_prefix_path')
[0.904s] INFO:colcon.colcon_core.shell:Creating environment hook '/home/asad/turtlebot0/install/turtlebot_dqn/share/turtlebot_dqn/hook/ament_prefix_path.ps1'
[0.908s] INFO:colcon.colcon_core.shell:Creating environment descriptor '/home/asad/turtlebot0/install/turtlebot_dqn/share/turtlebot_dqn/hook/ament_prefix_path.dsv'
[0.910s] INFO:colcon.colcon_core.shell:Creating environment hook '/home/asad/turtlebot0/install/turtlebot_dqn/share/turtlebot_dqn/hook/ament_prefix_path.sh'
[0.914s] INFO:colcon.colcon_core.shell:Skip shell extension 'powershell' for command environment: Not usable outside of PowerShell
[0.915s] DEBUG:colcon.colcon_core.shell:Skip shell extension 'dsv' for command environment
[0.944s] DEBUG:colcon.colcon_core.event_handler.log_command:Invoking command in '/home/asad/turtlebot0/build/turtlebot3_fake_node': CMAKE_PREFIX_PATH=${CMAKE_PREFIX_PATH}:/home/asad/turtlebot0/install/turtlebot_dqn:/opt/ros/humble /usr/bin/cmake --build /home/asad/turtlebot0/build/turtlebot3_fake_node -- -j4 -l4
[0.961s] DEBUG:colcon.colcon_core.event_handler.log_command:Invoking command in '/home/asad/turtlebot0/build/turtlebot3_gazebo': CMAKE_PREFIX_PATH=${CMAKE_PREFIX_PATH}:/home/asad/turtlebot0/install/turtlebot_dqn:/opt/ros/humble /usr/bin/cmake --build /home/asad/turtlebot0/build/turtlebot3_gazebo -- -j4 -l4
[1.684s] INFO:colcon.colcon_core.task.python.build:Building Python package in '/home/asad/turtlebot0/src/turtlebot_dqn'
[1.684s] INFO:colcon.colcon_core.shell:Skip shell extension 'powershell' for command environment: Not usable outside of PowerShell
[1.685s] DEBUG:colcon.colcon_core.shell:Skip shell extension 'dsv' for command environment
[1.695s] DEBUG:colcon.colcon_core.event_handler.log_command:Invoked command in '/home/asad/turtlebot0/build/turtlebot3_gazebo' returned '0': CMAKE_PREFIX_PATH=${CMAKE_PREFIX_PATH}:/home/asad/turtlebot0/install/turtlebot_dqn:/opt/ros/humble /usr/bin/cmake --build /home/asad/turtlebot0/build/turtlebot3_gazebo -- -j4 -l4
[1.722s] DEBUG:colcon.colcon_core.event_handler.log_command:Invoking command in '/home/asad/turtlebot0/build/turtlebot3_gazebo': CMAKE_PREFIX_PATH=${CMAKE_PREFIX_PATH}:/home/asad/turtlebot0/install/turtlebot_dqn:/opt/ros/humble /usr/bin/cmake --install /home/asad/turtlebot0/build/turtlebot3_gazebo
[1.723s] DEBUG:colcon.colcon_core.event_handler.log_command:Invoked command in '/home/asad/turtlebot0/build/turtlebot3_fake_node' returned '0': CMAKE_PREFIX_PATH=${CMAKE_PREFIX_PATH}:/home/asad/turtlebot0/install/turtlebot_dqn:/opt/ros/humble /usr/bin/cmake --build /home/asad/turtlebot0/build/turtlebot3_fake_node -- -j4 -l4
[1.734s] DEBUG:colcon.colcon_core.event_handler.log_command:Invoking command in '/home/asad/turtlebot0/build/turtlebot3_fake_node': CMAKE_PREFIX_PATH=${CMAKE_PREFIX_PATH}:/home/asad/turtlebot0/install/turtlebot_dqn:/opt/ros/humble /usr/bin/cmake --install /home/asad/turtlebot0/build/turtlebot3_fake_node
[1.801s] Level 1:colcon.colcon_core.environment:create_environment_scripts_only(turtlebot3_fake_node)
[1.804s] DEBUG:colcon.colcon_core.event_handler.log_command:Invoked command in '/home/asad/turtlebot0/build/turtlebot3_fake_node' returned '0': CMAKE_PREFIX_PATH=${CMAKE_PREFIX_PATH}:/home/asad/turtlebot0/install/turtlebot_dqn:/opt/ros/humble /usr/bin/cmake --install /home/asad/turtlebot0/build/turtlebot3_fake_node
[1.810s] Level 1:colcon.colcon_core.environment:checking '/home/asad/turtlebot0/install/turtlebot3_fake_node' for CMake module files
[1.812s] Level 1:colcon.colcon_core.environment:checking '/home/asad/turtlebot0/install/turtlebot3_fake_node' for CMake config files
[1.813s] Level 1:colcon.colcon_core.shell:create_environment_hook('turtlebot3_fake_node', 'cmake_prefix_path')
[1.814s] INFO:colcon.colcon_core.shell:Creating environment hook '/home/asad/turtlebot0/install/turtlebot3_fake_node/share/turtlebot3_fake_node/hook/cmake_prefix_path.ps1'
[1.815s] INFO:colcon.colcon_core.shell:Creating environment descriptor '/home/asad/turtlebot0/install/turtlebot3_fake_node/share/turtlebot3_fake_node/hook/cmake_prefix_path.dsv'
[1.816s] INFO:colcon.colcon_core.shell:Creating environment hook '/home/asad/turtlebot0/install/turtlebot3_fake_node/share/turtlebot3_fake_node/hook/cmake_prefix_path.sh'
[1.820s] Level 1:colcon.colcon_core.environment:checking '/home/asad/turtlebot0/install/turtlebot3_fake_node/lib'
[1.821s] Level 1:colcon.colcon_core.environment:checking '/home/asad/turtlebot0/install/turtlebot3_fake_node/bin'
[1.821s] Level 1:colcon.colcon_core.environment:checking '/home/asad/turtlebot0/install/turtlebot3_fake_node/lib/pkgconfig/turtlebot3_fake_node.pc'
[1.822s] Level 1:colcon.colcon_core.environment:checking '/home/asad/turtlebot0/install/turtlebot3_fake_node/lib/python3.10/site-packages'
[1.823s] Level 1:colcon.colcon_core.environment:checking '/home/asad/turtlebot0/install/turtlebot3_fake_node/bin'
[1.825s] INFO:colcon.colcon_core.shell:Creating package script '/home/asad/turtlebot0/install/turtlebot3_fake_node/share/turtlebot3_fake_node/package.ps1'
[1.829s] INFO:colcon.colcon_core.shell:Creating package descriptor '/home/asad/turtlebot0/install/turtlebot3_fake_node/share/turtlebot3_fake_node/package.dsv'
[1.832s] INFO:colcon.colcon_core.shell:Creating package script '/home/asad/turtlebot0/install/turtlebot3_fake_node/share/turtlebot3_fake_node/package.sh'
[1.835s] INFO:colcon.colcon_core.shell:Creating package script '/home/asad/turtlebot0/install/turtlebot3_fake_node/share/turtlebot3_fake_node/package.bash'
[1.838s] INFO:colcon.colcon_core.shell:Creating package script '/home/asad/turtlebot0/install/turtlebot3_fake_node/share/turtlebot3_fake_node/package.zsh'
[1.840s] Level 1:colcon.colcon_core.environment:create_file_with_runtime_dependencies(/home/asad/turtlebot0/install/turtlebot3_fake_node/share/colcon-core/packages/turtlebot3_fake_node)
[1.842s] Level 1:colcon.colcon_core.environment:create_environment_scripts_only(turtlebot3_fake_node)
[1.843s] Level 1:colcon.colcon_core.environment:checking '/home/asad/turtlebot0/install/turtlebot3_fake_node' for CMake module files
[1.845s] Level 1:colcon.colcon_core.environment:checking '/home/asad/turtlebot0/install/turtlebot3_fake_node' for CMake config files
[1.846s] Level 1:colcon.colcon_core.shell:create_environment_hook('turtlebot3_fake_node', 'cmake_prefix_path')
[1.847s] INFO:colcon.colcon_core.shell:Creating environment hook '/home/asad/turtlebot0/install/turtlebot3_fake_node/share/turtlebot3_fake_node/hook/cmake_prefix_path.ps1'
[1.848s] INFO:colcon.colcon_core.shell:Creating environment descriptor '/home/asad/turtlebot0/install/turtlebot3_fake_node/share/turtlebot3_fake_node/hook/cmake_prefix_path.dsv'
[1.849s] INFO:colcon.colcon_core.shell:Creating environment hook '/home/asad/turtlebot0/install/turtlebot3_fake_node/share/turtlebot3_fake_node/hook/cmake_prefix_path.sh'
[1.851s] Level 1:colcon.colcon_core.environment:checking '/home/asad/turtlebot0/install/turtlebot3_fake_node/lib'
[1.851s] Level 1:colcon.colcon_core.environment:checking '/home/asad/turtlebot0/install/turtlebot3_fake_node/bin'
[1.851s] Level 1:colcon.colcon_core.environment:checking '/home/asad/turtlebot0/install/turtlebot3_fake_node/lib/pkgconfig/turtlebot3_fake_node.pc'
[1.852s] Level 1:colcon.colcon_core.environment:checking '/home/asad/turtlebot0/install/turtlebot3_fake_node/lib/python3.10/site-packages'
[1.853s] Level 1:colcon.colcon_core.environment:checking '/home/asad/turtlebot0/install/turtlebot3_fake_node/bin'
[1.854s] INFO:colcon.colcon_core.shell:Creating package script '/home/asad/turtlebot0/install/turtlebot3_fake_node/share/turtlebot3_fake_node/package.ps1'
[1.856s] INFO:colcon.colcon_core.shell:Creating package descriptor '/home/asad/turtlebot0/install/turtlebot3_fake_node/share/turtlebot3_fake_node/package.dsv'
[1.857s] INFO:colcon.colcon_core.shell:Creating package script '/home/asad/turtlebot0/install/turtlebot3_fake_node/share/turtlebot3_fake_node/package.sh'
[1.858s] INFO:colcon.colcon_core.shell:Creating package script '/home/asad/turtlebot0/install/turtlebot3_fake_node/share/turtlebot3_fake_node/package.bash'
[1.860s] INFO:colcon.colcon_core.shell:Creating package script '/home/asad/turtlebot0/install/turtlebot3_fake_node/share/turtlebot3_fake_node/package.zsh'
[1.861s] Level 1:colcon.colcon_core.environment:create_file_with_runtime_dependencies(/home/asad/turtlebot0/install/turtlebot3_fake_node/share/colcon-core/packages/turtlebot3_fake_node)
[1.864s] Level 1:colcon.colcon_core.environment:create_environment_scripts_only(turtlebot3_gazebo)
[1.865s] Level 1:colcon.colcon_core.environment:checking '/home/asad/turtlebot0/install/turtlebot3_gazebo' for CMake module files
[1.868s] DEBUG:colcon.colcon_core.event_handler.log_command:Invoked command in '/home/asad/turtlebot0/build/turtlebot3_gazebo' returned '0': CMAKE_PREFIX_PATH=${CMAKE_PREFIX_PATH}:/home/asad/turtlebot0/install/turtlebot_dqn:/opt/ros/humble /usr/bin/cmake --install /home/asad/turtlebot0/build/turtlebot3_gazebo
[1.869s] Level 1:colcon.colcon_core.environment:checking '/home/asad/turtlebot0/install/turtlebot3_gazebo' for CMake config files
[1.870s] Level 1:colcon.colcon_core.shell:create_environment_hook('turtlebot3_gazebo', 'cmake_prefix_path')
[1.871s] INFO:colcon.colcon_core.shell:Creating environment hook '/home/asad/turtlebot0/install/turtlebot3_gazebo/share/turtlebot3_gazebo/hook/cmake_prefix_path.ps1'
[1.872s] INFO:colcon.colcon_core.shell:Creating environment descriptor '/home/asad/turtlebot0/install/turtlebot3_gazebo/share/turtlebot3_gazebo/hook/cmake_prefix_path.dsv'
[1.873s] INFO:colcon.colcon_core.shell:Creating environment hook '/home/asad/turtlebot0/install/turtlebot3_gazebo/share/turtlebot3_gazebo/hook/cmake_prefix_path.sh'
[1.875s] Level 1:colcon.colcon_core.environment:checking '/home/asad/turtlebot0/install/turtlebot3_gazebo/lib'
[1.875s] Level 1:colcon.colcon_core.environment:checking '/home/asad/turtlebot0/install/turtlebot3_gazebo/bin'
[1.876s] Level 1:colcon.colcon_core.environment:checking '/home/asad/turtlebot0/install/turtlebot3_gazebo/lib/pkgconfig/turtlebot3_gazebo.pc'
[1.877s] Level 1:colcon.colcon_core.environment:checking '/home/asad/turtlebot0/install/turtlebot3_gazebo/lib/python3.10/site-packages'
[1.877s] Level 1:colcon.colcon_core.environment:checking '/home/asad/turtlebot0/install/turtlebot3_gazebo/bin'
[1.879s] INFO:colcon.colcon_core.shell:Creating package script '/home/asad/turtlebot0/install/turtlebot3_gazebo/share/turtlebot3_gazebo/package.ps1'
[1.880s] INFO:colcon.colcon_core.shell:Creating package descriptor '/home/asad/turtlebot0/install/turtlebot3_gazebo/share/turtlebot3_gazebo/package.dsv'
[1.882s] INFO:colcon.colcon_core.shell:Creating package script '/home/asad/turtlebot0/install/turtlebot3_gazebo/share/turtlebot3_gazebo/package.sh'
[1.884s] INFO:colcon.colcon_core.shell:Creating package script '/home/asad/turtlebot0/install/turtlebot3_gazebo/share/turtlebot3_gazebo/package.bash'
[1.885s] INFO:colcon.colcon_core.shell:Creating package script '/home/asad/turtlebot0/install/turtlebot3_gazebo/share/turtlebot3_gazebo/package.zsh'
[1.886s] Level 1:colcon.colcon_core.environment:create_file_with_runtime_dependencies(/home/asad/turtlebot0/install/turtlebot3_gazebo/share/colcon-core/packages/turtlebot3_gazebo)
[1.888s] Level 1:colcon.colcon_core.environment:create_environment_scripts_only(turtlebot3_gazebo)
[1.889s] Level 1:colcon.colcon_core.environment:checking '/home/asad/turtlebot0/install/turtlebot3_gazebo' for CMake module files
[1.891s] Level 1:colcon.colcon_core.environment:checking '/home/asad/turtlebot0/install/turtlebot3_gazebo' for CMake config files
[1.892s] Level 1:colcon.colcon_core.shell:create_environment_hook('turtlebot3_gazebo', 'cmake_prefix_path')
[1.893s] INFO:colcon.colcon_core.shell:Creating environment hook '/home/asad/turtlebot0/install/turtlebot3_gazebo/share/turtlebot3_gazebo/hook/cmake_prefix_path.ps1'
[1.895s] INFO:colcon.colcon_core.shell:Creating environment descriptor '/home/asad/turtlebot0/install/turtlebot3_gazebo/share/turtlebot3_gazebo/hook/cmake_prefix_path.dsv'
[1.896s] INFO:colcon.colcon_core.shell:Creating environment hook '/home/asad/turtlebot0/install/turtlebot3_gazebo/share/turtlebot3_gazebo/hook/cmake_prefix_path.sh'
[1.898s] Level 1:colcon.colcon_core.environment:checking '/home/asad/turtlebot0/install/turtlebot3_gazebo/lib'
[1.898s] Level 1:colcon.colcon_core.environment:checking '/home/asad/turtlebot0/install/turtlebot3_gazebo/bin'
[1.899s] Level 1:colcon.colcon_core.environment:checking '/home/asad/turtlebot0/install/turtlebot3_gazebo/lib/pkgconfig/turtlebot3_gazebo.pc'
[1.900s] Level 1:colcon.colcon_core.environment:checking '/home/asad/turtlebot0/install/turtlebot3_gazebo/lib/python3.10/site-packages'
[1.900s] Level 1:colcon.colcon_core.environment:checking '/home/asad/turtlebot0/install/turtlebot3_gazebo/bin'
[1.901s] INFO:colcon.colcon_core.shell:Creating package script '/home/asad/turtlebot0/install/turtlebot3_gazebo/share/turtlebot3_gazebo/package.ps1'
[1.903s] INFO:colcon.colcon_core.shell:Creating package descriptor '/home/asad/turtlebot0/install/turtlebot3_gazebo/share/turtlebot3_gazebo/package.dsv'
[1.905s] INFO:colcon.colcon_core.shell:Creating package script '/home/asad/turtlebot0/install/turtlebot3_gazebo/share/turtlebot3_gazebo/package.sh'
[1.906s] INFO:colcon.colcon_core.shell:Creating package script '/home/asad/turtlebot0/install/turtlebot3_gazebo/share/turtlebot3_gazebo/package.bash'
[1.908s] INFO:colcon.colcon_core.shell:Creating package script '/home/asad/turtlebot0/install/turtlebot3_gazebo/share/turtlebot3_gazebo/package.zsh'
[1.909s] Level 1:colcon.colcon_core.environment:create_file_with_runtime_dependencies(/home/asad/turtlebot0/install/turtlebot3_gazebo/share/colcon-core/packages/turtlebot3_gazebo)
[1.911s] INFO:colcon.colcon_ros.task.ament_cmake.build:Building ROS package in '/home/asad/turtlebot0/src/turtlebot3_simulations/turtlebot3_simulations' with build type 'ament_cmake'
[1.911s] INFO:colcon.colcon_cmake.task.cmake.build:Building CMake package in '/home/asad/turtlebot0/src/turtlebot3_simulations/turtlebot3_simulations'
[1.912s] INFO:colcon.colcon_core.shell:Skip shell extension 'powershell' for command environment: Not usable outside of PowerShell
[1.913s] DEBUG:colcon.colcon_core.shell:Skip shell extension 'dsv' for command environment
[1.944s] DEBUG:colcon.colcon_core.event_handler.log_command:Invoking command in '/home/asad/turtlebot0/build/turtlebot3_simulations': CMAKE_PREFIX_PATH=/home/asad/turtlebot0/install/turtlebot3_gazebo:/home/asad/turtlebot0/install/turtlebot3_fake_node:/home/asad/turtlebot0/install/turtlebot3_simulations:/home/asad/turtlebot0/install/turtlebot_dqn:/opt/ros/humble /usr/bin/cmake --build /home/asad/turtlebot0/build/turtlebot3_simulations -- -j4 -l4
[2.021s] DEBUG:colcon.colcon_core.event_handler.log_command:Invoked command in '/home/asad/turtlebot0/build/turtlebot3_simulations' returned '0': CMAKE_PREFIX_PATH=/home/asad/turtlebot0/install/turtlebot3_gazebo:/home/asad/turtlebot0/install/turtlebot3_fake_node:/home/asad/turtlebot0/install/turtlebot3_simulations:/home/asad/turtlebot0/install/turtlebot_dqn:/opt/ros/humble /usr/bin/cmake --build /home/asad/turtlebot0/build/turtlebot3_simulations -- -j4 -l4
[2.024s] DEBUG:colcon.colcon_core.event_handler.log_command:Invoking command in '/home/asad/turtlebot0/build/turtlebot3_simulations': CMAKE_PREFIX_PATH=/home/asad/turtlebot0/install/turtlebot3_gazebo:/home/asad/turtlebot0/install/turtlebot3_fake_node:/home/asad/turtlebot0/install/turtlebot3_simulations:/home/asad/turtlebot0/install/turtlebot_dqn:/opt/ros/humble /usr/bin/cmake --install /home/asad/turtlebot0/build/turtlebot3_simulations
[2.080s] Level 1:colcon.colcon_core.environment:create_environment_scripts_only(turtlebot3_simulations)
[2.081s] Level 1:colcon.colcon_core.environment:checking '/home/asad/turtlebot0/install/turtlebot3_simulations' for CMake module files
[2.083s] DEBUG:colcon.colcon_core.event_handler.log_command:Invoked command in '/home/asad/turtlebot0/build/turtlebot3_simulations' returned '0': CMAKE_PREFIX_PATH=/home/asad/turtlebot0/install/turtlebot3_gazebo:/home/asad/turtlebot0/install/turtlebot3_fake_node:/home/asad/turtlebot0/install/turtlebot3_simulations:/home/asad/turtlebot0/install/turtlebot_dqn:/opt/ros/humble /usr/bin/cmake --install /home/asad/turtlebot0/build/turtlebot3_simulations
[2.084s] Level 1:colcon.colcon_core.environment:checking '/home/asad/turtlebot0/install/turtlebot3_simulations' for CMake config files
[2.084s] Level 1:colcon.colcon_core.shell:create_environment_hook('turtlebot3_simulations', 'cmake_prefix_path')
[2.085s] INFO:colcon.colcon_core.shell:Creating environment hook '/home/asad/turtlebot0/install/turtlebot3_simulations/share/turtlebot3_simulations/hook/cmake_prefix_path.ps1'
[2.086s] INFO:colcon.colcon_core.shell:Creating environment descriptor '/home/asad/turtlebot0/install/turtlebot3_simulations/share/turtlebot3_simulations/hook/cmake_prefix_path.dsv'
[2.087s] INFO:colcon.colcon_core.shell:Creating environment hook '/home/asad/turtlebot0/install/turtlebot3_simulations/share/turtlebot3_simulations/hook/cmake_prefix_path.sh'
[2.088s] Level 1:colcon.colcon_core.environment:checking '/home/asad/turtlebot0/install/turtlebot3_simulations/bin'
[2.088s] Level 1:colcon.colcon_core.environment:checking '/home/asad/turtlebot0/install/turtlebot3_simulations/lib/pkgconfig/turtlebot3_simulations.pc'
[2.089s] Level 1:colcon.colcon_core.environment:checking '/home/asad/turtlebot0/install/turtlebot3_simulations/lib/python3.10/site-packages'
[2.089s] Level 1:colcon.colcon_core.environment:checking '/home/asad/turtlebot0/install/turtlebot3_simulations/bin'
[2.090s] INFO:colcon.colcon_core.shell:Creating package script '/home/asad/turtlebot0/install/turtlebot3_simulations/share/turtlebot3_simulations/package.ps1'
[2.091s] INFO:colcon.colcon_core.shell:Creating package descriptor '/home/asad/turtlebot0/install/turtlebot3_simulations/share/turtlebot3_simulations/package.dsv'
[2.092s] INFO:colcon.colcon_core.shell:Creating package script '/home/asad/turtlebot0/install/turtlebot3_simulations/share/turtlebot3_simulations/package.sh'
[2.093s] INFO:colcon.colcon_core.shell:Creating package script '/home/asad/turtlebot0/install/turtlebot3_simulations/share/turtlebot3_simulations/package.bash'
[2.093s] INFO:colcon.colcon_core.shell:Creating package script '/home/asad/turtlebot0/install/turtlebot3_simulations/share/turtlebot3_simulations/package.zsh'
[2.095s] Level 1:colcon.colcon_core.environment:create_file_with_runtime_dependencies(/home/asad/turtlebot0/install/turtlebot3_simulations/share/colcon-core/packages/turtlebot3_simulations)
[2.096s] Level 1:colcon.colcon_core.environment:create_environment_scripts_only(turtlebot3_simulations)
[2.096s] Level 1:colcon.colcon_core.environment:checking '/home/asad/turtlebot0/install/turtlebot3_simulations' for CMake module files
[2.098s] Level 1:colcon.colcon_core.environment:checking '/home/asad/turtlebot0/install/turtlebot3_simulations' for CMake config files
[2.098s] Level 1:colcon.colcon_core.shell:create_environment_hook('turtlebot3_simulations', 'cmake_prefix_path')
[2.099s] INFO:colcon.colcon_core.shell:Creating environment hook '/home/asad/turtlebot0/install/turtlebot3_simulations/share/turtlebot3_simulations/hook/cmake_prefix_path.ps1'
[2.100s] INFO:colcon.colcon_core.shell:Creating environment descriptor '/home/asad/turtlebot0/install/turtlebot3_simulations/share/turtlebot3_simulations/hook/cmake_prefix_path.dsv'
[2.100s] INFO:colcon.colcon_core.shell:Creating environment hook '/home/asad/turtlebot0/install/turtlebot3_simulations/share/turtlebot3_simulations/hook/cmake_prefix_path.sh'
[2.102s] Level 1:colcon.colcon_core.environment:checking '/home/asad/turtlebot0/install/turtlebot3_simulations/bin'
[2.102s] Level 1:colcon.colcon_core.environment:checking '/home/asad/turtlebot0/install/turtlebot3_simulations/lib/pkgconfig/turtlebot3_simulations.pc'
[2.102s] Level 1:colcon.colcon_core.environment:checking '/home/asad/turtlebot0/install/turtlebot3_simulations/lib/python3.10/site-packages'
[2.103s] Level 1:colcon.colcon_core.environment:checking '/home/asad/turtlebot0/install/turtlebot3_simulations/bin'
[2.103s] INFO:colcon.colcon_core.shell:Creating package script '/home/asad/turtlebot0/install/turtlebot3_simulations/share/turtlebot3_simulations/package.ps1'
[2.105s] INFO:colcon.colcon_core.shell:Creating package descriptor '/home/asad/turtlebot0/install/turtlebot3_simulations/share/turtlebot3_simulations/package.dsv'
[2.106s] INFO:colcon.colcon_core.shell:Creating package script '/home/asad/turtlebot0/install/turtlebot3_simulations/share/turtlebot3_simulations/package.sh'
[2.107s] INFO:colcon.colcon_core.shell:Creating package script '/home/asad/turtlebot0/install/turtlebot3_simulations/share/turtlebot3_simulations/package.bash'
[2.109s] INFO:colcon.colcon_core.shell:Creating package script '/home/asad/turtlebot0/install/turtlebot3_simulations/share/turtlebot3_simulations/package.zsh'
[2.110s] Level 1:colcon.colcon_core.environment:create_file_with_runtime_dependencies(/home/asad/turtlebot0/install/turtlebot3_simulations/share/colcon-core/packages/turtlebot3_simulations)
[2.637s] DEBUG:colcon.colcon_core.event_handler.log_command:Invoking command in '/home/asad/turtlebot0/src/turtlebot_dqn': PYTHONPATH=/home/asad/turtlebot0/build/turtlebot_dqn/prefix_override:/usr/lib/python3/dist-packages/colcon_core/task/python/colcon_distutils_commands:/home/asad/turtlebot0/install/turtlebot_dqn/lib/python3.10/site-packages:${PYTHONPATH} /usr/bin/python3 -W ignore:setup.py install is deprecated -W ignore:easy_install command is deprecated setup.py egg_info --egg-base ../../build/turtlebot_dqn build --build-base /home/asad/turtlebot0/build/turtlebot_dqn/build install --record /home/asad/turtlebot0/build/turtlebot_dqn/install.log --single-version-externally-managed install_data
[3.289s] Level 1:colcon.colcon_core.environment:checking '/home/asad/turtlebot0/install/turtlebot_dqn' for CMake module files
[3.290s] DEBUG:colcon.colcon_core.event_handler.log_command:Invoked command in '/home/asad/turtlebot0/src/turtlebot_dqn' returned '0': PYTHONPATH=/home/asad/turtlebot0/build/turtlebot_dqn/prefix_override:/usr/lib/python3/dist-packages/colcon_core/task/python/colcon_distutils_commands:/home/asad/turtlebot0/install/turtlebot_dqn/lib/python3.10/site-packages:${PYTHONPATH} /usr/bin/python3 -W ignore:setup.py install is deprecated -W ignore:easy_install command is deprecated setup.py egg_info --egg-base ../../build/turtlebot_dqn build --build-base /home/asad/turtlebot0/build/turtlebot_dqn/build install --record /home/asad/turtlebot0/build/turtlebot_dqn/install.log --single-version-externally-managed install_data
[3.291s] Level 1:colcon.colcon_core.environment:checking '/home/asad/turtlebot0/install/turtlebot_dqn' for CMake config files
[3.292s] Level 1:colcon.colcon_core.environment:checking '/home/asad/turtlebot0/install/turtlebot_dqn/lib'
[3.292s] Level 1:colcon.colcon_core.environment:checking '/home/asad/turtlebot0/install/turtlebot_dqn/bin'
[3.292s] Level 1:colcon.colcon_core.environment:checking '/home/asad/turtlebot0/install/turtlebot_dqn/lib/pkgconfig/turtlebot_dqn.pc'
[3.293s] Level 1:colcon.colcon_core.environment:checking '/home/asad/turtlebot0/install/turtlebot_dqn/lib/python3.10/site-packages'
[3.293s] Level 1:colcon.colcon_core.shell:create_environment_hook('turtlebot_dqn', 'pythonpath')
[3.293s] INFO:colcon.colcon_core.shell:Creating environment hook '/home/asad/turtlebot0/install/turtlebot_dqn/share/turtlebot_dqn/hook/pythonpath.ps1'
[3.294s] INFO:colcon.colcon_core.shell:Creating environment descriptor '/home/asad/turtlebot0/install/turtlebot_dqn/share/turtlebot_dqn/hook/pythonpath.dsv'
[3.295s] INFO:colcon.colcon_core.shell:Creating environment hook '/home/asad/turtlebot0/install/turtlebot_dqn/share/turtlebot_dqn/hook/pythonpath.sh'
[3.296s] Level 1:colcon.colcon_core.environment:checking '/home/asad/turtlebot0/install/turtlebot_dqn/bin'
[3.297s] Level 1:colcon.colcon_core.environment:create_environment_scripts_only(turtlebot_dqn)
[3.298s] INFO:colcon.colcon_core.shell:Creating package script '/home/asad/turtlebot0/install/turtlebot_dqn/share/turtlebot_dqn/package.ps1'
[3.301s] INFO:colcon.colcon_core.shell:Creating package descriptor '/home/asad/turtlebot0/install/turtlebot_dqn/share/turtlebot_dqn/package.dsv'
[3.303s] INFO:colcon.colcon_core.shell:Creating package script '/home/asad/turtlebot0/install/turtlebot_dqn/share/turtlebot_dqn/package.sh'
[3.305s] INFO:colcon.colcon_core.shell:Creating package script '/home/asad/turtlebot0/install/turtlebot_dqn/share/turtlebot_dqn/package.bash'
[3.306s] INFO:colcon.colcon_core.shell:Creating package script '/home/asad/turtlebot0/install/turtlebot_dqn/share/turtlebot_dqn/package.zsh'
[3.308s] Level 1:colcon.colcon_core.environment:create_file_with_runtime_dependencies(/home/asad/turtlebot0/install/turtlebot_dqn/share/colcon-core/packages/turtlebot_dqn)
[3.309s] DEBUG:colcon.colcon_parallel_executor.executor.parallel:closing loop
[3.311s] DEBUG:colcon.colcon_parallel_executor.executor.parallel:loop closed
[3.311s] DEBUG:colcon.colcon_parallel_executor.executor.parallel:run_until_complete finished with '0'
[3.311s] DEBUG:colcon.colcon_core.event_reactor:joining thread
[3.339s] INFO:colcon.colcon_core.plugin_system:Skipping extension 'colcon_notification.desktop_notification.terminal_notifier': Not used on non-Darwin systems
[3.339s] INFO:colcon.colcon_core.plugin_system:Skipping extension 'colcon_notification.desktop_notification.win32': Not used on non-Windows systems
[3.340s] INFO:colcon.colcon_notification.desktop_notification:Sending desktop notification using 'notify2'
[3.382s] DEBUG:colcon.colcon_core.event_reactor:joined thread
[3.384s] INFO:colcon.colcon_core.shell:Creating prefix script '/home/asad/turtlebot0/install/local_setup.ps1'
[3.387s] INFO:colcon.colcon_core.shell:Creating prefix util module '/home/asad/turtlebot0/install/_local_setup_util_ps1.py'
[3.391s] INFO:colcon.colcon_core.shell:Creating prefix chain script '/home/asad/turtlebot0/install/setup.ps1'
[3.395s] INFO:colcon.colcon_core.shell:Creating prefix script '/home/asad/turtlebot0/install/local_setup.sh'
[3.397s] INFO:colcon.colcon_core.shell:Creating prefix util module '/home/asad/turtlebot0/install/_local_setup_util_sh.py'
[3.399s] INFO:colcon.colcon_core.shell:Creating prefix chain script '/home/asad/turtlebot0/install/setup.sh'
[3.402s] INFO:colcon.colcon_core.shell:Creating prefix script '/home/asad/turtlebot0/install/local_setup.bash'
[3.404s] INFO:colcon.colcon_core.shell:Creating prefix chain script '/home/asad/turtlebot0/install/setup.bash'
[3.408s] INFO:colcon.colcon_core.shell:Creating prefix script '/home/asad/turtlebot0/install/local_setup.zsh'
[3.410s] INFO:colcon.colcon_core.shell:Creating prefix chain script '/home/asad/turtlebot0/install/setup.zsh'
