[0.039s] Invoking command in '/home/asad/turtlebot0/build/turtlebot3_simulations': CMAKE_PREFIX_PATH=/home/asad/turtlebot0/install/turtlebot3_gazebo:/home/asad/turtlebot0/install/turtlebot3_fake_node:/home/asad/turtlebot0/install/turtlebot3_simulations:/home/asad/turtlebot0/install/turtlebot_dqn:/opt/ros/humble /usr/bin/cmake --build /home/asad/turtlebot0/build/turtlebot3_simulations -- -j4 -l4
[0.189s] Invoked command in '/home/asad/turtlebot0/build/turtlebot3_simulations' returned '0': CMAKE_PREFIX_PATH=/home/asad/turtlebot0/install/turtlebot3_gazebo:/home/asad/turtlebot0/install/turtlebot3_fake_node:/home/asad/turtlebot0/install/turtlebot3_simulations:/home/asad/turtlebot0/install/turtlebot_dqn:/opt/ros/humble /usr/bin/cmake --build /home/asad/turtlebot0/build/turtlebot3_simulations -- -j4 -l4
[0.191s] Invoking command in '/home/asad/turtlebot0/build/turtlebot3_simulations': CMAKE_PREFIX_PATH=/home/asad/turtlebot0/install/turtlebot3_gazebo:/home/asad/turtlebot0/install/turtlebot3_fake_node:/home/asad/turtlebot0/install/turtlebot3_simulations:/home/asad/turtlebot0/install/turtlebot_dqn:/opt/ros/humble /usr/bin/cmake --install /home/asad/turtlebot0/build/turtlebot3_simulations
[0.222s] -- Install configuration: ""
[0.224s] -- Execute custom install script
[0.226s] -- Up-to-date symlink: /home/asad/turtlebot0/install/turtlebot3_simulations/share/ament_index/resource_index/package_run_dependencies/turtlebot3_simulations
[0.227s] -- Up-to-date symlink: /home/asad/turtlebot0/install/turtlebot3_simulations/share/ament_index/resource_index/parent_prefix_path/turtlebot3_simulations
[0.229s] -- Up-to-date symlink: /home/asad/turtlebot0/install/turtlebot3_simulations/share/turtlebot3_simulations/environment/ament_prefix_path.sh
[0.230s] -- Up-to-date symlink: /home/asad/turtlebot0/install/turtlebot3_simulations/share/turtlebot3_simulations/environment/ament_prefix_path.dsv
[0.231s] -- Up-to-date symlink: /home/asad/turtlebot0/install/turtlebot3_simulations/share/turtlebot3_simulations/environment/path.sh
[0.231s] -- Up-to-date symlink: /home/asad/turtlebot0/install/turtlebot3_simulations/share/turtlebot3_simulations/environment/path.dsv
[0.231s] -- Up-to-date symlink: /home/asad/turtlebot0/install/turtlebot3_simulations/share/turtlebot3_simulations/local_setup.bash
[0.231s] -- Up-to-date symlink: /home/asad/turtlebot0/install/turtlebot3_simulations/share/turtlebot3_simulations/local_setup.sh
[0.232s] -- Up-to-date symlink: /home/asad/turtlebot0/install/turtlebot3_simulations/share/turtlebot3_simulations/local_setup.zsh
[0.232s] -- Up-to-date symlink: /home/asad/turtlebot0/install/turtlebot3_simulations/share/turtlebot3_simulations/local_setup.dsv
[0.232s] -- Symlinking: /home/asad/turtlebot0/install/turtlebot3_simulations/share/turtlebot3_simulations/package.dsv
[0.268s] -- Up-to-date symlink: /home/asad/turtlebot0/install/turtlebot3_simulations/share/ament_index/resource_index/packages/turtlebot3_simulations
[0.269s] -- Up-to-date symlink: /home/asad/turtlebot0/install/turtlebot3_simulations/share/turtlebot3_simulations/cmake/turtlebot3_simulationsConfig.cmake
[0.269s] -- Up-to-date symlink: /home/asad/turtlebot0/install/turtlebot3_simulations/share/turtlebot3_simulations/cmake/turtlebot3_simulationsConfig-version.cmake
[0.269s] -- Up-to-date symlink: /home/asad/turtlebot0/install/turtlebot3_simulations/share/turtlebot3_simulations/package.xml
[0.279s] Invoked command in '/home/asad/turtlebot0/build/turtlebot3_simulations' returned '0': CMAKE_PREFIX_PATH=/home/asad/turtlebot0/install/turtlebot3_gazebo:/home/asad/turtlebot0/install/turtlebot3_fake_node:/home/asad/turtlebot0/install/turtlebot3_simulations:/home/asad/turtlebot0/install/turtlebot_dqn:/opt/ros/humble /usr/bin/cmake --install /home/asad/turtlebot0/build/turtlebot3_simulations
