[0.026s] Invoking command in '/home/asad/turtlebot0/build/turtlebot3_simulations': CMAKE_PREFIX_PATH=/home/asad/turtlebot0/install/turtlebot3_gazebo:/home/asad/turtlebot0/install/turtlebot3_fake_node:/home/asad/turtlebot0/install/turtlebot3_simulations:/opt/ros/humble /usr/bin/cmake /home/asad/turtlebot0/src/turtlebot3_simulations/turtlebot3_simulations -DCMAKE_INSTALL_PREFIX=/home/asad/turtlebot0/install/turtlebot3_simulations
[0.051s] -- Found ament_cmake: 1.3.11 (/opt/ros/humble/share/ament_cmake/cmake)
[0.314s] -- Override CMake install command with custom implementation using symlinks instead of copying resources
[0.476s] -- Configuring done
[0.488s] -- Generating done
[0.494s] -- Build files have been written to: /home/asad/turtlebot0/build/turtlebot3_simulations
[0.500s] Invoked command in '/home/asad/turtlebot0/build/turtlebot3_simulations' returned '0': CMAKE_PREFIX_PATH=/home/asad/turtlebot0/install/turtlebot3_gazebo:/home/asad/turtlebot0/install/turtlebot3_fake_node:/home/asad/turtlebot0/install/turtlebot3_simulations:/opt/ros/humble /usr/bin/cmake /home/asad/turtlebot0/src/turtlebot3_simulations/turtlebot3_simulations -DCMAKE_INSTALL_PREFIX=/home/asad/turtlebot0/install/turtlebot3_simulations
[0.506s] Invoking command in '/home/asad/turtlebot0/build/turtlebot3_simulations': CMAKE_PREFIX_PATH=/home/asad/turtlebot0/install/turtlebot3_gazebo:/home/asad/turtlebot0/install/turtlebot3_fake_node:/home/asad/turtlebot0/install/turtlebot3_simulations:/opt/ros/humble /usr/bin/cmake --build /home/asad/turtlebot0/build/turtlebot3_simulations -- -j4 -l4
[0.586s] Invoked command in '/home/asad/turtlebot0/build/turtlebot3_simulations' returned '0': CMAKE_PREFIX_PATH=/home/asad/turtlebot0/install/turtlebot3_gazebo:/home/asad/turtlebot0/install/turtlebot3_fake_node:/home/asad/turtlebot0/install/turtlebot3_simulations:/opt/ros/humble /usr/bin/cmake --build /home/asad/turtlebot0/build/turtlebot3_simulations -- -j4 -l4
[0.590s] Invoking command in '/home/asad/turtlebot0/build/turtlebot3_simulations': CMAKE_PREFIX_PATH=/home/asad/turtlebot0/install/turtlebot3_gazebo:/home/asad/turtlebot0/install/turtlebot3_fake_node:/home/asad/turtlebot0/install/turtlebot3_simulations:/opt/ros/humble /usr/bin/cmake --install /home/asad/turtlebot0/build/turtlebot3_simulations
[0.606s] -- Install configuration: ""
[0.607s] -- Execute custom install script
[0.608s] -- Up-to-date symlink: /home/asad/turtlebot0/install/turtlebot3_simulations/share/ament_index/resource_index/package_run_dependencies/turtlebot3_simulations
[0.609s] -- Up-to-date symlink: /home/asad/turtlebot0/install/turtlebot3_simulations/share/ament_index/resource_index/parent_prefix_path/turtlebot3_simulations
[0.610s] -- Up-to-date symlink: /home/asad/turtlebot0/install/turtlebot3_simulations/share/turtlebot3_simulations/environment/ament_prefix_path.sh
[0.610s] -- Up-to-date symlink: /home/asad/turtlebot0/install/turtlebot3_simulations/share/turtlebot3_simulations/environment/ament_prefix_path.dsv
[0.611s] -- Up-to-date symlink: /home/asad/turtlebot0/install/turtlebot3_simulations/share/turtlebot3_simulations/environment/path.sh
[0.612s] -- Up-to-date symlink: /home/asad/turtlebot0/install/turtlebot3_simulations/share/turtlebot3_simulations/environment/path.dsv
[0.613s] -- Up-to-date symlink: /home/asad/turtlebot0/install/turtlebot3_simulations/share/turtlebot3_simulations/local_setup.bash
[0.613s] -- Up-to-date symlink: /home/asad/turtlebot0/install/turtlebot3_simulations/share/turtlebot3_simulations/local_setup.sh
[0.614s] -- Up-to-date symlink: /home/asad/turtlebot0/install/turtlebot3_simulations/share/turtlebot3_simulations/local_setup.zsh
[0.615s] -- Up-to-date symlink: /home/asad/turtlebot0/install/turtlebot3_simulations/share/turtlebot3_simulations/local_setup.dsv
[0.615s] -- Symlinking: /home/asad/turtlebot0/install/turtlebot3_simulations/share/turtlebot3_simulations/package.dsv
[0.636s] -- Up-to-date symlink: /home/asad/turtlebot0/install/turtlebot3_simulations/share/ament_index/resource_index/packages/turtlebot3_simulations
[0.637s] -- Up-to-date symlink: /home/asad/turtlebot0/install/turtlebot3_simulations/share/turtlebot3_simulations/cmake/turtlebot3_simulationsConfig.cmake
[0.637s] -- Up-to-date symlink: /home/asad/turtlebot0/install/turtlebot3_simulations/share/turtlebot3_simulations/cmake/turtlebot3_simulationsConfig-version.cmake
[0.638s] -- Up-to-date symlink: /home/asad/turtlebot0/install/turtlebot3_simulations/share/turtlebot3_simulations/package.xml
[0.642s] Invoked command in '/home/asad/turtlebot0/build/turtlebot3_simulations' returned '0': CMAKE_PREFIX_PATH=/home/asad/turtlebot0/install/turtlebot3_gazebo:/home/asad/turtlebot0/install/turtlebot3_fake_node:/home/asad/turtlebot0/install/turtlebot3_simulations:/opt/ros/humble /usr/bin/cmake --install /home/asad/turtlebot0/build/turtlebot3_simulations
