[0.120s] Invoking command in '/home/asad/turtlebot0/build/turtlebot3_fake_node': CMAKE_PREFIX_PATH=/opt/ros/humble /usr/bin/cmake --build /home/asad/turtlebot0/build/turtlebot3_fake_node -- -j4 -l4
[2.092s] [100%] Built target turtlebot3_fake_node
[2.124s] Invoked command in '/home/asad/turtlebot0/build/turtlebot3_fake_node' returned '0': CMAKE_PREFIX_PATH=/opt/ros/humble /usr/bin/cmake --build /home/asad/turtlebot0/build/turtlebot3_fake_node -- -j4 -l4
[2.209s] Invoking command in '/home/asad/turtlebot0/build/turtlebot3_fake_node': CMAKE_PREFIX_PATH=/opt/ros/humble /usr/bin/cmake --install /home/asad/turtlebot0/build/turtlebot3_fake_node
[2.314s] -- Install configuration: ""
[2.315s] -- Execute custom install script
[2.315s] -- Up-to-date symlink: /home/asad/turtlebot0/install/turtlebot3_fake_node/lib/turtlebot3_fake_node/turtlebot3_fake_node
[2.320s] -- Up-to-date symlink: /home/asad/turtlebot0/install/turtlebot3_fake_node/share/turtlebot3_fake_node/launch/rviz2.launch.py
[2.321s] -- Up-to-date symlink: /home/asad/turtlebot0/install/turtlebot3_fake_node/share/turtlebot3_fake_node/launch/turtlebot3_fake_node.launch.py
[2.321s] -- Up-to-date symlink: /home/asad/turtlebot0/install/turtlebot3_fake_node/share/turtlebot3_fake_node/param/burger.yaml
[2.321s] -- Up-to-date symlink: /home/asad/turtlebot0/install/turtlebot3_fake_node/share/turtlebot3_fake_node/param/waffle.yaml
[2.335s] -- Up-to-date symlink: /home/asad/turtlebot0/install/turtlebot3_fake_node/share/turtlebot3_fake_node/param/waffle_pi.yaml
[2.335s] -- Up-to-date symlink: /home/asad/turtlebot0/install/turtlebot3_fake_node/include//turtlebot3_fake_node/turtlebot3_fake_node.hpp
[2.337s] -- Up-to-date symlink: /home/asad/turtlebot0/install/turtlebot3_fake_node/share/ament_index/resource_index/package_run_dependencies/turtlebot3_fake_node
[2.341s] -- Up-to-date symlink: /home/asad/turtlebot0/install/turtlebot3_fake_node/share/ament_index/resource_index/parent_prefix_path/turtlebot3_fake_node
[2.341s] -- Up-to-date symlink: /home/asad/turtlebot0/install/turtlebot3_fake_node/share/turtlebot3_fake_node/environment/ament_prefix_path.sh
[2.342s] -- Up-to-date symlink: /home/asad/turtlebot0/install/turtlebot3_fake_node/share/turtlebot3_fake_node/environment/ament_prefix_path.dsv
[2.342s] -- Up-to-date symlink: /home/asad/turtlebot0/install/turtlebot3_fake_node/share/turtlebot3_fake_node/environment/path.sh
[2.349s] -- Up-to-date symlink: /home/asad/turtlebot0/install/turtlebot3_fake_node/share/turtlebot3_fake_node/environment/path.dsv
[2.350s] -- Up-to-date symlink: /home/asad/turtlebot0/install/turtlebot3_fake_node/share/turtlebot3_fake_node/local_setup.bash
[2.350s] -- Up-to-date symlink: /home/asad/turtlebot0/install/turtlebot3_fake_node/share/turtlebot3_fake_node/local_setup.sh
[2.350s] -- Up-to-date symlink: /home/asad/turtlebot0/install/turtlebot3_fake_node/share/turtlebot3_fake_node/local_setup.zsh
[2.351s] -- Up-to-date symlink: /home/asad/turtlebot0/install/turtlebot3_fake_node/share/turtlebot3_fake_node/local_setup.dsv
[2.351s] -- Symlinking: /home/asad/turtlebot0/install/turtlebot3_fake_node/share/turtlebot3_fake_node/package.dsv
[2.489s] -- Up-to-date symlink: /home/asad/turtlebot0/install/turtlebot3_fake_node/share/ament_index/resource_index/packages/turtlebot3_fake_node
[2.490s] -- Up-to-date symlink: /home/asad/turtlebot0/install/turtlebot3_fake_node/share/turtlebot3_fake_node/cmake/ament_cmake_export_include_directories-extras.cmake
[2.491s] -- Up-to-date symlink: /home/asad/turtlebot0/install/turtlebot3_fake_node/share/turtlebot3_fake_node/cmake/ament_cmake_export_dependencies-extras.cmake
[2.496s] -- Up-to-date symlink: /home/asad/turtlebot0/install/turtlebot3_fake_node/share/turtlebot3_fake_node/cmake/turtlebot3_fake_nodeConfig.cmake
[2.520s] -- Up-to-date symlink: /home/asad/turtlebot0/install/turtlebot3_fake_node/share/turtlebot3_fake_node/cmake/turtlebot3_fake_nodeConfig-version.cmake
[2.521s] -- Up-to-date symlink: /home/asad/turtlebot0/install/turtlebot3_fake_node/share/turtlebot3_fake_node/package.xml
[2.529s] Invoked command in '/home/asad/turtlebot0/build/turtlebot3_fake_node' returned '0': CMAKE_PREFIX_PATH=/opt/ros/humble /usr/bin/cmake --install /home/asad/turtlebot0/build/turtlebot3_fake_node
