[0.245s] DEBUG:colcon:Command line arguments: ['/usr/bin/colcon', 'build']
[0.246s] DEBUG:colcon:Parsed command line arguments: Namespace(log_base=None, log_level=None, verb_name='build', build_base='build', install_base='install', merge_install=False, symlink_install=False, test_result_base=None, continue_on_error=False, executor='parallel', parallel_workers=4, event_handlers=None, ignore_user_meta=False, metas=['./colcon.meta'], base_paths=['.'], packages_ignore=None, packages_ignore_regex=None, paths=None, packages_up_to=None, packages_up_to_regex=None, packages_above=None, packages_above_and_dependencies=None, packages_above_depth=None, packages_select_by_dep=None, packages_skip_by_dep=None, packages_skip_up_to=None, packages_select_build_failed=False, packages_skip_build_finished=False, packages_select_test_failures=False, packages_skip_test_passed=False, packages_select=None, packages_skip=None, packages_select_regex=None, packages_skip_regex=None, packages_start=None, packages_end=None, allow_overriding=[], cmake_args=None, cmake_target=None, cmake_target_skip_unavailable=False, cmake_clean_cache=False, cmake_clean_first=False, cmake_force_configure=False, ament_cmake_args=None, catkin_cmake_args=None, catkin_skip_building_tests=False, mixin_files=None, mixin=None, verb_parser=<colcon_mixin.mixin.mixin_argument.MixinArgumentDecorator object at 0x7a3042a196c0>, verb_extension=<colcon_core.verb.build.BuildVerb object at 0x7a3042a19030>, main=<bound method BuildVerb.main of <colcon_core.verb.build.BuildVerb object at 0x7a3042a19030>>, mixin_verb=('build',))
[0.649s] Level 1:colcon.colcon_core.package_discovery:discover_packages(colcon_meta) check parameters
[0.650s] Level 1:colcon.colcon_core.package_discovery:discover_packages(recursive) check parameters
[0.650s] Level 1:colcon.colcon_core.package_discovery:discover_packages(ignore) check parameters
[0.650s] Level 1:colcon.colcon_core.package_discovery:discover_packages(path) check parameters
[0.650s] Level 1:colcon.colcon_core.package_discovery:discover_packages(colcon_meta) discover
[0.650s] Level 1:colcon.colcon_core.package_discovery:discover_packages(recursive) discover
[0.650s] INFO:colcon.colcon_core.package_discovery:Crawling recursively for packages in '/home/asad/turtlebot0'
[0.651s] Level 1:colcon.colcon_core.package_identification:_identify(.) by extensions ['ignore', 'ignore_ament_install']
[0.651s] Level 1:colcon.colcon_core.package_identification:_identify(.) by extension 'ignore'
[0.651s] Level 1:colcon.colcon_core.package_identification:_identify(.) by extension 'ignore_ament_install'
[0.651s] Level 1:colcon.colcon_core.package_identification:_identify(.) by extensions ['colcon_pkg']
[0.651s] Level 1:colcon.colcon_core.package_identification:_identify(.) by extension 'colcon_pkg'
[0.652s] Level 1:colcon.colcon_core.package_identification:_identify(.) by extensions ['colcon_meta']
[0.652s] Level 1:colcon.colcon_core.package_identification:_identify(.) by extension 'colcon_meta'
[0.652s] Level 1:colcon.colcon_core.package_identification:_identify(.) by extensions ['ros']
[0.652s] Level 1:colcon.colcon_core.package_identification:_identify(.) by extension 'ros'
[0.675s] Level 1:colcon.colcon_core.package_identification:_identify(.) by extensions ['cmake', 'python']
[0.676s] Level 1:colcon.colcon_core.package_identification:_identify(.) by extension 'cmake'
[0.676s] Level 1:colcon.colcon_core.package_identification:_identify(.) by extension 'python'
[0.676s] Level 1:colcon.colcon_core.package_identification:_identify(.) by extensions ['python_setup_py']
[0.676s] Level 1:colcon.colcon_core.package_identification:_identify(.) by extension 'python_setup_py'
[0.676s] Level 1:colcon.colcon_core.package_identification:_identify(build) by extensions ['ignore', 'ignore_ament_install']
[0.677s] Level 1:colcon.colcon_core.package_identification:_identify(build) by extension 'ignore'
[0.677s] Level 1:colcon.colcon_core.package_identification:_identify(build) ignored
[0.677s] Level 1:colcon.colcon_core.package_identification:_identify(install) by extensions ['ignore', 'ignore_ament_install']
[0.678s] Level 1:colcon.colcon_core.package_identification:_identify(install) by extension 'ignore'
[0.678s] Level 1:colcon.colcon_core.package_identification:_identify(install) ignored
[0.678s] Level 1:colcon.colcon_core.package_identification:_identify(log) by extensions ['ignore', 'ignore_ament_install']
[0.678s] Level 1:colcon.colcon_core.package_identification:_identify(log) by extension 'ignore'
[0.679s] Level 1:colcon.colcon_core.package_identification:_identify(log) ignored
[0.679s] Level 1:colcon.colcon_core.package_identification:_identify(src) by extensions ['ignore', 'ignore_ament_install']
[0.679s] Level 1:colcon.colcon_core.package_identification:_identify(src) by extension 'ignore'
[0.679s] Level 1:colcon.colcon_core.package_identification:_identify(src) by extension 'ignore_ament_install'
[0.679s] Level 1:colcon.colcon_core.package_identification:_identify(src) by extensions ['colcon_pkg']
[0.680s] Level 1:colcon.colcon_core.package_identification:_identify(src) by extension 'colcon_pkg'
[0.680s] Level 1:colcon.colcon_core.package_identification:_identify(src) by extensions ['colcon_meta']
[0.680s] Level 1:colcon.colcon_core.package_identification:_identify(src) by extension 'colcon_meta'
[0.680s] Level 1:colcon.colcon_core.package_identification:_identify(src) by extensions ['ros']
[0.680s] Level 1:colcon.colcon_core.package_identification:_identify(src) by extension 'ros'
[0.680s] Level 1:colcon.colcon_core.package_identification:_identify(src) by extensions ['cmake', 'python']
[0.681s] Level 1:colcon.colcon_core.package_identification:_identify(src) by extension 'cmake'
[0.681s] Level 1:colcon.colcon_core.package_identification:_identify(src) by extension 'python'
[0.681s] Level 1:colcon.colcon_core.package_identification:_identify(src) by extensions ['python_setup_py']
[0.681s] Level 1:colcon.colcon_core.package_identification:_identify(src) by extension 'python_setup_py'
[0.681s] Level 1:colcon.colcon_core.package_identification:_identify(src/turtlebot3_simulations) by extensions ['ignore', 'ignore_ament_install']
[0.682s] Level 1:colcon.colcon_core.package_identification:_identify(src/turtlebot3_simulations) by extension 'ignore'
[0.682s] Level 1:colcon.colcon_core.package_identification:_identify(src/turtlebot3_simulations) by extension 'ignore_ament_install'
[0.682s] Level 1:colcon.colcon_core.package_identification:_identify(src/turtlebot3_simulations) by extensions ['colcon_pkg']
[0.682s] Level 1:colcon.colcon_core.package_identification:_identify(src/turtlebot3_simulations) by extension 'colcon_pkg'
[0.682s] Level 1:colcon.colcon_core.package_identification:_identify(src/turtlebot3_simulations) by extensions ['colcon_meta']
[0.682s] Level 1:colcon.colcon_core.package_identification:_identify(src/turtlebot3_simulations) by extension 'colcon_meta'
[0.683s] Level 1:colcon.colcon_core.package_identification:_identify(src/turtlebot3_simulations) by extensions ['ros']
[0.683s] Level 1:colcon.colcon_core.package_identification:_identify(src/turtlebot3_simulations) by extension 'ros'
[0.683s] Level 1:colcon.colcon_core.package_identification:_identify(src/turtlebot3_simulations) by extensions ['cmake', 'python']
[0.683s] Level 1:colcon.colcon_core.package_identification:_identify(src/turtlebot3_simulations) by extension 'cmake'
[0.683s] Level 1:colcon.colcon_core.package_identification:_identify(src/turtlebot3_simulations) by extension 'python'
[0.683s] Level 1:colcon.colcon_core.package_identification:_identify(src/turtlebot3_simulations) by extensions ['python_setup_py']
[0.683s] Level 1:colcon.colcon_core.package_identification:_identify(src/turtlebot3_simulations) by extension 'python_setup_py'
[0.684s] Level 1:colcon.colcon_core.package_identification:_identify(src/turtlebot3_simulations/turtlebot3_fake_node) by extensions ['ignore', 'ignore_ament_install']
[0.684s] Level 1:colcon.colcon_core.package_identification:_identify(src/turtlebot3_simulations/turtlebot3_fake_node) by extension 'ignore'
[0.684s] Level 1:colcon.colcon_core.package_identification:_identify(src/turtlebot3_simulations/turtlebot3_fake_node) by extension 'ignore_ament_install'
[0.685s] Level 1:colcon.colcon_core.package_identification:_identify(src/turtlebot3_simulations/turtlebot3_fake_node) by extensions ['colcon_pkg']
[0.685s] Level 1:colcon.colcon_core.package_identification:_identify(src/turtlebot3_simulations/turtlebot3_fake_node) by extension 'colcon_pkg'
[0.685s] Level 1:colcon.colcon_core.package_identification:_identify(src/turtlebot3_simulations/turtlebot3_fake_node) by extensions ['colcon_meta']
[0.685s] Level 1:colcon.colcon_core.package_identification:_identify(src/turtlebot3_simulations/turtlebot3_fake_node) by extension 'colcon_meta'
[0.685s] Level 1:colcon.colcon_core.package_identification:_identify(src/turtlebot3_simulations/turtlebot3_fake_node) by extensions ['ros']
[0.685s] Level 1:colcon.colcon_core.package_identification:_identify(src/turtlebot3_simulations/turtlebot3_fake_node) by extension 'ros'
[0.692s] DEBUG:colcon.colcon_core.package_identification:Package 'src/turtlebot3_simulations/turtlebot3_fake_node' with type 'ros.ament_cmake' and name 'turtlebot3_fake_node'
[0.692s] Level 1:colcon.colcon_core.package_identification:_identify(src/turtlebot3_simulations/turtlebot3_gazebo) by extensions ['ignore', 'ignore_ament_install']
[0.693s] Level 1:colcon.colcon_core.package_identification:_identify(src/turtlebot3_simulations/turtlebot3_gazebo) by extension 'ignore'
[0.693s] Level 1:colcon.colcon_core.package_identification:_identify(src/turtlebot3_simulations/turtlebot3_gazebo) by extension 'ignore_ament_install'
[0.693s] Level 1:colcon.colcon_core.package_identification:_identify(src/turtlebot3_simulations/turtlebot3_gazebo) by extensions ['colcon_pkg']
[0.693s] Level 1:colcon.colcon_core.package_identification:_identify(src/turtlebot3_simulations/turtlebot3_gazebo) by extension 'colcon_pkg'
[0.693s] Level 1:colcon.colcon_core.package_identification:_identify(src/turtlebot3_simulations/turtlebot3_gazebo) by extensions ['colcon_meta']
[0.693s] Level 1:colcon.colcon_core.package_identification:_identify(src/turtlebot3_simulations/turtlebot3_gazebo) by extension 'colcon_meta'
[0.694s] Level 1:colcon.colcon_core.package_identification:_identify(src/turtlebot3_simulations/turtlebot3_gazebo) by extensions ['ros']
[0.694s] Level 1:colcon.colcon_core.package_identification:_identify(src/turtlebot3_simulations/turtlebot3_gazebo) by extension 'ros'
[0.696s] DEBUG:colcon.colcon_core.package_identification:Package 'src/turtlebot3_simulations/turtlebot3_gazebo' with type 'ros.ament_cmake' and name 'turtlebot3_gazebo'
[0.696s] Level 1:colcon.colcon_core.package_identification:_identify(src/turtlebot3_simulations/turtlebot3_simulations) by extensions ['ignore', 'ignore_ament_install']
[0.697s] Level 1:colcon.colcon_core.package_identification:_identify(src/turtlebot3_simulations/turtlebot3_simulations) by extension 'ignore'
[0.697s] Level 1:colcon.colcon_core.package_identification:_identify(src/turtlebot3_simulations/turtlebot3_simulations) by extension 'ignore_ament_install'
[0.697s] Level 1:colcon.colcon_core.package_identification:_identify(src/turtlebot3_simulations/turtlebot3_simulations) by extensions ['colcon_pkg']
[0.697s] Level 1:colcon.colcon_core.package_identification:_identify(src/turtlebot3_simulations/turtlebot3_simulations) by extension 'colcon_pkg'
[0.697s] Level 1:colcon.colcon_core.package_identification:_identify(src/turtlebot3_simulations/turtlebot3_simulations) by extensions ['colcon_meta']
[0.697s] Level 1:colcon.colcon_core.package_identification:_identify(src/turtlebot3_simulations/turtlebot3_simulations) by extension 'colcon_meta'
[0.698s] Level 1:colcon.colcon_core.package_identification:_identify(src/turtlebot3_simulations/turtlebot3_simulations) by extensions ['ros']
[0.698s] Level 1:colcon.colcon_core.package_identification:_identify(src/turtlebot3_simulations/turtlebot3_simulations) by extension 'ros'
[0.699s] DEBUG:colcon.colcon_core.package_identification:Package 'src/turtlebot3_simulations/turtlebot3_simulations' with type 'ros.ament_cmake' and name 'turtlebot3_simulations'
[0.699s] Level 1:colcon.colcon_core.package_identification:_identify(src/turtlebot_dqn) by extensions ['ignore', 'ignore_ament_install']
[0.700s] Level 1:colcon.colcon_core.package_identification:_identify(src/turtlebot_dqn) by extension 'ignore'
[0.700s] Level 1:colcon.colcon_core.package_identification:_identify(src/turtlebot_dqn) by extension 'ignore_ament_install'
[0.700s] Level 1:colcon.colcon_core.package_identification:_identify(src/turtlebot_dqn) by extensions ['colcon_pkg']
[0.700s] Level 1:colcon.colcon_core.package_identification:_identify(src/turtlebot_dqn) by extension 'colcon_pkg'
[0.700s] Level 1:colcon.colcon_core.package_identification:_identify(src/turtlebot_dqn) by extensions ['colcon_meta']
[0.700s] Level 1:colcon.colcon_core.package_identification:_identify(src/turtlebot_dqn) by extension 'colcon_meta'
[0.701s] Level 1:colcon.colcon_core.package_identification:_identify(src/turtlebot_dqn) by extensions ['ros']
[0.701s] Level 1:colcon.colcon_core.package_identification:_identify(src/turtlebot_dqn) by extension 'ros'
[0.703s] DEBUG:colcon.colcon_core.package_identification:Package 'src/turtlebot_dqn' with type 'ros.ament_python' and name 'turtlebot_dqn'
[0.703s] Level 1:colcon.colcon_core.package_discovery:discover_packages(recursive) using defaults
[0.703s] Level 1:colcon.colcon_core.package_discovery:discover_packages(ignore) discover
[0.703s] Level 1:colcon.colcon_core.package_discovery:discover_packages(ignore) using defaults
[0.703s] Level 1:colcon.colcon_core.package_discovery:discover_packages(path) discover
[0.703s] Level 1:colcon.colcon_core.package_discovery:discover_packages(path) using defaults
[0.767s] Level 1:colcon.colcon_core.package_discovery:discover_packages(prefix_path) check parameters
[0.767s] Level 1:colcon.colcon_core.package_discovery:discover_packages(prefix_path) discover
[0.771s] DEBUG:colcon.colcon_installed_package_information.package_discovery:Found 4 installed packages in /home/asad/turtlebot0/install
[0.774s] DEBUG:colcon.colcon_installed_package_information.package_discovery:Found 326 installed packages in /opt/ros/humble
[0.778s] Level 1:colcon.colcon_core.package_discovery:discover_packages(prefix_path) using defaults
[0.882s] Level 5:colcon.colcon_core.verb:set package 'turtlebot3_fake_node' build argument 'cmake_args' from command line to 'None'
[0.883s] Level 5:colcon.colcon_core.verb:set package 'turtlebot3_fake_node' build argument 'cmake_target' from command line to 'None'
[0.883s] Level 5:colcon.colcon_core.verb:set package 'turtlebot3_fake_node' build argument 'cmake_target_skip_unavailable' from command line to 'False'
[0.883s] Level 5:colcon.colcon_core.verb:set package 'turtlebot3_fake_node' build argument 'cmake_clean_cache' from command line to 'False'
[0.883s] Level 5:colcon.colcon_core.verb:set package 'turtlebot3_fake_node' build argument 'cmake_clean_first' from command line to 'False'
[0.883s] Level 5:colcon.colcon_core.verb:set package 'turtlebot3_fake_node' build argument 'cmake_force_configure' from command line to 'False'
[0.883s] Level 5:colcon.colcon_core.verb:set package 'turtlebot3_fake_node' build argument 'ament_cmake_args' from command line to 'None'
[0.883s] Level 5:colcon.colcon_core.verb:set package 'turtlebot3_fake_node' build argument 'catkin_cmake_args' from command line to 'None'
[0.883s] Level 5:colcon.colcon_core.verb:set package 'turtlebot3_fake_node' build argument 'catkin_skip_building_tests' from command line to 'False'
[0.883s] DEBUG:colcon.colcon_core.verb:Building package 'turtlebot3_fake_node' with the following arguments: {'ament_cmake_args': None, 'build_base': '/home/asad/turtlebot0/build/turtlebot3_fake_node', 'catkin_cmake_args': None, 'catkin_skip_building_tests': False, 'cmake_args': None, 'cmake_clean_cache': False, 'cmake_clean_first': False, 'cmake_force_configure': False, 'cmake_target': None, 'cmake_target_skip_unavailable': False, 'install_base': '/home/asad/turtlebot0/install/turtlebot3_fake_node', 'merge_install': False, 'path': '/home/asad/turtlebot0/src/turtlebot3_simulations/turtlebot3_fake_node', 'symlink_install': False, 'test_result_base': None}
[0.885s] Level 5:colcon.colcon_core.verb:set package 'turtlebot3_gazebo' build argument 'cmake_args' from command line to 'None'
[0.885s] Level 5:colcon.colcon_core.verb:set package 'turtlebot3_gazebo' build argument 'cmake_target' from command line to 'None'
[0.885s] Level 5:colcon.colcon_core.verb:set package 'turtlebot3_gazebo' build argument 'cmake_target_skip_unavailable' from command line to 'False'
[0.885s] Level 5:colcon.colcon_core.verb:set package 'turtlebot3_gazebo' build argument 'cmake_clean_cache' from command line to 'False'
[0.885s] Level 5:colcon.colcon_core.verb:set package 'turtlebot3_gazebo' build argument 'cmake_clean_first' from command line to 'False'
[0.885s] Level 5:colcon.colcon_core.verb:set package 'turtlebot3_gazebo' build argument 'cmake_force_configure' from command line to 'False'
[0.885s] Level 5:colcon.colcon_core.verb:set package 'turtlebot3_gazebo' build argument 'ament_cmake_args' from command line to 'None'
[0.886s] Level 5:colcon.colcon_core.verb:set package 'turtlebot3_gazebo' build argument 'catkin_cmake_args' from command line to 'None'
[0.886s] Level 5:colcon.colcon_core.verb:set package 'turtlebot3_gazebo' build argument 'catkin_skip_building_tests' from command line to 'False'
[0.886s] DEBUG:colcon.colcon_core.verb:Building package 'turtlebot3_gazebo' with the following arguments: {'ament_cmake_args': None, 'build_base': '/home/asad/turtlebot0/build/turtlebot3_gazebo', 'catkin_cmake_args': None, 'catkin_skip_building_tests': False, 'cmake_args': None, 'cmake_clean_cache': False, 'cmake_clean_first': False, 'cmake_force_configure': False, 'cmake_target': None, 'cmake_target_skip_unavailable': False, 'install_base': '/home/asad/turtlebot0/install/turtlebot3_gazebo', 'merge_install': False, 'path': '/home/asad/turtlebot0/src/turtlebot3_simulations/turtlebot3_gazebo', 'symlink_install': False, 'test_result_base': None}
[0.887s] Level 5:colcon.colcon_core.verb:set package 'turtlebot_dqn' build argument 'cmake_args' from command line to 'None'
[0.887s] Level 5:colcon.colcon_core.verb:set package 'turtlebot_dqn' build argument 'cmake_target' from command line to 'None'
[0.887s] Level 5:colcon.colcon_core.verb:set package 'turtlebot_dqn' build argument 'cmake_target_skip_unavailable' from command line to 'False'
[0.887s] Level 5:colcon.colcon_core.verb:set package 'turtlebot_dqn' build argument 'cmake_clean_cache' from command line to 'False'
[0.887s] Level 5:colcon.colcon_core.verb:set package 'turtlebot_dqn' build argument 'cmake_clean_first' from command line to 'False'
[0.887s] Level 5:colcon.colcon_core.verb:set package 'turtlebot_dqn' build argument 'cmake_force_configure' from command line to 'False'
[0.888s] Level 5:colcon.colcon_core.verb:set package 'turtlebot_dqn' build argument 'ament_cmake_args' from command line to 'None'
[0.888s] Level 5:colcon.colcon_core.verb:set package 'turtlebot_dqn' build argument 'catkin_cmake_args' from command line to 'None'
[0.888s] Level 5:colcon.colcon_core.verb:set package 'turtlebot_dqn' build argument 'catkin_skip_building_tests' from command line to 'False'
[0.888s] DEBUG:colcon.colcon_core.verb:Building package 'turtlebot_dqn' with the following arguments: {'ament_cmake_args': None, 'build_base': '/home/asad/turtlebot0/build/turtlebot_dqn', 'catkin_cmake_args': None, 'catkin_skip_building_tests': False, 'cmake_args': None, 'cmake_clean_cache': False, 'cmake_clean_first': False, 'cmake_force_configure': False, 'cmake_target': None, 'cmake_target_skip_unavailable': False, 'install_base': '/home/asad/turtlebot0/install/turtlebot_dqn', 'merge_install': False, 'path': '/home/asad/turtlebot0/src/turtlebot_dqn', 'symlink_install': False, 'test_result_base': None}
[0.890s] Level 5:colcon.colcon_core.verb:set package 'turtlebot3_simulations' build argument 'cmake_args' from command line to 'None'
[0.890s] Level 5:colcon.colcon_core.verb:set package 'turtlebot3_simulations' build argument 'cmake_target' from command line to 'None'
[0.890s] Level 5:colcon.colcon_core.verb:set package 'turtlebot3_simulations' build argument 'cmake_target_skip_unavailable' from command line to 'False'
[0.890s] Level 5:colcon.colcon_core.verb:set package 'turtlebot3_simulations' build argument 'cmake_clean_cache' from command line to 'False'
[0.890s] Level 5:colcon.colcon_core.verb:set package 'turtlebot3_simulations' build argument 'cmake_clean_first' from command line to 'False'
[0.890s] Level 5:colcon.colcon_core.verb:set package 'turtlebot3_simulations' build argument 'cmake_force_configure' from command line to 'False'
[0.890s] Level 5:colcon.colcon_core.verb:set package 'turtlebot3_simulations' build argument 'ament_cmake_args' from command line to 'None'
[0.891s] Level 5:colcon.colcon_core.verb:set package 'turtlebot3_simulations' build argument 'catkin_cmake_args' from command line to 'None'
[0.891s] Level 5:colcon.colcon_core.verb:set package 'turtlebot3_simulations' build argument 'catkin_skip_building_tests' from command line to 'False'
[0.891s] DEBUG:colcon.colcon_core.verb:Building package 'turtlebot3_simulations' with the following arguments: {'ament_cmake_args': None, 'build_base': '/home/asad/turtlebot0/build/turtlebot3_simulations', 'catkin_cmake_args': None, 'catkin_skip_building_tests': False, 'cmake_args': None, 'cmake_clean_cache': False, 'cmake_clean_first': False, 'cmake_force_configure': False, 'cmake_target': None, 'cmake_target_skip_unavailable': False, 'install_base': '/home/asad/turtlebot0/install/turtlebot3_simulations', 'merge_install': False, 'path': '/home/asad/turtlebot0/src/turtlebot3_simulations/turtlebot3_simulations', 'symlink_install': False, 'test_result_base': None}
[0.891s] INFO:colcon.colcon_core.executor:Executing jobs using 'parallel' executor
[0.894s] DEBUG:colcon.colcon_parallel_executor.executor.parallel:run_until_complete
[0.895s] INFO:colcon.colcon_ros.task.ament_cmake.build:Building ROS package in '/home/asad/turtlebot0/src/turtlebot3_simulations/turtlebot3_fake_node' with build type 'ament_cmake'
[0.896s] INFO:colcon.colcon_cmake.task.cmake.build:Building CMake package in '/home/asad/turtlebot0/src/turtlebot3_simulations/turtlebot3_fake_node'
[0.900s] INFO:colcon.colcon_core.plugin_system:Skipping extension 'colcon_core.shell.bat': Not used on non-Windows systems
[0.901s] INFO:colcon.colcon_core.shell:Skip shell extension 'powershell' for command environment: Not usable outside of PowerShell
[0.901s] DEBUG:colcon.colcon_core.shell:Skip shell extension 'dsv' for command environment
[0.910s] INFO:colcon.colcon_ros.task.ament_cmake.build:Building ROS package in '/home/asad/turtlebot0/src/turtlebot3_simulations/turtlebot3_gazebo' with build type 'ament_cmake'
[0.911s] INFO:colcon.colcon_cmake.task.cmake.build:Building CMake package in '/home/asad/turtlebot0/src/turtlebot3_simulations/turtlebot3_gazebo'
[0.912s] INFO:colcon.colcon_core.shell:Skip shell extension 'powershell' for command environment: Not usable outside of PowerShell
[0.912s] DEBUG:colcon.colcon_core.shell:Skip shell extension 'dsv' for command environment
[0.921s] INFO:colcon.colcon_ros.task.ament_python.build:Building ROS package in '/home/asad/turtlebot0/src/turtlebot_dqn' with build type 'ament_python'
[0.921s] Level 1:colcon.colcon_core.shell:create_environment_hook('turtlebot_dqn', 'ament_prefix_path')
[0.922s] INFO:colcon.colcon_core.shell:Creating environment hook '/home/asad/turtlebot0/install/turtlebot_dqn/share/turtlebot_dqn/hook/ament_prefix_path.ps1'
[0.925s] INFO:colcon.colcon_core.shell:Creating environment descriptor '/home/asad/turtlebot0/install/turtlebot_dqn/share/turtlebot_dqn/hook/ament_prefix_path.dsv'
[0.927s] INFO:colcon.colcon_core.shell:Creating environment hook '/home/asad/turtlebot0/install/turtlebot_dqn/share/turtlebot_dqn/hook/ament_prefix_path.sh'
[0.932s] INFO:colcon.colcon_core.shell:Skip shell extension 'powershell' for command environment: Not usable outside of PowerShell
[0.932s] DEBUG:colcon.colcon_core.shell:Skip shell extension 'dsv' for command environment
[0.958s] DEBUG:colcon.colcon_core.event_handler.log_command:Invoking command in '/home/asad/turtlebot0/build/turtlebot3_fake_node': CMAKE_PREFIX_PATH=${CMAKE_PREFIX_PATH}:/home/asad/turtlebot0/install/turtlebot_dqn:/opt/ros/humble /usr/bin/cmake --build /home/asad/turtlebot0/build/turtlebot3_fake_node -- -j4 -l4
[0.975s] DEBUG:colcon.colcon_core.event_handler.log_command:Invoking command in '/home/asad/turtlebot0/build/turtlebot3_gazebo': CMAKE_PREFIX_PATH=${CMAKE_PREFIX_PATH}:/home/asad/turtlebot0/install/turtlebot_dqn:/opt/ros/humble /usr/bin/cmake --build /home/asad/turtlebot0/build/turtlebot3_gazebo -- -j4 -l4
[1.700s] INFO:colcon.colcon_core.task.python.build:Building Python package in '/home/asad/turtlebot0/src/turtlebot_dqn'
[1.701s] INFO:colcon.colcon_core.shell:Skip shell extension 'powershell' for command environment: Not usable outside of PowerShell
[1.701s] DEBUG:colcon.colcon_core.shell:Skip shell extension 'dsv' for command environment
[1.711s] DEBUG:colcon.colcon_core.event_handler.log_command:Invoked command in '/home/asad/turtlebot0/build/turtlebot3_gazebo' returned '0': CMAKE_PREFIX_PATH=${CMAKE_PREFIX_PATH}:/home/asad/turtlebot0/install/turtlebot_dqn:/opt/ros/humble /usr/bin/cmake --build /home/asad/turtlebot0/build/turtlebot3_gazebo -- -j4 -l4
[1.733s] DEBUG:colcon.colcon_core.event_handler.log_command:Invoking command in '/home/asad/turtlebot0/build/turtlebot3_gazebo': CMAKE_PREFIX_PATH=${CMAKE_PREFIX_PATH}:/home/asad/turtlebot0/install/turtlebot_dqn:/opt/ros/humble /usr/bin/cmake --install /home/asad/turtlebot0/build/turtlebot3_gazebo
[1.734s] DEBUG:colcon.colcon_core.event_handler.log_command:Invoked command in '/home/asad/turtlebot0/build/turtlebot3_fake_node' returned '0': CMAKE_PREFIX_PATH=${CMAKE_PREFIX_PATH}:/home/asad/turtlebot0/install/turtlebot_dqn:/opt/ros/humble /usr/bin/cmake --build /home/asad/turtlebot0/build/turtlebot3_fake_node -- -j4 -l4
[1.738s] DEBUG:colcon.colcon_core.event_handler.log_command:Invoking command in '/home/asad/turtlebot0/build/turtlebot3_fake_node': CMAKE_PREFIX_PATH=${CMAKE_PREFIX_PATH}:/home/asad/turtlebot0/install/turtlebot_dqn:/opt/ros/humble /usr/bin/cmake --install /home/asad/turtlebot0/build/turtlebot3_fake_node
[1.827s] Level 1:colcon.colcon_core.environment:create_environment_scripts_only(turtlebot3_fake_node)
[1.830s] DEBUG:colcon.colcon_core.event_handler.log_command:Invoked command in '/home/asad/turtlebot0/build/turtlebot3_fake_node' returned '0': CMAKE_PREFIX_PATH=${CMAKE_PREFIX_PATH}:/home/asad/turtlebot0/install/turtlebot_dqn:/opt/ros/humble /usr/bin/cmake --install /home/asad/turtlebot0/build/turtlebot3_fake_node
[1.840s] Level 1:colcon.colcon_core.environment:checking '/home/asad/turtlebot0/install/turtlebot3_fake_node' for CMake module files
[1.842s] Level 1:colcon.colcon_core.environment:checking '/home/asad/turtlebot0/install/turtlebot3_fake_node' for CMake config files
[1.844s] Level 1:colcon.colcon_core.shell:create_environment_hook('turtlebot3_fake_node', 'cmake_prefix_path')
[1.844s] INFO:colcon.colcon_core.shell:Creating environment hook '/home/asad/turtlebot0/install/turtlebot3_fake_node/share/turtlebot3_fake_node/hook/cmake_prefix_path.ps1'
[1.846s] INFO:colcon.colcon_core.shell:Creating environment descriptor '/home/asad/turtlebot0/install/turtlebot3_fake_node/share/turtlebot3_fake_node/hook/cmake_prefix_path.dsv'
[1.847s] INFO:colcon.colcon_core.shell:Creating environment hook '/home/asad/turtlebot0/install/turtlebot3_fake_node/share/turtlebot3_fake_node/hook/cmake_prefix_path.sh'
[1.851s] Level 1:colcon.colcon_core.environment:checking '/home/asad/turtlebot0/install/turtlebot3_fake_node/lib'
[1.853s] Level 1:colcon.colcon_core.environment:checking '/home/asad/turtlebot0/install/turtlebot3_fake_node/bin'
[1.853s] Level 1:colcon.colcon_core.environment:checking '/home/asad/turtlebot0/install/turtlebot3_fake_node/lib/pkgconfig/turtlebot3_fake_node.pc'
[1.854s] Level 1:colcon.colcon_core.environment:checking '/home/asad/turtlebot0/install/turtlebot3_fake_node/lib/python3.10/site-packages'
[1.855s] Level 1:colcon.colcon_core.environment:checking '/home/asad/turtlebot0/install/turtlebot3_fake_node/bin'
[1.856s] INFO:colcon.colcon_core.shell:Creating package script '/home/asad/turtlebot0/install/turtlebot3_fake_node/share/turtlebot3_fake_node/package.ps1'
[1.859s] INFO:colcon.colcon_core.shell:Creating package descriptor '/home/asad/turtlebot0/install/turtlebot3_fake_node/share/turtlebot3_fake_node/package.dsv'
[1.861s] INFO:colcon.colcon_core.shell:Creating package script '/home/asad/turtlebot0/install/turtlebot3_fake_node/share/turtlebot3_fake_node/package.sh'
[1.864s] INFO:colcon.colcon_core.shell:Creating package script '/home/asad/turtlebot0/install/turtlebot3_fake_node/share/turtlebot3_fake_node/package.bash'
[1.866s] INFO:colcon.colcon_core.shell:Creating package script '/home/asad/turtlebot0/install/turtlebot3_fake_node/share/turtlebot3_fake_node/package.zsh'
[1.869s] Level 1:colcon.colcon_core.environment:create_file_with_runtime_dependencies(/home/asad/turtlebot0/install/turtlebot3_fake_node/share/colcon-core/packages/turtlebot3_fake_node)
[1.871s] Level 1:colcon.colcon_core.environment:create_environment_scripts_only(turtlebot3_fake_node)
[1.872s] Level 1:colcon.colcon_core.environment:checking '/home/asad/turtlebot0/install/turtlebot3_fake_node' for CMake module files
[1.873s] Level 1:colcon.colcon_core.environment:checking '/home/asad/turtlebot0/install/turtlebot3_fake_node' for CMake config files
[1.874s] Level 1:colcon.colcon_core.shell:create_environment_hook('turtlebot3_fake_node', 'cmake_prefix_path')
[1.875s] INFO:colcon.colcon_core.shell:Creating environment hook '/home/asad/turtlebot0/install/turtlebot3_fake_node/share/turtlebot3_fake_node/hook/cmake_prefix_path.ps1'
[1.876s] INFO:colcon.colcon_core.shell:Creating environment descriptor '/home/asad/turtlebot0/install/turtlebot3_fake_node/share/turtlebot3_fake_node/hook/cmake_prefix_path.dsv'
[1.877s] INFO:colcon.colcon_core.shell:Creating environment hook '/home/asad/turtlebot0/install/turtlebot3_fake_node/share/turtlebot3_fake_node/hook/cmake_prefix_path.sh'
[1.879s] Level 1:colcon.colcon_core.environment:checking '/home/asad/turtlebot0/install/turtlebot3_fake_node/lib'
[1.879s] Level 1:colcon.colcon_core.environment:checking '/home/asad/turtlebot0/install/turtlebot3_fake_node/bin'
[1.880s] Level 1:colcon.colcon_core.environment:checking '/home/asad/turtlebot0/install/turtlebot3_fake_node/lib/pkgconfig/turtlebot3_fake_node.pc'
[1.880s] Level 1:colcon.colcon_core.environment:checking '/home/asad/turtlebot0/install/turtlebot3_fake_node/lib/python3.10/site-packages'
[1.881s] Level 1:colcon.colcon_core.environment:checking '/home/asad/turtlebot0/install/turtlebot3_fake_node/bin'
[1.882s] INFO:colcon.colcon_core.shell:Creating package script '/home/asad/turtlebot0/install/turtlebot3_fake_node/share/turtlebot3_fake_node/package.ps1'
[1.884s] INFO:colcon.colcon_core.shell:Creating package descriptor '/home/asad/turtlebot0/install/turtlebot3_fake_node/share/turtlebot3_fake_node/package.dsv'
[1.886s] INFO:colcon.colcon_core.shell:Creating package script '/home/asad/turtlebot0/install/turtlebot3_fake_node/share/turtlebot3_fake_node/package.sh'
[1.888s] INFO:colcon.colcon_core.shell:Creating package script '/home/asad/turtlebot0/install/turtlebot3_fake_node/share/turtlebot3_fake_node/package.bash'
[1.889s] INFO:colcon.colcon_core.shell:Creating package script '/home/asad/turtlebot0/install/turtlebot3_fake_node/share/turtlebot3_fake_node/package.zsh'
[1.891s] Level 1:colcon.colcon_core.environment:create_file_with_runtime_dependencies(/home/asad/turtlebot0/install/turtlebot3_fake_node/share/colcon-core/packages/turtlebot3_fake_node)
[1.894s] Level 1:colcon.colcon_core.environment:create_environment_scripts_only(turtlebot3_gazebo)
[1.895s] Level 1:colcon.colcon_core.environment:checking '/home/asad/turtlebot0/install/turtlebot3_gazebo' for CMake module files
[1.897s] DEBUG:colcon.colcon_core.event_handler.log_command:Invoked command in '/home/asad/turtlebot0/build/turtlebot3_gazebo' returned '0': CMAKE_PREFIX_PATH=${CMAKE_PREFIX_PATH}:/home/asad/turtlebot0/install/turtlebot_dqn:/opt/ros/humble /usr/bin/cmake --install /home/asad/turtlebot0/build/turtlebot3_gazebo
[1.898s] Level 1:colcon.colcon_core.environment:checking '/home/asad/turtlebot0/install/turtlebot3_gazebo' for CMake config files
[1.900s] Level 1:colcon.colcon_core.shell:create_environment_hook('turtlebot3_gazebo', 'cmake_prefix_path')
[1.901s] INFO:colcon.colcon_core.shell:Creating environment hook '/home/asad/turtlebot0/install/turtlebot3_gazebo/share/turtlebot3_gazebo/hook/cmake_prefix_path.ps1'
[1.902s] INFO:colcon.colcon_core.shell:Creating environment descriptor '/home/asad/turtlebot0/install/turtlebot3_gazebo/share/turtlebot3_gazebo/hook/cmake_prefix_path.dsv'
[1.903s] INFO:colcon.colcon_core.shell:Creating environment hook '/home/asad/turtlebot0/install/turtlebot3_gazebo/share/turtlebot3_gazebo/hook/cmake_prefix_path.sh'
[1.905s] Level 1:colcon.colcon_core.environment:checking '/home/asad/turtlebot0/install/turtlebot3_gazebo/lib'
[1.906s] Level 1:colcon.colcon_core.environment:checking '/home/asad/turtlebot0/install/turtlebot3_gazebo/bin'
[1.906s] Level 1:colcon.colcon_core.environment:checking '/home/asad/turtlebot0/install/turtlebot3_gazebo/lib/pkgconfig/turtlebot3_gazebo.pc'
[1.907s] Level 1:colcon.colcon_core.environment:checking '/home/asad/turtlebot0/install/turtlebot3_gazebo/lib/python3.10/site-packages'
[1.908s] Level 1:colcon.colcon_core.environment:checking '/home/asad/turtlebot0/install/turtlebot3_gazebo/bin'
[1.909s] INFO:colcon.colcon_core.shell:Creating package script '/home/asad/turtlebot0/install/turtlebot3_gazebo/share/turtlebot3_gazebo/package.ps1'
[1.910s] INFO:colcon.colcon_core.shell:Creating package descriptor '/home/asad/turtlebot0/install/turtlebot3_gazebo/share/turtlebot3_gazebo/package.dsv'
[1.912s] INFO:colcon.colcon_core.shell:Creating package script '/home/asad/turtlebot0/install/turtlebot3_gazebo/share/turtlebot3_gazebo/package.sh'
[1.913s] INFO:colcon.colcon_core.shell:Creating package script '/home/asad/turtlebot0/install/turtlebot3_gazebo/share/turtlebot3_gazebo/package.bash'
[1.914s] INFO:colcon.colcon_core.shell:Creating package script '/home/asad/turtlebot0/install/turtlebot3_gazebo/share/turtlebot3_gazebo/package.zsh'
[1.916s] Level 1:colcon.colcon_core.environment:create_file_with_runtime_dependencies(/home/asad/turtlebot0/install/turtlebot3_gazebo/share/colcon-core/packages/turtlebot3_gazebo)
[1.917s] Level 1:colcon.colcon_core.environment:create_environment_scripts_only(turtlebot3_gazebo)
[1.918s] Level 1:colcon.colcon_core.environment:checking '/home/asad/turtlebot0/install/turtlebot3_gazebo' for CMake module files
[1.920s] Level 1:colcon.colcon_core.environment:checking '/home/asad/turtlebot0/install/turtlebot3_gazebo' for CMake config files
[1.922s] Level 1:colcon.colcon_core.shell:create_environment_hook('turtlebot3_gazebo', 'cmake_prefix_path')
[1.923s] INFO:colcon.colcon_core.shell:Creating environment hook '/home/asad/turtlebot0/install/turtlebot3_gazebo/share/turtlebot3_gazebo/hook/cmake_prefix_path.ps1'
[1.924s] INFO:colcon.colcon_core.shell:Creating environment descriptor '/home/asad/turtlebot0/install/turtlebot3_gazebo/share/turtlebot3_gazebo/hook/cmake_prefix_path.dsv'
[1.925s] INFO:colcon.colcon_core.shell:Creating environment hook '/home/asad/turtlebot0/install/turtlebot3_gazebo/share/turtlebot3_gazebo/hook/cmake_prefix_path.sh'
[1.927s] Level 1:colcon.colcon_core.environment:checking '/home/asad/turtlebot0/install/turtlebot3_gazebo/lib'
[1.927s] Level 1:colcon.colcon_core.environment:checking '/home/asad/turtlebot0/install/turtlebot3_gazebo/bin'
[1.928s] Level 1:colcon.colcon_core.environment:checking '/home/asad/turtlebot0/install/turtlebot3_gazebo/lib/pkgconfig/turtlebot3_gazebo.pc'
[1.928s] Level 1:colcon.colcon_core.environment:checking '/home/asad/turtlebot0/install/turtlebot3_gazebo/lib/python3.10/site-packages'
[1.929s] Level 1:colcon.colcon_core.environment:checking '/home/asad/turtlebot0/install/turtlebot3_gazebo/bin'
[1.930s] INFO:colcon.colcon_core.shell:Creating package script '/home/asad/turtlebot0/install/turtlebot3_gazebo/share/turtlebot3_gazebo/package.ps1'
[1.932s] INFO:colcon.colcon_core.shell:Creating package descriptor '/home/asad/turtlebot0/install/turtlebot3_gazebo/share/turtlebot3_gazebo/package.dsv'
[1.934s] INFO:colcon.colcon_core.shell:Creating package script '/home/asad/turtlebot0/install/turtlebot3_gazebo/share/turtlebot3_gazebo/package.sh'
[1.936s] INFO:colcon.colcon_core.shell:Creating package script '/home/asad/turtlebot0/install/turtlebot3_gazebo/share/turtlebot3_gazebo/package.bash'
[1.937s] INFO:colcon.colcon_core.shell:Creating package script '/home/asad/turtlebot0/install/turtlebot3_gazebo/share/turtlebot3_gazebo/package.zsh'
[1.939s] Level 1:colcon.colcon_core.environment:create_file_with_runtime_dependencies(/home/asad/turtlebot0/install/turtlebot3_gazebo/share/colcon-core/packages/turtlebot3_gazebo)
[1.940s] INFO:colcon.colcon_ros.task.ament_cmake.build:Building ROS package in '/home/asad/turtlebot0/src/turtlebot3_simulations/turtlebot3_simulations' with build type 'ament_cmake'
[1.940s] INFO:colcon.colcon_cmake.task.cmake.build:Building CMake package in '/home/asad/turtlebot0/src/turtlebot3_simulations/turtlebot3_simulations'
[1.941s] INFO:colcon.colcon_core.shell:Skip shell extension 'powershell' for command environment: Not usable outside of PowerShell
[1.941s] DEBUG:colcon.colcon_core.shell:Skip shell extension 'dsv' for command environment
[1.969s] DEBUG:colcon.colcon_core.event_handler.log_command:Invoking command in '/home/asad/turtlebot0/build/turtlebot3_simulations': CMAKE_PREFIX_PATH=/home/asad/turtlebot0/install/turtlebot3_gazebo:/home/asad/turtlebot0/install/turtlebot3_fake_node:/home/asad/turtlebot0/install/turtlebot3_simulations:/home/asad/turtlebot0/install/turtlebot_dqn:/opt/ros/humble /usr/bin/cmake --build /home/asad/turtlebot0/build/turtlebot3_simulations -- -j4 -l4
[2.049s] DEBUG:colcon.colcon_core.event_handler.log_command:Invoked command in '/home/asad/turtlebot0/build/turtlebot3_simulations' returned '0': CMAKE_PREFIX_PATH=/home/asad/turtlebot0/install/turtlebot3_gazebo:/home/asad/turtlebot0/install/turtlebot3_fake_node:/home/asad/turtlebot0/install/turtlebot3_simulations:/home/asad/turtlebot0/install/turtlebot_dqn:/opt/ros/humble /usr/bin/cmake --build /home/asad/turtlebot0/build/turtlebot3_simulations -- -j4 -l4
[2.053s] DEBUG:colcon.colcon_core.event_handler.log_command:Invoking command in '/home/asad/turtlebot0/build/turtlebot3_simulations': CMAKE_PREFIX_PATH=/home/asad/turtlebot0/install/turtlebot3_gazebo:/home/asad/turtlebot0/install/turtlebot3_fake_node:/home/asad/turtlebot0/install/turtlebot3_simulations:/home/asad/turtlebot0/install/turtlebot_dqn:/opt/ros/humble /usr/bin/cmake --install /home/asad/turtlebot0/build/turtlebot3_simulations
[2.109s] Level 1:colcon.colcon_core.environment:create_environment_scripts_only(turtlebot3_simulations)
[2.110s] DEBUG:colcon.colcon_core.event_handler.log_command:Invoked command in '/home/asad/turtlebot0/build/turtlebot3_simulations' returned '0': CMAKE_PREFIX_PATH=/home/asad/turtlebot0/install/turtlebot3_gazebo:/home/asad/turtlebot0/install/turtlebot3_fake_node:/home/asad/turtlebot0/install/turtlebot3_simulations:/home/asad/turtlebot0/install/turtlebot_dqn:/opt/ros/humble /usr/bin/cmake --install /home/asad/turtlebot0/build/turtlebot3_simulations
[2.111s] Level 1:colcon.colcon_core.environment:checking '/home/asad/turtlebot0/install/turtlebot3_simulations' for CMake module files
[2.112s] Level 1:colcon.colcon_core.environment:checking '/home/asad/turtlebot0/install/turtlebot3_simulations' for CMake config files
[2.113s] Level 1:colcon.colcon_core.shell:create_environment_hook('turtlebot3_simulations', 'cmake_prefix_path')
[2.113s] INFO:colcon.colcon_core.shell:Creating environment hook '/home/asad/turtlebot0/install/turtlebot3_simulations/share/turtlebot3_simulations/hook/cmake_prefix_path.ps1'
[2.114s] INFO:colcon.colcon_core.shell:Creating environment descriptor '/home/asad/turtlebot0/install/turtlebot3_simulations/share/turtlebot3_simulations/hook/cmake_prefix_path.dsv'
[2.115s] INFO:colcon.colcon_core.shell:Creating environment hook '/home/asad/turtlebot0/install/turtlebot3_simulations/share/turtlebot3_simulations/hook/cmake_prefix_path.sh'
[2.117s] Level 1:colcon.colcon_core.environment:checking '/home/asad/turtlebot0/install/turtlebot3_simulations/bin'
[2.117s] Level 1:colcon.colcon_core.environment:checking '/home/asad/turtlebot0/install/turtlebot3_simulations/lib/pkgconfig/turtlebot3_simulations.pc'
[2.118s] Level 1:colcon.colcon_core.environment:checking '/home/asad/turtlebot0/install/turtlebot3_simulations/lib/python3.10/site-packages'
[2.119s] Level 1:colcon.colcon_core.environment:checking '/home/asad/turtlebot0/install/turtlebot3_simulations/bin'
[2.119s] INFO:colcon.colcon_core.shell:Creating package script '/home/asad/turtlebot0/install/turtlebot3_simulations/share/turtlebot3_simulations/package.ps1'
[2.120s] INFO:colcon.colcon_core.shell:Creating package descriptor '/home/asad/turtlebot0/install/turtlebot3_simulations/share/turtlebot3_simulations/package.dsv'
[2.122s] INFO:colcon.colcon_core.shell:Creating package script '/home/asad/turtlebot0/install/turtlebot3_simulations/share/turtlebot3_simulations/package.sh'
[2.123s] INFO:colcon.colcon_core.shell:Creating package script '/home/asad/turtlebot0/install/turtlebot3_simulations/share/turtlebot3_simulations/package.bash'
[2.124s] INFO:colcon.colcon_core.shell:Creating package script '/home/asad/turtlebot0/install/turtlebot3_simulations/share/turtlebot3_simulations/package.zsh'
[2.125s] Level 1:colcon.colcon_core.environment:create_file_with_runtime_dependencies(/home/asad/turtlebot0/install/turtlebot3_simulations/share/colcon-core/packages/turtlebot3_simulations)
[2.127s] Level 1:colcon.colcon_core.environment:create_environment_scripts_only(turtlebot3_simulations)
[2.128s] Level 1:colcon.colcon_core.environment:checking '/home/asad/turtlebot0/install/turtlebot3_simulations' for CMake module files
[2.129s] Level 1:colcon.colcon_core.environment:checking '/home/asad/turtlebot0/install/turtlebot3_simulations' for CMake config files
[2.130s] Level 1:colcon.colcon_core.shell:create_environment_hook('turtlebot3_simulations', 'cmake_prefix_path')
[2.131s] INFO:colcon.colcon_core.shell:Creating environment hook '/home/asad/turtlebot0/install/turtlebot3_simulations/share/turtlebot3_simulations/hook/cmake_prefix_path.ps1'
[2.132s] INFO:colcon.colcon_core.shell:Creating environment descriptor '/home/asad/turtlebot0/install/turtlebot3_simulations/share/turtlebot3_simulations/hook/cmake_prefix_path.dsv'
[2.133s] INFO:colcon.colcon_core.shell:Creating environment hook '/home/asad/turtlebot0/install/turtlebot3_simulations/share/turtlebot3_simulations/hook/cmake_prefix_path.sh'
[2.135s] Level 1:colcon.colcon_core.environment:checking '/home/asad/turtlebot0/install/turtlebot3_simulations/bin'
[2.135s] Level 1:colcon.colcon_core.environment:checking '/home/asad/turtlebot0/install/turtlebot3_simulations/lib/pkgconfig/turtlebot3_simulations.pc'
[2.135s] Level 1:colcon.colcon_core.environment:checking '/home/asad/turtlebot0/install/turtlebot3_simulations/lib/python3.10/site-packages'
[2.136s] Level 1:colcon.colcon_core.environment:checking '/home/asad/turtlebot0/install/turtlebot3_simulations/bin'
[2.137s] INFO:colcon.colcon_core.shell:Creating package script '/home/asad/turtlebot0/install/turtlebot3_simulations/share/turtlebot3_simulations/package.ps1'
[2.138s] INFO:colcon.colcon_core.shell:Creating package descriptor '/home/asad/turtlebot0/install/turtlebot3_simulations/share/turtlebot3_simulations/package.dsv'
[2.139s] INFO:colcon.colcon_core.shell:Creating package script '/home/asad/turtlebot0/install/turtlebot3_simulations/share/turtlebot3_simulations/package.sh'
[2.140s] INFO:colcon.colcon_core.shell:Creating package script '/home/asad/turtlebot0/install/turtlebot3_simulations/share/turtlebot3_simulations/package.bash'
[2.142s] INFO:colcon.colcon_core.shell:Creating package script '/home/asad/turtlebot0/install/turtlebot3_simulations/share/turtlebot3_simulations/package.zsh'
[2.143s] Level 1:colcon.colcon_core.environment:create_file_with_runtime_dependencies(/home/asad/turtlebot0/install/turtlebot3_simulations/share/colcon-core/packages/turtlebot3_simulations)
[2.661s] DEBUG:colcon.colcon_core.event_handler.log_command:Invoking command in '/home/asad/turtlebot0/src/turtlebot_dqn': PYTHONPATH=/home/asad/turtlebot0/build/turtlebot_dqn/prefix_override:/usr/lib/python3/dist-packages/colcon_core/task/python/colcon_distutils_commands:/home/asad/turtlebot0/install/turtlebot_dqn/lib/python3.10/site-packages:${PYTHONPATH} /usr/bin/python3 -W ignore:setup.py install is deprecated -W ignore:easy_install command is deprecated setup.py egg_info --egg-base ../../build/turtlebot_dqn build --build-base /home/asad/turtlebot0/build/turtlebot_dqn/build install --record /home/asad/turtlebot0/build/turtlebot_dqn/install.log --single-version-externally-managed install_data
[3.317s] Level 1:colcon.colcon_core.environment:checking '/home/asad/turtlebot0/install/turtlebot_dqn' for CMake module files
[3.318s] DEBUG:colcon.colcon_core.event_handler.log_command:Invoked command in '/home/asad/turtlebot0/src/turtlebot_dqn' returned '0': PYTHONPATH=/home/asad/turtlebot0/build/turtlebot_dqn/prefix_override:/usr/lib/python3/dist-packages/colcon_core/task/python/colcon_distutils_commands:/home/asad/turtlebot0/install/turtlebot_dqn/lib/python3.10/site-packages:${PYTHONPATH} /usr/bin/python3 -W ignore:setup.py install is deprecated -W ignore:easy_install command is deprecated setup.py egg_info --egg-base ../../build/turtlebot_dqn build --build-base /home/asad/turtlebot0/build/turtlebot_dqn/build install --record /home/asad/turtlebot0/build/turtlebot_dqn/install.log --single-version-externally-managed install_data
[3.319s] Level 1:colcon.colcon_core.environment:checking '/home/asad/turtlebot0/install/turtlebot_dqn' for CMake config files
[3.320s] Level 1:colcon.colcon_core.environment:checking '/home/asad/turtlebot0/install/turtlebot_dqn/lib'
[3.320s] Level 1:colcon.colcon_core.environment:checking '/home/asad/turtlebot0/install/turtlebot_dqn/bin'
[3.321s] Level 1:colcon.colcon_core.environment:checking '/home/asad/turtlebot0/install/turtlebot_dqn/lib/pkgconfig/turtlebot_dqn.pc'
[3.321s] Level 1:colcon.colcon_core.environment:checking '/home/asad/turtlebot0/install/turtlebot_dqn/lib/python3.10/site-packages'
[3.322s] Level 1:colcon.colcon_core.shell:create_environment_hook('turtlebot_dqn', 'pythonpath')
[3.322s] INFO:colcon.colcon_core.shell:Creating environment hook '/home/asad/turtlebot0/install/turtlebot_dqn/share/turtlebot_dqn/hook/pythonpath.ps1'
[3.323s] INFO:colcon.colcon_core.shell:Creating environment descriptor '/home/asad/turtlebot0/install/turtlebot_dqn/share/turtlebot_dqn/hook/pythonpath.dsv'
[3.324s] INFO:colcon.colcon_core.shell:Creating environment hook '/home/asad/turtlebot0/install/turtlebot_dqn/share/turtlebot_dqn/hook/pythonpath.sh'
[3.327s] Level 1:colcon.colcon_core.environment:checking '/home/asad/turtlebot0/install/turtlebot_dqn/bin'
[3.327s] Level 1:colcon.colcon_core.environment:create_environment_scripts_only(turtlebot_dqn)
[3.328s] INFO:colcon.colcon_core.shell:Creating package script '/home/asad/turtlebot0/install/turtlebot_dqn/share/turtlebot_dqn/package.ps1'
[3.331s] INFO:colcon.colcon_core.shell:Creating package descriptor '/home/asad/turtlebot0/install/turtlebot_dqn/share/turtlebot_dqn/package.dsv'
[3.334s] INFO:colcon.colcon_core.shell:Creating package script '/home/asad/turtlebot0/install/turtlebot_dqn/share/turtlebot_dqn/package.sh'
[3.337s] INFO:colcon.colcon_core.shell:Creating package script '/home/asad/turtlebot0/install/turtlebot_dqn/share/turtlebot_dqn/package.bash'
[3.340s] INFO:colcon.colcon_core.shell:Creating package script '/home/asad/turtlebot0/install/turtlebot_dqn/share/turtlebot_dqn/package.zsh'
[3.342s] Level 1:colcon.colcon_core.environment:create_file_with_runtime_dependencies(/home/asad/turtlebot0/install/turtlebot_dqn/share/colcon-core/packages/turtlebot_dqn)
[3.343s] DEBUG:colcon.colcon_parallel_executor.executor.parallel:closing loop
[3.344s] DEBUG:colcon.colcon_parallel_executor.executor.parallel:loop closed
[3.345s] DEBUG:colcon.colcon_parallel_executor.executor.parallel:run_until_complete finished with '0'
[3.346s] DEBUG:colcon.colcon_core.event_reactor:joining thread
[3.368s] INFO:colcon.colcon_core.plugin_system:Skipping extension 'colcon_notification.desktop_notification.terminal_notifier': Not used on non-Darwin systems
[3.368s] INFO:colcon.colcon_core.plugin_system:Skipping extension 'colcon_notification.desktop_notification.win32': Not used on non-Windows systems
[3.369s] INFO:colcon.colcon_notification.desktop_notification:Sending desktop notification using 'notify2'
[3.415s] DEBUG:colcon.colcon_core.event_reactor:joined thread
[3.417s] INFO:colcon.colcon_core.shell:Creating prefix script '/home/asad/turtlebot0/install/local_setup.ps1'
[3.424s] INFO:colcon.colcon_core.shell:Creating prefix util module '/home/asad/turtlebot0/install/_local_setup_util_ps1.py'
[3.434s] INFO:colcon.colcon_core.shell:Creating prefix chain script '/home/asad/turtlebot0/install/setup.ps1'
[3.441s] INFO:colcon.colcon_core.shell:Creating prefix script '/home/asad/turtlebot0/install/local_setup.sh'
[3.444s] INFO:colcon.colcon_core.shell:Creating prefix util module '/home/asad/turtlebot0/install/_local_setup_util_sh.py'
[3.446s] INFO:colcon.colcon_core.shell:Creating prefix chain script '/home/asad/turtlebot0/install/setup.sh'
[3.450s] INFO:colcon.colcon_core.shell:Creating prefix script '/home/asad/turtlebot0/install/local_setup.bash'
[3.453s] INFO:colcon.colcon_core.shell:Creating prefix chain script '/home/asad/turtlebot0/install/setup.bash'
[3.459s] INFO:colcon.colcon_core.shell:Creating prefix script '/home/asad/turtlebot0/install/local_setup.zsh'
[3.460s] INFO:colcon.colcon_core.shell:Creating prefix chain script '/home/asad/turtlebot0/install/setup.zsh'
