running egg_info
writing ../../build/turtlebot_dqn/turtlebot_dqn.egg-info/PKG-INFO
writing dependency_links to ../../build/turtlebot_dqn/turtlebot_dqn.egg-info/dependency_links.txt
writing entry points to ../../build/turtlebot_dqn/turtlebot_dqn.egg-info/entry_points.txt
writing requirements to ../../build/turtlebot_dqn/turtlebot_dqn.egg-info/requires.txt
writing top-level names to ../../build/turtlebot_dqn/turtlebot_dqn.egg-info/top_level.txt
reading manifest file '../../build/turtlebot_dqn/turtlebot_dqn.egg-info/SOURCES.txt'
writing manifest file '../../build/turtlebot_dqn/turtlebot_dqn.egg-info/SOURCES.txt'
running build
running build_py
running install
running install_lib
running install_data
running install_egg_info
removing '/home/asad/turtlebot0/install/turtlebot_dqn/lib/python3.10/site-packages/turtlebot_dqn-0.0.0-py3.10.egg-info' (and everything under it)
Copying ../../build/turtlebot_dqn/turtlebot_dqn.egg-info to /home/asad/turtlebot0/install/turtlebot_dqn/lib/python3.10/site-packages/turtlebot_dqn-0.0.0-py3.10.egg-info
running install_scripts
Installing bumper_reset_node script to /home/asad/turtlebot0/install/turtlebot_dqn/lib/turtlebot_dqn
Installing dqn_node script to /home/asad/turtlebot0/install/turtlebot_dqn/lib/turtlebot_dqn
Installing goal_publisher script to /home/asad/turtlebot0/install/turtlebot_dqn/lib/turtlebot_dqn
writing list of installed files to '/home/asad/turtlebot0/build/turtlebot_dqn/install.log'
