[0.074s] Invoking command in '/home/asad/turtlebot0/build/turtlebot3_gazebo': CMAKE_PREFIX_PATH=/opt/ros/humble /usr/bin/cmake --build /home/asad/turtlebot0/build/turtlebot3_gazebo -- -j4 -l4
[0.412s] [ 25%] Built target turtlebot3_drive
[0.508s] [ 62%] Built target obstacle1
[0.511s] [ 75%] Built target obstacles
[0.547s] [100%] Built target obstacle2
[1.363s] Invoked command in '/home/asad/turtlebot0/build/turtlebot3_gazebo' returned '0': CMAKE_PREFIX_PATH=/opt/ros/humble /usr/bin/cmake --build /home/asad/turtlebot0/build/turtlebot3_gazebo -- -j4 -l4
[1.370s] Invoking command in '/home/asad/turtlebot0/build/turtlebot3_gazebo': CMAKE_PREFIX_PATH=/opt/ros/humble /usr/bin/cmake --install /home/asad/turtlebot0/build/turtlebot3_gazebo
[1.409s] -- Install configuration: ""
[1.412s] -- Execute custom install script
[1.413s] -- Up-to-date symlink: /home/asad/turtlebot0/install/turtlebot3_gazebo/lib/turtlebot3_gazebo/turtlebot3_drive
[1.414s] -- Up-to-date symlink: /home/asad/turtlebot0/install/turtlebot3_gazebo/share/turtlebot3_gazebo//launch/empty_world.launch.py
[1.421s] -- Up-to-date symlink: /home/asad/turtlebot0/install/turtlebot3_gazebo/share/turtlebot3_gazebo//launch/robot_state_publisher.launch.py
[1.422s] -- Up-to-date symlink: /home/asad/turtlebot0/install/turtlebot3_gazebo/share/turtlebot3_gazebo//launch/spawn_turtlebot3.launch.py
[1.422s] -- Up-to-date symlink: /home/asad/turtlebot0/install/turtlebot3_gazebo/share/turtlebot3_gazebo//launch/turtlebot3_dqn_stage1.launch.py
[1.422s] -- Up-to-date symlink: /home/asad/turtlebot0/install/turtlebot3_gazebo/share/turtlebot3_gazebo//launch/turtlebot3_dqn_stage2.launch.py
[1.422s] -- Up-to-date symlink: /home/asad/turtlebot0/install/turtlebot3_gazebo/share/turtlebot3_gazebo//launch/turtlebot3_dqn_stage3.launch.py
[1.423s] -- Up-to-date symlink: /home/asad/turtlebot0/install/turtlebot3_gazebo/share/turtlebot3_gazebo//launch/turtlebot3_dqn_stage4.launch.py
[1.434s] -- Up-to-date symlink: /home/asad/turtlebot0/install/turtlebot3_gazebo/share/turtlebot3_gazebo//launch/turtlebot3_house.launch.py
[1.434s] -- Up-to-date symlink: /home/asad/turtlebot0/install/turtlebot3_gazebo/share/turtlebot3_gazebo//launch/turtlebot3_world.launch.py
[1.441s] -- Up-to-date symlink: /home/asad/turtlebot0/install/turtlebot3_gazebo/share/turtlebot3_gazebo//models/turtlebot3_burger/model-1_4.sdf
[1.442s] -- Up-to-date symlink: /home/asad/turtlebot0/install/turtlebot3_gazebo/share/turtlebot3_gazebo//models/turtlebot3_burger/model.config
[1.446s] -- Up-to-date symlink: /home/asad/turtlebot0/install/turtlebot3_gazebo/share/turtlebot3_gazebo//models/turtlebot3_burger/model.sdf
[1.447s] -- Up-to-date symlink: /home/asad/turtlebot0/install/turtlebot3_gazebo/share/turtlebot3_gazebo//models/turtlebot3_common/meshes/burger_base.dae
[1.447s] -- Up-to-date symlink: /home/asad/turtlebot0/install/turtlebot3_gazebo/share/turtlebot3_gazebo//models/turtlebot3_common/meshes/lds.dae
[1.447s] -- Up-to-date symlink: /home/asad/turtlebot0/install/turtlebot3_gazebo/share/turtlebot3_gazebo//models/turtlebot3_common/meshes/r200.dae
[1.448s] -- Up-to-date symlink: /home/asad/turtlebot0/install/turtlebot3_gazebo/share/turtlebot3_gazebo//models/turtlebot3_common/meshes/tire.dae
[1.455s] -- Up-to-date symlink: /home/asad/turtlebot0/install/turtlebot3_gazebo/share/turtlebot3_gazebo//models/turtlebot3_common/meshes/waffle_base.dae
[1.456s] -- Up-to-date symlink: /home/asad/turtlebot0/install/turtlebot3_gazebo/share/turtlebot3_gazebo//models/turtlebot3_common/meshes/waffle_pi_base.dae
[1.456s] -- Up-to-date symlink: /home/asad/turtlebot0/install/turtlebot3_gazebo/share/turtlebot3_gazebo//models/turtlebot3_common/model.config
[1.456s] -- Up-to-date symlink: /home/asad/turtlebot0/install/turtlebot3_gazebo/share/turtlebot3_gazebo//models/turtlebot3_dqn_world/goal_box/model.config
[1.465s] -- Up-to-date symlink: /home/asad/turtlebot0/install/turtlebot3_gazebo/share/turtlebot3_gazebo//models/turtlebot3_dqn_world/goal_box/model.sdf
[1.467s] -- Up-to-date symlink: /home/asad/turtlebot0/install/turtlebot3_gazebo/share/turtlebot3_gazebo//models/turtlebot3_dqn_world/inner_walls/model.config
[1.469s] -- Up-to-date symlink: /home/asad/turtlebot0/install/turtlebot3_gazebo/share/turtlebot3_gazebo//models/turtlebot3_dqn_world/inner_walls/model.sdf
[1.470s] -- Up-to-date symlink: /home/asad/turtlebot0/install/turtlebot3_gazebo/share/turtlebot3_gazebo//models/turtlebot3_dqn_world/model.config
[1.471s] -- Up-to-date symlink: /home/asad/turtlebot0/install/turtlebot3_gazebo/share/turtlebot3_gazebo//models/turtlebot3_dqn_world/model.sdf
[1.474s] -- Up-to-date symlink: /home/asad/turtlebot0/install/turtlebot3_gazebo/share/turtlebot3_gazebo//models/turtlebot3_dqn_world/obstacle1/model.config
[1.474s] -- Up-to-date symlink: /home/asad/turtlebot0/install/turtlebot3_gazebo/share/turtlebot3_gazebo//models/turtlebot3_dqn_world/obstacle1/model.sdf
[1.478s] -- Up-to-date symlink: /home/asad/turtlebot0/install/turtlebot3_gazebo/share/turtlebot3_gazebo//models/turtlebot3_dqn_world/obstacle2/model.config
[1.479s] -- Up-to-date symlink: /home/asad/turtlebot0/install/turtlebot3_gazebo/share/turtlebot3_gazebo//models/turtlebot3_dqn_world/obstacle2/model.sdf
[1.482s] -- Up-to-date symlink: /home/asad/turtlebot0/install/turtlebot3_gazebo/share/turtlebot3_gazebo//models/turtlebot3_dqn_world/obstacle_plugin/CMakeLists.txt
[1.483s] -- Up-to-date symlink: /home/asad/turtlebot0/install/turtlebot3_gazebo/share/turtlebot3_gazebo//models/turtlebot3_dqn_world/obstacle_plugin/obstacle1.cc
[1.483s] -- Up-to-date symlink: /home/asad/turtlebot0/install/turtlebot3_gazebo/share/turtlebot3_gazebo//models/turtlebot3_dqn_world/obstacle_plugin/obstacle2.cc
[1.483s] -- Up-to-date symlink: /home/asad/turtlebot0/install/turtlebot3_gazebo/share/turtlebot3_gazebo//models/turtlebot3_dqn_world/obstacle_plugin/obstacles.cc
[1.486s] -- Up-to-date symlink: /home/asad/turtlebot0/install/turtlebot3_gazebo/share/turtlebot3_gazebo//models/turtlebot3_dqn_world/obstacles/model.config
[1.487s] -- Up-to-date symlink: /home/asad/turtlebot0/install/turtlebot3_gazebo/share/turtlebot3_gazebo//models/turtlebot3_dqn_world/obstacles/model.sdf
[1.489s] -- Up-to-date symlink: /home/asad/turtlebot0/install/turtlebot3_gazebo/share/turtlebot3_gazebo//models/turtlebot3_house/model.config
[1.490s] -- Up-to-date symlink: /home/asad/turtlebot0/install/turtlebot3_gazebo/share/turtlebot3_gazebo//models/turtlebot3_house/model.sdf
[1.490s] -- Up-to-date symlink: /home/asad/turtlebot0/install/turtlebot3_gazebo/share/turtlebot3_gazebo//models/turtlebot3_waffle/model-1_4.sdf
[1.492s] -- Up-to-date symlink: /home/asad/turtlebot0/install/turtlebot3_gazebo/share/turtlebot3_gazebo//models/turtlebot3_waffle/model.config
[1.492s] -- Up-to-date symlink: /home/asad/turtlebot0/install/turtlebot3_gazebo/share/turtlebot3_gazebo//models/turtlebot3_waffle/model.sdf
[1.492s] -- Up-to-date symlink: /home/asad/turtlebot0/install/turtlebot3_gazebo/share/turtlebot3_gazebo//models/turtlebot3_waffle_pi/model-1_4_.sdf
[1.494s] -- Up-to-date symlink: /home/asad/turtlebot0/install/turtlebot3_gazebo/share/turtlebot3_gazebo//models/turtlebot3_waffle_pi/model.config
[1.495s] -- Up-to-date symlink: /home/asad/turtlebot0/install/turtlebot3_gazebo/share/turtlebot3_gazebo//models/turtlebot3_waffle_pi/model.sdf
[1.497s] -- Up-to-date symlink: /home/asad/turtlebot0/install/turtlebot3_gazebo/share/turtlebot3_gazebo//models/turtlebot3_world/meshes/hexagon.dae
[1.498s] -- Up-to-date symlink: /home/asad/turtlebot0/install/turtlebot3_gazebo/share/turtlebot3_gazebo//models/turtlebot3_world/meshes/wall.dae
[1.500s] -- Up-to-date symlink: /home/asad/turtlebot0/install/turtlebot3_gazebo/share/turtlebot3_gazebo//models/turtlebot3_world/model-1_4.sdf
[1.500s] -- Up-to-date symlink: /home/asad/turtlebot0/install/turtlebot3_gazebo/share/turtlebot3_gazebo//models/turtlebot3_world/model.config
[1.505s] -- Up-to-date symlink: /home/asad/turtlebot0/install/turtlebot3_gazebo/share/turtlebot3_gazebo//models/turtlebot3_world/model.sdf
[1.505s] -- Up-to-date symlink: /home/asad/turtlebot0/install/turtlebot3_gazebo/share/turtlebot3_gazebo//rviz/tb3_gazebo.rviz
[1.507s] -- Up-to-date symlink: /home/asad/turtlebot0/install/turtlebot3_gazebo/share/turtlebot3_gazebo//urdf/common_properties.urdf
[1.509s] -- Up-to-date symlink: /home/asad/turtlebot0/install/turtlebot3_gazebo/share/turtlebot3_gazebo//urdf/turtlebot3_burger.urdf
[1.510s] -- Up-to-date symlink: /home/asad/turtlebot0/install/turtlebot3_gazebo/share/turtlebot3_gazebo//urdf/turtlebot3_waffle.urdf
[1.510s] -- Up-to-date symlink: /home/asad/turtlebot0/install/turtlebot3_gazebo/share/turtlebot3_gazebo//urdf/turtlebot3_waffle_pi.urdf
[1.520s] -- Up-to-date symlink: /home/asad/turtlebot0/install/turtlebot3_gazebo/share/turtlebot3_gazebo//worlds/empty_world.world
[1.520s] -- Up-to-date symlink: /home/asad/turtlebot0/install/turtlebot3_gazebo/share/turtlebot3_gazebo//worlds/turtlebot3_dqn_stage1.world
[1.521s] -- Up-to-date symlink: /home/asad/turtlebot0/install/turtlebot3_gazebo/share/turtlebot3_gazebo//worlds/turtlebot3_dqn_stage2.world
[1.521s] -- Up-to-date symlink: /home/asad/turtlebot0/install/turtlebot3_gazebo/share/turtlebot3_gazebo//worlds/turtlebot3_dqn_stage3.world
[1.522s] -- Up-to-date symlink: /home/asad/turtlebot0/install/turtlebot3_gazebo/share/turtlebot3_gazebo//worlds/turtlebot3_dqn_stage4.world
[1.529s] -- Up-to-date symlink: /home/asad/turtlebot0/install/turtlebot3_gazebo/share/turtlebot3_gazebo//worlds/turtlebot3_house.world
[1.529s] -- Up-to-date symlink: /home/asad/turtlebot0/install/turtlebot3_gazebo/share/turtlebot3_gazebo//worlds/turtlebot3_world.world
[1.532s] -- Up-to-date symlink: /home/asad/turtlebot0/install/turtlebot3_gazebo/include//turtlebot3_gazebo/turtlebot3_drive.hpp
[1.532s] -- Up-to-date symlink: /home/asad/turtlebot0/install/turtlebot3_gazebo/share/ament_index/resource_index/package_run_dependencies/turtlebot3_gazebo
[1.533s] -- Up-to-date symlink: /home/asad/turtlebot0/install/turtlebot3_gazebo/share/ament_index/resource_index/parent_prefix_path/turtlebot3_gazebo
[1.533s] -- Up-to-date symlink: /home/asad/turtlebot0/install/turtlebot3_gazebo/share/turtlebot3_gazebo/environment/ament_prefix_path.sh
[1.533s] -- Up-to-date symlink: /home/asad/turtlebot0/install/turtlebot3_gazebo/share/turtlebot3_gazebo/environment/ament_prefix_path.dsv
[1.537s] -- Up-to-date symlink: /home/asad/turtlebot0/install/turtlebot3_gazebo/share/turtlebot3_gazebo/environment/path.sh
[1.538s] -- Up-to-date symlink: /home/asad/turtlebot0/install/turtlebot3_gazebo/share/turtlebot3_gazebo/environment/path.dsv
[1.539s] -- Up-to-date symlink: /home/asad/turtlebot0/install/turtlebot3_gazebo/share/turtlebot3_gazebo/local_setup.bash
[1.540s] -- Up-to-date symlink: /home/asad/turtlebot0/install/turtlebot3_gazebo/share/turtlebot3_gazebo/local_setup.sh
[1.540s] -- Up-to-date symlink: /home/asad/turtlebot0/install/turtlebot3_gazebo/share/turtlebot3_gazebo/local_setup.zsh
[1.543s] -- Up-to-date symlink: /home/asad/turtlebot0/install/turtlebot3_gazebo/share/turtlebot3_gazebo/local_setup.dsv
[1.543s] -- Symlinking: /home/asad/turtlebot0/install/turtlebot3_gazebo/share/turtlebot3_gazebo/package.dsv
[1.595s] -- Up-to-date symlink: /home/asad/turtlebot0/install/turtlebot3_gazebo/share/ament_index/resource_index/packages/turtlebot3_gazebo
[1.595s] -- Up-to-date symlink: /home/asad/turtlebot0/install/turtlebot3_gazebo/share/turtlebot3_gazebo/cmake/ament_cmake_export_include_directories-extras.cmake
[1.599s] -- Up-to-date symlink: /home/asad/turtlebot0/install/turtlebot3_gazebo/share/turtlebot3_gazebo/cmake/ament_cmake_export_dependencies-extras.cmake
[1.603s] -- Up-to-date symlink: /home/asad/turtlebot0/install/turtlebot3_gazebo/share/turtlebot3_gazebo/cmake/turtlebot3_gazeboConfig.cmake
[1.604s] -- Up-to-date symlink: /home/asad/turtlebot0/install/turtlebot3_gazebo/share/turtlebot3_gazebo/cmake/turtlebot3_gazeboConfig-version.cmake
[1.605s] -- Up-to-date symlink: /home/asad/turtlebot0/install/turtlebot3_gazebo/share/turtlebot3_gazebo/package.xml
[1.643s] Invoked command in '/home/asad/turtlebot0/build/turtlebot3_gazebo' returned '0': CMAKE_PREFIX_PATH=/opt/ros/humble /usr/bin/cmake --install /home/asad/turtlebot0/build/turtlebot3_gazebo
