[0.074s] Invoking command in '/home/asad/turtlebot0/build/turtlebot3_gazebo': CMAKE_PREFIX_PATH=${CMAKE_PREFIX_PATH}:/home/asad/turtlebot0/install/turtlebot_dqn:/opt/ros/humble /usr/bin/cmake --build /home/asad/turtlebot0/build/turtlebot3_gazebo -- -j4 -l4
[0.524s] [ 25%] Built target obstacle2
[0.532s] [ 50%] Built target turtlebot3_drive
[0.543s] [ 75%] Built target obstacles
[0.565s] [100%] Built target obstacle1
[1.287s] Invoked command in '/home/asad/turtlebot0/build/turtlebot3_gazebo' returned '0': CMAKE_PREFIX_PATH=${CMAKE_PREFIX_PATH}:/home/asad/turtlebot0/install/turtlebot_dqn:/opt/ros/humble /usr/bin/cmake --build /home/asad/turtlebot0/build/turtlebot3_gazebo -- -j4 -l4
[1.305s] Invoking command in '/home/asad/turtlebot0/build/turtlebot3_gazebo': CMAKE_PREFIX_PATH=${CMAKE_PREFIX_PATH}:/home/asad/turtlebot0/install/turtlebot_dqn:/opt/ros/humble /usr/bin/cmake --install /home/asad/turtlebot0/build/turtlebot3_gazebo
[1.319s] -- Install configuration: ""
[1.327s] -- Execute custom install script
[1.328s] -- Up-to-date symlink: /home/asad/turtlebot0/install/turtlebot3_gazebo/lib/turtlebot3_gazebo/turtlebot3_drive
[1.329s] -- Up-to-date symlink: /home/asad/turtlebot0/install/turtlebot3_gazebo/share/turtlebot3_gazebo//launch/empty_world.launch.py
[1.329s] -- Up-to-date symlink: /home/asad/turtlebot0/install/turtlebot3_gazebo/share/turtlebot3_gazebo//launch/robot_state_publisher.launch.py
[1.329s] -- Up-to-date symlink: /home/asad/turtlebot0/install/turtlebot3_gazebo/share/turtlebot3_gazebo//launch/spawn_turtlebot3.launch.py
[1.330s] -- Up-to-date symlink: /home/asad/turtlebot0/install/turtlebot3_gazebo/share/turtlebot3_gazebo//launch/turtlebot3_dqn_stage1.launch.py
[1.330s] -- Up-to-date symlink: /home/asad/turtlebot0/install/turtlebot3_gazebo/share/turtlebot3_gazebo//launch/turtlebot3_dqn_stage2.launch.py
[1.330s] -- Up-to-date symlink: /home/asad/turtlebot0/install/turtlebot3_gazebo/share/turtlebot3_gazebo//launch/turtlebot3_dqn_stage3.launch.py
[1.331s] -- Up-to-date symlink: /home/asad/turtlebot0/install/turtlebot3_gazebo/share/turtlebot3_gazebo//launch/turtlebot3_dqn_stage4.launch.py
[1.333s] -- Up-to-date symlink: /home/asad/turtlebot0/install/turtlebot3_gazebo/share/turtlebot3_gazebo//launch/turtlebot3_house.launch.py
[1.333s] -- Up-to-date symlink: /home/asad/turtlebot0/install/turtlebot3_gazebo/share/turtlebot3_gazebo//launch/turtlebot3_world.launch.py
[1.334s] -- Up-to-date symlink: /home/asad/turtlebot0/install/turtlebot3_gazebo/share/turtlebot3_gazebo//models/turtlebot3_burger/model-1_4.sdf
[1.334s] -- Up-to-date symlink: /home/asad/turtlebot0/install/turtlebot3_gazebo/share/turtlebot3_gazebo//models/turtlebot3_burger/model.config
[1.334s] -- Up-to-date symlink: /home/asad/turtlebot0/install/turtlebot3_gazebo/share/turtlebot3_gazebo//models/turtlebot3_burger/model.sdf
[1.335s] -- Up-to-date symlink: /home/asad/turtlebot0/install/turtlebot3_gazebo/share/turtlebot3_gazebo//models/turtlebot3_common/meshes/burger_base.dae
[1.337s] -- Up-to-date symlink: /home/asad/turtlebot0/install/turtlebot3_gazebo/share/turtlebot3_gazebo//models/turtlebot3_common/meshes/lds.dae
[1.342s] -- Up-to-date symlink: /home/asad/turtlebot0/install/turtlebot3_gazebo/share/turtlebot3_gazebo//models/turtlebot3_common/meshes/r200.dae
[1.342s] -- Up-to-date symlink: /home/asad/turtlebot0/install/turtlebot3_gazebo/share/turtlebot3_gazebo//models/turtlebot3_common/meshes/tire.dae
[1.345s] -- Up-to-date symlink: /home/asad/turtlebot0/install/turtlebot3_gazebo/share/turtlebot3_gazebo//models/turtlebot3_common/meshes/waffle_base.dae
[1.346s] -- Up-to-date symlink: /home/asad/turtlebot0/install/turtlebot3_gazebo/share/turtlebot3_gazebo//models/turtlebot3_common/meshes/waffle_pi_base.dae
[1.346s] -- Up-to-date symlink: /home/asad/turtlebot0/install/turtlebot3_gazebo/share/turtlebot3_gazebo//models/turtlebot3_common/model.config
[1.350s] -- Up-to-date symlink: /home/asad/turtlebot0/install/turtlebot3_gazebo/share/turtlebot3_gazebo//models/turtlebot3_dqn_world/goal_box/model.config
[1.351s] -- Up-to-date symlink: /home/asad/turtlebot0/install/turtlebot3_gazebo/share/turtlebot3_gazebo//models/turtlebot3_dqn_world/goal_box/model.sdf
[1.352s] -- Up-to-date symlink: /home/asad/turtlebot0/install/turtlebot3_gazebo/share/turtlebot3_gazebo//models/turtlebot3_dqn_world/inner_walls/model.config
[1.353s] -- Up-to-date symlink: /home/asad/turtlebot0/install/turtlebot3_gazebo/share/turtlebot3_gazebo//models/turtlebot3_dqn_world/inner_walls/model.sdf
[1.354s] -- Up-to-date symlink: /home/asad/turtlebot0/install/turtlebot3_gazebo/share/turtlebot3_gazebo//models/turtlebot3_dqn_world/model.config
[1.354s] -- Up-to-date symlink: /home/asad/turtlebot0/install/turtlebot3_gazebo/share/turtlebot3_gazebo//models/turtlebot3_dqn_world/model.sdf
[1.354s] -- Up-to-date symlink: /home/asad/turtlebot0/install/turtlebot3_gazebo/share/turtlebot3_gazebo//models/turtlebot3_dqn_world/obstacle1/model.config
[1.355s] -- Up-to-date symlink: /home/asad/turtlebot0/install/turtlebot3_gazebo/share/turtlebot3_gazebo//models/turtlebot3_dqn_world/obstacle1/model.sdf
[1.357s] -- Up-to-date symlink: /home/asad/turtlebot0/install/turtlebot3_gazebo/share/turtlebot3_gazebo//models/turtlebot3_dqn_world/obstacle2/model.config
[1.358s] -- Up-to-date symlink: /home/asad/turtlebot0/install/turtlebot3_gazebo/share/turtlebot3_gazebo//models/turtlebot3_dqn_world/obstacle2/model.sdf
[1.358s] -- Up-to-date symlink: /home/asad/turtlebot0/install/turtlebot3_gazebo/share/turtlebot3_gazebo//models/turtlebot3_dqn_world/obstacle_plugin/CMakeLists.txt
[1.361s] -- Up-to-date symlink: /home/asad/turtlebot0/install/turtlebot3_gazebo/share/turtlebot3_gazebo//models/turtlebot3_dqn_world/obstacle_plugin/obstacle1.cc
[1.364s] -- Up-to-date symlink: /home/asad/turtlebot0/install/turtlebot3_gazebo/share/turtlebot3_gazebo//models/turtlebot3_dqn_world/obstacle_plugin/obstacle2.cc
[1.365s] -- Up-to-date symlink: /home/asad/turtlebot0/install/turtlebot3_gazebo/share/turtlebot3_gazebo//models/turtlebot3_dqn_world/obstacle_plugin/obstacles.cc
[1.365s] -- Up-to-date symlink: /home/asad/turtlebot0/install/turtlebot3_gazebo/share/turtlebot3_gazebo//models/turtlebot3_dqn_world/obstacles/model.config
[1.365s] -- Up-to-date symlink: /home/asad/turtlebot0/install/turtlebot3_gazebo/share/turtlebot3_gazebo//models/turtlebot3_dqn_world/obstacles/model.sdf
[1.366s] -- Up-to-date symlink: /home/asad/turtlebot0/install/turtlebot3_gazebo/share/turtlebot3_gazebo//models/turtlebot3_house/model.config
[1.368s] -- Up-to-date symlink: /home/asad/turtlebot0/install/turtlebot3_gazebo/share/turtlebot3_gazebo//models/turtlebot3_house/model.sdf
[1.368s] -- Up-to-date symlink: /home/asad/turtlebot0/install/turtlebot3_gazebo/share/turtlebot3_gazebo//models/turtlebot3_waffle/model-1_4.sdf
[1.373s] -- Up-to-date symlink: /home/asad/turtlebot0/install/turtlebot3_gazebo/share/turtlebot3_gazebo//models/turtlebot3_waffle/model.config
[1.373s] -- Up-to-date symlink: /home/asad/turtlebot0/install/turtlebot3_gazebo/share/turtlebot3_gazebo//models/turtlebot3_waffle/model.sdf
[1.374s] -- Up-to-date symlink: /home/asad/turtlebot0/install/turtlebot3_gazebo/share/turtlebot3_gazebo//models/turtlebot3_waffle_pi/model-1_4_.sdf
[1.374s] -- Up-to-date symlink: /home/asad/turtlebot0/install/turtlebot3_gazebo/share/turtlebot3_gazebo//models/turtlebot3_waffle_pi/model.config
[1.377s] -- Up-to-date symlink: /home/asad/turtlebot0/install/turtlebot3_gazebo/share/turtlebot3_gazebo//models/turtlebot3_waffle_pi/model.sdf
[1.378s] -- Up-to-date symlink: /home/asad/turtlebot0/install/turtlebot3_gazebo/share/turtlebot3_gazebo//models/turtlebot3_world/meshes/hexagon.dae
[1.382s] -- Up-to-date symlink: /home/asad/turtlebot0/install/turtlebot3_gazebo/share/turtlebot3_gazebo//models/turtlebot3_world/meshes/wall.dae
[1.383s] -- Up-to-date symlink: /home/asad/turtlebot0/install/turtlebot3_gazebo/share/turtlebot3_gazebo//models/turtlebot3_world/model-1_4.sdf
[1.384s] -- Up-to-date symlink: /home/asad/turtlebot0/install/turtlebot3_gazebo/share/turtlebot3_gazebo//models/turtlebot3_world/model.config
[1.386s] -- Up-to-date symlink: /home/asad/turtlebot0/install/turtlebot3_gazebo/share/turtlebot3_gazebo//models/turtlebot3_world/model.sdf
[1.386s] -- Up-to-date symlink: /home/asad/turtlebot0/install/turtlebot3_gazebo/share/turtlebot3_gazebo//rviz/tb3_gazebo.rviz
[1.386s] -- Up-to-date symlink: /home/asad/turtlebot0/install/turtlebot3_gazebo/share/turtlebot3_gazebo//urdf/common_properties.urdf
[1.387s] -- Up-to-date symlink: /home/asad/turtlebot0/install/turtlebot3_gazebo/share/turtlebot3_gazebo//urdf/turtlebot3_burger.urdf
[1.387s] -- Up-to-date symlink: /home/asad/turtlebot0/install/turtlebot3_gazebo/share/turtlebot3_gazebo//urdf/turtlebot3_waffle.urdf
[1.394s] -- Up-to-date symlink: /home/asad/turtlebot0/install/turtlebot3_gazebo/share/turtlebot3_gazebo//urdf/turtlebot3_waffle_pi.urdf
[1.395s] -- Up-to-date symlink: /home/asad/turtlebot0/install/turtlebot3_gazebo/share/turtlebot3_gazebo//worlds/empty_world.world
[1.397s] -- Up-to-date symlink: /home/asad/turtlebot0/install/turtlebot3_gazebo/share/turtlebot3_gazebo//worlds/turtlebot3_dqn_stage1.world
[1.398s] -- Up-to-date symlink: /home/asad/turtlebot0/install/turtlebot3_gazebo/share/turtlebot3_gazebo//worlds/turtlebot3_dqn_stage2.world
[1.398s] -- Up-to-date symlink: /home/asad/turtlebot0/install/turtlebot3_gazebo/share/turtlebot3_gazebo//worlds/turtlebot3_dqn_stage3.world
[1.398s] -- Up-to-date symlink: /home/asad/turtlebot0/install/turtlebot3_gazebo/share/turtlebot3_gazebo//worlds/turtlebot3_dqn_stage4.world
[1.398s] -- Up-to-date symlink: /home/asad/turtlebot0/install/turtlebot3_gazebo/share/turtlebot3_gazebo//worlds/turtlebot3_house.world
[1.399s] -- Up-to-date symlink: /home/asad/turtlebot0/install/turtlebot3_gazebo/share/turtlebot3_gazebo//worlds/turtlebot3_world.world
[1.406s] -- Up-to-date symlink: /home/asad/turtlebot0/install/turtlebot3_gazebo/include//turtlebot3_gazebo/turtlebot3_drive.hpp
[1.407s] -- Up-to-date symlink: /home/asad/turtlebot0/install/turtlebot3_gazebo/share/ament_index/resource_index/package_run_dependencies/turtlebot3_gazebo
[1.410s] -- Up-to-date symlink: /home/asad/turtlebot0/install/turtlebot3_gazebo/share/ament_index/resource_index/parent_prefix_path/turtlebot3_gazebo
[1.410s] -- Up-to-date symlink: /home/asad/turtlebot0/install/turtlebot3_gazebo/share/turtlebot3_gazebo/environment/ament_prefix_path.sh
[1.411s] -- Up-to-date symlink: /home/asad/turtlebot0/install/turtlebot3_gazebo/share/turtlebot3_gazebo/environment/ament_prefix_path.dsv
[1.411s] -- Up-to-date symlink: /home/asad/turtlebot0/install/turtlebot3_gazebo/share/turtlebot3_gazebo/environment/path.sh
[1.412s] -- Up-to-date symlink: /home/asad/turtlebot0/install/turtlebot3_gazebo/share/turtlebot3_gazebo/environment/path.dsv
[1.416s] -- Up-to-date symlink: /home/asad/turtlebot0/install/turtlebot3_gazebo/share/turtlebot3_gazebo/local_setup.bash
[1.417s] -- Up-to-date symlink: /home/asad/turtlebot0/install/turtlebot3_gazebo/share/turtlebot3_gazebo/local_setup.sh
[1.417s] -- Up-to-date symlink: /home/asad/turtlebot0/install/turtlebot3_gazebo/share/turtlebot3_gazebo/local_setup.zsh
[1.420s] -- Up-to-date symlink: /home/asad/turtlebot0/install/turtlebot3_gazebo/share/turtlebot3_gazebo/local_setup.dsv
[1.421s] -- Symlinking: /home/asad/turtlebot0/install/turtlebot3_gazebo/share/turtlebot3_gazebo/package.dsv
[1.435s] -- Up-to-date symlink: /home/asad/turtlebot0/install/turtlebot3_gazebo/share/ament_index/resource_index/packages/turtlebot3_gazebo
[1.437s] -- Up-to-date symlink: /home/asad/turtlebot0/install/turtlebot3_gazebo/share/turtlebot3_gazebo/cmake/ament_cmake_export_include_directories-extras.cmake
[1.439s] -- Up-to-date symlink: /home/asad/turtlebot0/install/turtlebot3_gazebo/share/turtlebot3_gazebo/cmake/ament_cmake_export_dependencies-extras.cmake
[1.440s] -- Up-to-date symlink: /home/asad/turtlebot0/install/turtlebot3_gazebo/share/turtlebot3_gazebo/cmake/turtlebot3_gazeboConfig.cmake
[1.445s] -- Up-to-date symlink: /home/asad/turtlebot0/install/turtlebot3_gazebo/share/turtlebot3_gazebo/cmake/turtlebot3_gazeboConfig-version.cmake
[1.446s] -- Up-to-date symlink: /home/asad/turtlebot0/install/turtlebot3_gazebo/share/turtlebot3_gazebo/package.xml
[1.454s] Invoked command in '/home/asad/turtlebot0/build/turtlebot3_gazebo' returned '0': CMAKE_PREFIX_PATH=${CMAKE_PREFIX_PATH}:/home/asad/turtlebot0/install/turtlebot_dqn:/opt/ros/humble /usr/bin/cmake --install /home/asad/turtlebot0/build/turtlebot3_gazebo
