[1.352s] Invoking command in '/home/asad/turtlebot0/src/turtlebot_dqn': PYTHONPATH=/home/asad/turtlebot0/build/turtlebot_dqn/prefix_override:/usr/lib/python3/dist-packages/colcon_core/task/python/colcon_distutils_commands:/home/asad/turtlebot0/install/turtlebot_dqn/lib/python3.10/site-packages:${PYTHONPATH} /usr/bin/python3 -W ignore:setup.py install is deprecated -W ignore:easy_install command is deprecated setup.py egg_info --egg-base ../../build/turtlebot_dqn build --build-base /home/asad/turtlebot0/build/turtlebot_dqn/build install --record /home/asad/turtlebot0/build/turtlebot_dqn/install.log --single-version-externally-managed install_data
[1.873s] running egg_info
[1.874s] writing ../../build/turtlebot_dqn/turtlebot_dqn.egg-info/PKG-INFO
[1.874s] writing dependency_links to ../../build/turtlebot_dqn/turtlebot_dqn.egg-info/dependency_links.txt
[1.875s] writing entry points to ../../build/turtlebot_dqn/turtlebot_dqn.egg-info/entry_points.txt
[1.875s] writing requirements to ../../build/turtlebot_dqn/turtlebot_dqn.egg-info/requires.txt
[1.875s] writing top-level names to ../../build/turtlebot_dqn/turtlebot_dqn.egg-info/top_level.txt
[1.879s] reading manifest file '../../build/turtlebot_dqn/turtlebot_dqn.egg-info/SOURCES.txt'
[1.881s] writing manifest file '../../build/turtlebot_dqn/turtlebot_dqn.egg-info/SOURCES.txt'
[1.881s] running build
[1.881s] running build_py
[1.882s] copying turtlebot_dqn/dqn_node.py -> /home/asad/turtlebot0/build/turtlebot_dqn/build/lib/turtlebot_dqn
[1.882s] running install
[1.882s] running install_lib
[1.884s] copying /home/asad/turtlebot0/build/turtlebot_dqn/build/lib/turtlebot_dqn/dqn_node.py -> /home/asad/turtlebot0/install/turtlebot_dqn/lib/python3.10/site-packages/turtlebot_dqn
[1.885s] byte-compiling /home/asad/turtlebot0/install/turtlebot_dqn/lib/python3.10/site-packages/turtlebot_dqn/dqn_node.py to dqn_node.cpython-310.pyc
[1.887s] running install_data
[1.888s] running install_egg_info
[1.891s] removing '/home/asad/turtlebot0/install/turtlebot_dqn/lib/python3.10/site-packages/turtlebot_dqn-0.0.0-py3.10.egg-info' (and everything under it)
[1.891s] Copying ../../build/turtlebot_dqn/turtlebot_dqn.egg-info to /home/asad/turtlebot0/install/turtlebot_dqn/lib/python3.10/site-packages/turtlebot_dqn-0.0.0-py3.10.egg-info
[1.893s] running install_scripts
[1.937s] Installing dqn_node script to /home/asad/turtlebot0/install/turtlebot_dqn/lib/turtlebot_dqn
[1.938s] writing list of installed files to '/home/asad/turtlebot0/build/turtlebot_dqn/install.log'
[1.988s] Invoked command in '/home/asad/turtlebot0/src/turtlebot_dqn' returned '0': PYTHONPATH=/home/asad/turtlebot0/build/turtlebot_dqn/prefix_override:/usr/lib/python3/dist-packages/colcon_core/task/python/colcon_distutils_commands:/home/asad/turtlebot0/install/turtlebot_dqn/lib/python3.10/site-packages:${PYTHONPATH} /usr/bin/python3 -W ignore:setup.py install is deprecated -W ignore:easy_install command is deprecated setup.py egg_info --egg-base ../../build/turtlebot_dqn build --build-base /home/asad/turtlebot0/build/turtlebot_dqn/build install --record /home/asad/turtlebot0/build/turtlebot_dqn/install.log --single-version-externally-managed install_data
