[0.033s] Invoking command in '/home/asad/turtlebot0/build/turtlebot3_gazebo': CMAKE_PREFIX_PATH=${CMAKE_PREFIX_PATH}:/opt/ros/humble /usr/bin/cmake /home/asad/turtlebot0/src/turtlebot3_simulations/turtlebot3_gazebo -DCMAKE_INSTALL_PREFIX=/home/asad/turtlebot0/install/turtlebot3_gazebo
[0.105s] -- Found ament_cmake: 1.3.11 (/opt/ros/humble/share/ament_cmake/cmake)
[0.389s] -- Override CMake install command with custom implementation using symlinks instead of copying resources
[0.444s] [33mCMake Warning (dev) at /usr/share/cmake-3.22/Modules/FindPackageHandleStandardArgs.cmake:438 (message):
[0.444s]   The package name passed to `find_package_handle_standard_args` (PkgConfig)
[0.444s]   does not match the name of the calling package (gazebo).  This can lead to
[0.444s]   problems in calling code that expects `find_package` result variables
[0.445s]   (e.g., `_FOUND`) to follow a certain pattern.
[0.445s] Call Stack (most recent call first):
[0.445s]   /usr/share/cmake-3.22/Modules/FindPkgConfig.cmake:99 (find_package_handle_standard_args)
[0.445s]   /usr/lib/x86_64-linux-gnu/cmake/gazebo/gazebo-config.cmake:72 (include)
[0.445s]   CMakeLists.txt:23 (find_package)
[0.445s] This warning is for project developers.  Use -Wno-dev to suppress it.
[0.445s] [0m
[0.538s] -- Found DART: /usr/include (Required is at least version "6.6") found components: dart 
[0.630s] -- Found Protobuf: /usr/lib/x86_64-linux-gnu/libprotobuf.so (found version "3.12.4") 
[0.635s] -- Looking for ignition-math6 -- found version 6.15.1
[0.652s] -- Searching for dependencies of ignition-math6
[0.657s] -- Looking for OGRE...
[0.669s] -- Found Ogre Ghadamon (1.9.0)
[0.670s] -- Found OGRE: optimized;/usr/lib/x86_64-linux-gnu/libOgreMain.so;debug;/usr/lib/x86_64-linux-gnu/libOgreMain.so
[0.691s] -- Looking for OGRE_Paging...
[0.691s] -- Found OGRE_Paging: optimized;/usr/lib/x86_64-linux-gnu/libOgrePaging.so;debug;/usr/lib/x86_64-linux-gnu/libOgrePaging.so
[0.691s] -- Looking for OGRE_Terrain...
[0.692s] -- Found OGRE_Terrain: optimized;/usr/lib/x86_64-linux-gnu/libOgreTerrain.so;debug;/usr/lib/x86_64-linux-gnu/libOgreTerrain.so
[0.692s] -- Looking for OGRE_Property...
[0.692s] -- Found OGRE_Property: optimized;/usr/lib/x86_64-linux-gnu/libOgreProperty.so;debug;/usr/lib/x86_64-linux-gnu/libOgreProperty.so
[0.693s] -- Looking for OGRE_RTShaderSystem...
[0.693s] -- Found OGRE_RTShaderSystem: optimized;/usr/lib/x86_64-linux-gnu/libOgreRTShaderSystem.so;debug;/usr/lib/x86_64-linux-gnu/libOgreRTShaderSystem.so
[0.693s] -- Looking for OGRE_Volume...
[0.693s] -- Found OGRE_Volume: optimized;/usr/lib/x86_64-linux-gnu/libOgreVolume.so;debug;/usr/lib/x86_64-linux-gnu/libOgreVolume.so
[0.694s] -- Looking for OGRE_Overlay...
[0.694s] -- Found OGRE_Overlay: optimized;/usr/lib/x86_64-linux-gnu/libOgreOverlay.so;debug;/usr/lib/x86_64-linux-gnu/libOgreOverlay.so
[1.008s] -- Looking for ignition-math6 -- found version 6.15.1
[1.011s] -- Looking for ignition-transport8 -- found version 8.2.1
[1.012s] -- Searching for dependencies of ignition-transport8
[1.046s] -- Found Protobuf: /usr/lib/x86_64-linux-gnu/libprotobuf.so (found suitable version "3.12.4", minimum required is "3") 
[1.067s] -- Config-file not installed for ZeroMQ -- checking for pkg-config
[1.076s] -- Checking for module 'libzmq >= 4'
[1.107s] --   Found libzmq , version 4.3.4
[1.198s] -- Checking for module 'uuid'
[1.225s] --   Found uuid, version 2.37.2
[1.290s] -- Looking for ignition-msgs5 -- found version 5.8.1
[1.292s] -- Searching for dependencies of ignition-msgs5
[1.346s] -- Looking for ignition-math6 -- found version 6.15.1
[1.360s] -- Checking for module 'tinyxml2'
[1.389s] --   Found tinyxml2, version 9.0.0
[1.460s] -- Looking for ignition-msgs5 -- found version 5.8.1
[1.462s] -- Looking for ignition-common3 -- found version 3.14.0
[1.464s] -- Searching for dependencies of ignition-common3
[1.464s] -- Looking for dlfcn.h - found
[1.465s] -- Looking for libdl - found
[1.492s] -- Searching for <ignition-common3> component [graphics]
[1.494s] -- Looking for ignition-common3-graphics -- found version 3.14.0
[1.495s] -- Searching for dependencies of ignition-common3-graphics
[1.496s] -- Looking for ignition-math6 -- found version 6.15.1
[1.499s] -- Looking for ignition-fuel_tools4 -- found version 4.4.0
[1.500s] -- Searching for dependencies of ignition-fuel_tools4
[1.583s] -- Checking for module 'jsoncpp'
[1.609s] --   Found jsoncpp, version 1.9.5
[1.696s] -- Checking for module 'libzip'
[1.737s] --   Found libzip, version 1.7.3
[1.807s] -- Looking for ignition-common3 -- found version 3.14.0
[1.808s] -- Looking for ignition-math6 -- found version 6.15.1
[1.809s] -- Looking for ignition-msgs5 -- found version 5.8.1
[1.817s] -- Found gazebo_ros_pkgs: 3.9.0 (/opt/ros/humble/share/gazebo_ros_pkgs/cmake)
[1.818s] -- Found geometry_msgs: 4.2.4 (/opt/ros/humble/share/geometry_msgs/cmake)
[1.861s] -- Found rosidl_generator_c: 3.1.6 (/opt/ros/humble/share/rosidl_generator_c/cmake)
[1.868s] -- Found rosidl_adapter: 3.1.6 (/opt/ros/humble/share/rosidl_adapter/cmake)
[1.882s] -- Found rosidl_generator_cpp: 3.1.6 (/opt/ros/humble/share/rosidl_generator_cpp/cmake)
[1.904s] -- Using all available rosidl_typesupport_c: rosidl_typesupport_fastrtps_c;rosidl_typesupport_introspection_c
[1.937s] -- Using all available rosidl_typesupport_cpp: rosidl_typesupport_fastrtps_cpp;rosidl_typesupport_introspection_cpp
[2.037s] -- Found nav_msgs: 4.2.4 (/opt/ros/humble/share/nav_msgs/cmake)
[2.076s] -- Found rclcpp: 16.0.11 (/opt/ros/humble/share/rclcpp/cmake)
[2.138s] -- Found rmw_implementation_cmake: 6.1.2 (/opt/ros/humble/share/rmw_implementation_cmake/cmake)
[2.141s] -- Found rmw_fastrtps_cpp: 6.2.7 (/opt/ros/humble/share/rmw_fastrtps_cpp/cmake)
[2.352s] -- Using RMW implementation 'rmw_fastrtps_cpp' as default
[2.441s] -- Found sensor_msgs: 4.2.4 (/opt/ros/humble/share/sensor_msgs/cmake)
[2.481s] -- Found tf2: 0.25.12 (/opt/ros/humble/share/tf2/cmake)
[2.644s] -- Configuring done
[2.739s] -- Generating done
[2.755s] -- Build files have been written to: /home/asad/turtlebot0/build/turtlebot3_gazebo
[2.774s] Invoked command in '/home/asad/turtlebot0/build/turtlebot3_gazebo' returned '0': CMAKE_PREFIX_PATH=${CMAKE_PREFIX_PATH}:/opt/ros/humble /usr/bin/cmake /home/asad/turtlebot0/src/turtlebot3_simulations/turtlebot3_gazebo -DCMAKE_INSTALL_PREFIX=/home/asad/turtlebot0/install/turtlebot3_gazebo
[2.777s] Invoking command in '/home/asad/turtlebot0/build/turtlebot3_gazebo': CMAKE_PREFIX_PATH=${CMAKE_PREFIX_PATH}:/opt/ros/humble /usr/bin/cmake --build /home/asad/turtlebot0/build/turtlebot3_gazebo -- -j4 -l4
[2.879s] [35m[1mConsolidate compiler generated dependencies of target turtlebot3_drive[0m
[2.881s] [35m[1mConsolidate compiler generated dependencies of target obstacle1[0m
[2.882s] [35m[1mConsolidate compiler generated dependencies of target obstacles[0m
[2.884s] [35m[1mConsolidate compiler generated dependencies of target obstacle2[0m
[2.931s] [ 25%] Built target turtlebot3_drive
[3.060s] [ 50%] Built target obstacles
[3.065s] [ 75%] Built target obstacle1
[3.066s] [100%] Built target obstacle2
[3.088s] Invoked command in '/home/asad/turtlebot0/build/turtlebot3_gazebo' returned '0': CMAKE_PREFIX_PATH=${CMAKE_PREFIX_PATH}:/opt/ros/humble /usr/bin/cmake --build /home/asad/turtlebot0/build/turtlebot3_gazebo -- -j4 -l4
[3.091s] Invoking command in '/home/asad/turtlebot0/build/turtlebot3_gazebo': CMAKE_PREFIX_PATH=${CMAKE_PREFIX_PATH}:/opt/ros/humble /usr/bin/cmake --install /home/asad/turtlebot0/build/turtlebot3_gazebo
[3.107s] -- Install configuration: ""
[3.108s] -- Execute custom install script
[3.109s] -- Up-to-date symlink: /home/asad/turtlebot0/install/turtlebot3_gazebo/lib/turtlebot3_gazebo/turtlebot3_drive
[3.110s] -- Up-to-date symlink: /home/asad/turtlebot0/install/turtlebot3_gazebo/share/turtlebot3_gazebo//launch/empty_world.launch.py
[3.111s] -- Up-to-date symlink: /home/asad/turtlebot0/install/turtlebot3_gazebo/share/turtlebot3_gazebo//launch/robot_state_publisher.launch.py
[3.111s] -- Up-to-date symlink: /home/asad/turtlebot0/install/turtlebot3_gazebo/share/turtlebot3_gazebo//launch/spawn_turtlebot3.launch.py
[3.112s] -- Up-to-date symlink: /home/asad/turtlebot0/install/turtlebot3_gazebo/share/turtlebot3_gazebo//launch/turtlebot3_dqn_stage1.launch.py
[3.112s] -- Up-to-date symlink: /home/asad/turtlebot0/install/turtlebot3_gazebo/share/turtlebot3_gazebo//launch/turtlebot3_dqn_stage2.launch.py
[3.112s] -- Up-to-date symlink: /home/asad/turtlebot0/install/turtlebot3_gazebo/share/turtlebot3_gazebo//launch/turtlebot3_dqn_stage3.launch.py
[3.113s] -- Up-to-date symlink: /home/asad/turtlebot0/install/turtlebot3_gazebo/share/turtlebot3_gazebo//launch/turtlebot3_dqn_stage4.launch.py
[3.113s] -- Up-to-date symlink: /home/asad/turtlebot0/install/turtlebot3_gazebo/share/turtlebot3_gazebo//launch/turtlebot3_house.launch.py
[3.113s] -- Up-to-date symlink: /home/asad/turtlebot0/install/turtlebot3_gazebo/share/turtlebot3_gazebo//launch/turtlebot3_world.launch.py
[3.115s] -- Up-to-date symlink: /home/asad/turtlebot0/install/turtlebot3_gazebo/share/turtlebot3_gazebo//models/turtlebot3_burger/model-1_4.sdf
[3.116s] -- Up-to-date symlink: /home/asad/turtlebot0/install/turtlebot3_gazebo/share/turtlebot3_gazebo//models/turtlebot3_burger/model.config
[3.116s] -- Up-to-date symlink: /home/asad/turtlebot0/install/turtlebot3_gazebo/share/turtlebot3_gazebo//models/turtlebot3_burger/model.sdf
[3.116s] -- Up-to-date symlink: /home/asad/turtlebot0/install/turtlebot3_gazebo/share/turtlebot3_gazebo//models/turtlebot3_common/meshes/burger_base.dae
[3.116s] -- Up-to-date symlink: /home/asad/turtlebot0/install/turtlebot3_gazebo/share/turtlebot3_gazebo//models/turtlebot3_common/meshes/lds.dae
[3.117s] -- Up-to-date symlink: /home/asad/turtlebot0/install/turtlebot3_gazebo/share/turtlebot3_gazebo//models/turtlebot3_common/meshes/r200.dae
[3.117s] -- Up-to-date symlink: /home/asad/turtlebot0/install/turtlebot3_gazebo/share/turtlebot3_gazebo//models/turtlebot3_common/meshes/tire.dae
[3.117s] -- Up-to-date symlink: /home/asad/turtlebot0/install/turtlebot3_gazebo/share/turtlebot3_gazebo//models/turtlebot3_common/meshes/waffle_base.dae
[3.117s] -- Up-to-date symlink: /home/asad/turtlebot0/install/turtlebot3_gazebo/share/turtlebot3_gazebo//models/turtlebot3_common/meshes/waffle_pi_base.dae
[3.117s] -- Up-to-date symlink: /home/asad/turtlebot0/install/turtlebot3_gazebo/share/turtlebot3_gazebo//models/turtlebot3_common/model.config
[3.118s] -- Up-to-date symlink: /home/asad/turtlebot0/install/turtlebot3_gazebo/share/turtlebot3_gazebo//models/turtlebot3_dqn_world/goal_box/model.config
[3.118s] -- Up-to-date symlink: /home/asad/turtlebot0/install/turtlebot3_gazebo/share/turtlebot3_gazebo//models/turtlebot3_dqn_world/goal_box/model.sdf
[3.118s] -- Up-to-date symlink: /home/asad/turtlebot0/install/turtlebot3_gazebo/share/turtlebot3_gazebo//models/turtlebot3_dqn_world/inner_walls/model.config
[3.119s] -- Up-to-date symlink: /home/asad/turtlebot0/install/turtlebot3_gazebo/share/turtlebot3_gazebo//models/turtlebot3_dqn_world/inner_walls/model.sdf
[3.119s] -- Up-to-date symlink: /home/asad/turtlebot0/install/turtlebot3_gazebo/share/turtlebot3_gazebo//models/turtlebot3_dqn_world/model.config
[3.119s] -- Up-to-date symlink: /home/asad/turtlebot0/install/turtlebot3_gazebo/share/turtlebot3_gazebo//models/turtlebot3_dqn_world/model.sdf
[3.119s] -- Up-to-date symlink: /home/asad/turtlebot0/install/turtlebot3_gazebo/share/turtlebot3_gazebo//models/turtlebot3_dqn_world/obstacle1/model.config
[3.120s] -- Up-to-date symlink: /home/asad/turtlebot0/install/turtlebot3_gazebo/share/turtlebot3_gazebo//models/turtlebot3_dqn_world/obstacle1/model.sdf
[3.120s] -- Up-to-date symlink: /home/asad/turtlebot0/install/turtlebot3_gazebo/share/turtlebot3_gazebo//models/turtlebot3_dqn_world/obstacle2/model.config
[3.120s] -- Up-to-date symlink: /home/asad/turtlebot0/install/turtlebot3_gazebo/share/turtlebot3_gazebo//models/turtlebot3_dqn_world/obstacle2/model.sdf
[3.121s] -- Up-to-date symlink: /home/asad/turtlebot0/install/turtlebot3_gazebo/share/turtlebot3_gazebo//models/turtlebot3_dqn_world/obstacle_plugin/CMakeLists.txt
[3.121s] -- Up-to-date symlink: /home/asad/turtlebot0/install/turtlebot3_gazebo/share/turtlebot3_gazebo//models/turtlebot3_dqn_world/obstacle_plugin/obstacle1.cc
[3.121s] -- Up-to-date symlink: /home/asad/turtlebot0/install/turtlebot3_gazebo/share/turtlebot3_gazebo//models/turtlebot3_dqn_world/obstacle_plugin/obstacle2.cc
[3.121s] -- Up-to-date symlink: /home/asad/turtlebot0/install/turtlebot3_gazebo/share/turtlebot3_gazebo//models/turtlebot3_dqn_world/obstacle_plugin/obstacles.cc
[3.122s] -- Up-to-date symlink: /home/asad/turtlebot0/install/turtlebot3_gazebo/share/turtlebot3_gazebo//models/turtlebot3_dqn_world/obstacles/model.config
[3.122s] -- Up-to-date symlink: /home/asad/turtlebot0/install/turtlebot3_gazebo/share/turtlebot3_gazebo//models/turtlebot3_dqn_world/obstacles/model.sdf
[3.122s] -- Up-to-date symlink: /home/asad/turtlebot0/install/turtlebot3_gazebo/share/turtlebot3_gazebo//models/turtlebot3_house/model.config
[3.123s] -- Up-to-date symlink: /home/asad/turtlebot0/install/turtlebot3_gazebo/share/turtlebot3_gazebo//models/turtlebot3_house/model.sdf
[3.123s] -- Up-to-date symlink: /home/asad/turtlebot0/install/turtlebot3_gazebo/share/turtlebot3_gazebo//models/turtlebot3_waffle/model-1_4.sdf
[3.123s] -- Up-to-date symlink: /home/asad/turtlebot0/install/turtlebot3_gazebo/share/turtlebot3_gazebo//models/turtlebot3_waffle/model.config
[3.124s] -- Up-to-date symlink: /home/asad/turtlebot0/install/turtlebot3_gazebo/share/turtlebot3_gazebo//models/turtlebot3_waffle/model.sdf
[3.124s] -- Up-to-date symlink: /home/asad/turtlebot0/install/turtlebot3_gazebo/share/turtlebot3_gazebo//models/turtlebot3_waffle_pi/model-1_4_.sdf
[3.124s] -- Up-to-date symlink: /home/asad/turtlebot0/install/turtlebot3_gazebo/share/turtlebot3_gazebo//models/turtlebot3_waffle_pi/model.config
[3.124s] -- Up-to-date symlink: /home/asad/turtlebot0/install/turtlebot3_gazebo/share/turtlebot3_gazebo//models/turtlebot3_waffle_pi/model.sdf
[3.125s] -- Up-to-date symlink: /home/asad/turtlebot0/install/turtlebot3_gazebo/share/turtlebot3_gazebo//models/turtlebot3_world/meshes/hexagon.dae
[3.125s] -- Up-to-date symlink: /home/asad/turtlebot0/install/turtlebot3_gazebo/share/turtlebot3_gazebo//models/turtlebot3_world/meshes/wall.dae
[3.125s] -- Up-to-date symlink: /home/asad/turtlebot0/install/turtlebot3_gazebo/share/turtlebot3_gazebo//models/turtlebot3_world/model-1_4.sdf
[3.125s] -- Up-to-date symlink: /home/asad/turtlebot0/install/turtlebot3_gazebo/share/turtlebot3_gazebo//models/turtlebot3_world/model.config
[3.126s] -- Up-to-date symlink: /home/asad/turtlebot0/install/turtlebot3_gazebo/share/turtlebot3_gazebo//models/turtlebot3_world/model.sdf
[3.126s] -- Up-to-date symlink: /home/asad/turtlebot0/install/turtlebot3_gazebo/share/turtlebot3_gazebo//rviz/tb3_gazebo.rviz
[3.127s] -- Up-to-date symlink: /home/asad/turtlebot0/install/turtlebot3_gazebo/share/turtlebot3_gazebo//urdf/common_properties.urdf
[3.127s] -- Up-to-date symlink: /home/asad/turtlebot0/install/turtlebot3_gazebo/share/turtlebot3_gazebo//urdf/turtlebot3_burger.urdf
[3.127s] -- Up-to-date symlink: /home/asad/turtlebot0/install/turtlebot3_gazebo/share/turtlebot3_gazebo//urdf/turtlebot3_waffle.urdf
[3.128s] -- Up-to-date symlink: /home/asad/turtlebot0/install/turtlebot3_gazebo/share/turtlebot3_gazebo//urdf/turtlebot3_waffle_pi.urdf
[3.128s] -- Up-to-date symlink: /home/asad/turtlebot0/install/turtlebot3_gazebo/share/turtlebot3_gazebo//worlds/empty_world.world
[3.129s] -- Up-to-date symlink: /home/asad/turtlebot0/install/turtlebot3_gazebo/share/turtlebot3_gazebo//worlds/turtlebot3_dqn_stage1.world
[3.129s] -- Up-to-date symlink: /home/asad/turtlebot0/install/turtlebot3_gazebo/share/turtlebot3_gazebo//worlds/turtlebot3_dqn_stage2.world
[3.129s] -- Up-to-date symlink: /home/asad/turtlebot0/install/turtlebot3_gazebo/share/turtlebot3_gazebo//worlds/turtlebot3_dqn_stage3.world
[3.130s] -- Up-to-date symlink: /home/asad/turtlebot0/install/turtlebot3_gazebo/share/turtlebot3_gazebo//worlds/turtlebot3_dqn_stage4.world
[3.130s] -- Up-to-date symlink: /home/asad/turtlebot0/install/turtlebot3_gazebo/share/turtlebot3_gazebo//worlds/turtlebot3_house.world
[3.130s] -- Up-to-date symlink: /home/asad/turtlebot0/install/turtlebot3_gazebo/share/turtlebot3_gazebo//worlds/turtlebot3_world.world
[3.131s] -- Up-to-date symlink: /home/asad/turtlebot0/install/turtlebot3_gazebo/include//turtlebot3_gazebo/turtlebot3_drive.hpp
[3.132s] -- Up-to-date symlink: /home/asad/turtlebot0/install/turtlebot3_gazebo/share/ament_index/resource_index/package_run_dependencies/turtlebot3_gazebo
[3.133s] -- Up-to-date symlink: /home/asad/turtlebot0/install/turtlebot3_gazebo/share/ament_index/resource_index/parent_prefix_path/turtlebot3_gazebo
[3.133s] -- Up-to-date symlink: /home/asad/turtlebot0/install/turtlebot3_gazebo/share/turtlebot3_gazebo/environment/ament_prefix_path.sh
[3.134s] -- Up-to-date symlink: /home/asad/turtlebot0/install/turtlebot3_gazebo/share/turtlebot3_gazebo/environment/ament_prefix_path.dsv
[3.135s] -- Up-to-date symlink: /home/asad/turtlebot0/install/turtlebot3_gazebo/share/turtlebot3_gazebo/environment/path.sh
[3.135s] -- Up-to-date symlink: /home/asad/turtlebot0/install/turtlebot3_gazebo/share/turtlebot3_gazebo/environment/path.dsv
[3.136s] -- Up-to-date symlink: /home/asad/turtlebot0/install/turtlebot3_gazebo/share/turtlebot3_gazebo/local_setup.bash
[3.136s] -- Up-to-date symlink: /home/asad/turtlebot0/install/turtlebot3_gazebo/share/turtlebot3_gazebo/local_setup.sh
[3.137s] -- Up-to-date symlink: /home/asad/turtlebot0/install/turtlebot3_gazebo/share/turtlebot3_gazebo/local_setup.zsh
[3.137s] -- Up-to-date symlink: /home/asad/turtlebot0/install/turtlebot3_gazebo/share/turtlebot3_gazebo/local_setup.dsv
[3.137s] -- Symlinking: /home/asad/turtlebot0/install/turtlebot3_gazebo/share/turtlebot3_gazebo/package.dsv
[3.155s] -- Up-to-date symlink: /home/asad/turtlebot0/install/turtlebot3_gazebo/share/ament_index/resource_index/packages/turtlebot3_gazebo
[3.156s] -- Up-to-date symlink: /home/asad/turtlebot0/install/turtlebot3_gazebo/share/turtlebot3_gazebo/cmake/ament_cmake_export_include_directories-extras.cmake
[3.156s] -- Up-to-date symlink: /home/asad/turtlebot0/install/turtlebot3_gazebo/share/turtlebot3_gazebo/cmake/ament_cmake_export_dependencies-extras.cmake
[3.157s] -- Up-to-date symlink: /home/asad/turtlebot0/install/turtlebot3_gazebo/share/turtlebot3_gazebo/cmake/turtlebot3_gazeboConfig.cmake
[3.157s] -- Up-to-date symlink: /home/asad/turtlebot0/install/turtlebot3_gazebo/share/turtlebot3_gazebo/cmake/turtlebot3_gazeboConfig-version.cmake
[3.157s] -- Up-to-date symlink: /home/asad/turtlebot0/install/turtlebot3_gazebo/share/turtlebot3_gazebo/package.xml
[3.162s] Invoked command in '/home/asad/turtlebot0/build/turtlebot3_gazebo' returned '0': CMAKE_PREFIX_PATH=${CMAKE_PREFIX_PATH}:/opt/ros/humble /usr/bin/cmake --install /home/asad/turtlebot0/build/turtlebot3_gazebo
