[0.062s] Invoking command in '/home/asad/turtlebot0/build/turtlebot3_fake_node': CMAKE_PREFIX_PATH=${CMAKE_PREFIX_PATH}:/home/asad/turtlebot0/install/turtlebot_dqn:/opt/ros/humble /usr/bin/cmake --build /home/asad/turtlebot0/build/turtlebot3_fake_node -- -j4 -l4
[0.274s] [100%] Built target turtlebot3_fake_node
[0.838s] Invoked command in '/home/asad/turtlebot0/build/turtlebot3_fake_node' returned '0': CMAKE_PREFIX_PATH=${CMAKE_PREFIX_PATH}:/home/asad/turtlebot0/install/turtlebot_dqn:/opt/ros/humble /usr/bin/cmake --build /home/asad/turtlebot0/build/turtlebot3_fake_node -- -j4 -l4
[0.841s] Invoking command in '/home/asad/turtlebot0/build/turtlebot3_fake_node': CMAKE_PREFIX_PATH=${CMAKE_PREFIX_PATH}:/home/asad/turtlebot0/install/turtlebot_dqn:/opt/ros/humble /usr/bin/cmake --install /home/asad/turtlebot0/build/turtlebot3_fake_node
[0.862s] -- Install configuration: ""
[0.869s] -- Execute custom install script
[0.874s] -- Up-to-date symlink: /home/asad/turtlebot0/install/turtlebot3_fake_node/lib/turtlebot3_fake_node/turtlebot3_fake_node
[0.879s] -- Up-to-date symlink: /home/asad/turtlebot0/install/turtlebot3_fake_node/share/turtlebot3_fake_node/launch/rviz2.launch.py
[0.879s] -- Up-to-date symlink: /home/asad/turtlebot0/install/turtlebot3_fake_node/share/turtlebot3_fake_node/launch/turtlebot3_fake_node.launch.py
[0.885s] -- Up-to-date symlink: /home/asad/turtlebot0/install/turtlebot3_fake_node/share/turtlebot3_fake_node/param/burger.yaml
[0.888s] -- Up-to-date symlink: /home/asad/turtlebot0/install/turtlebot3_fake_node/share/turtlebot3_fake_node/param/waffle.yaml
[0.888s] -- Up-to-date symlink: /home/asad/turtlebot0/install/turtlebot3_fake_node/share/turtlebot3_fake_node/param/waffle_pi.yaml
[0.891s] -- Up-to-date symlink: /home/asad/turtlebot0/install/turtlebot3_fake_node/include//turtlebot3_fake_node/turtlebot3_fake_node.hpp
[0.893s] -- Up-to-date symlink: /home/asad/turtlebot0/install/turtlebot3_fake_node/share/ament_index/resource_index/package_run_dependencies/turtlebot3_fake_node
[0.897s] -- Up-to-date symlink: /home/asad/turtlebot0/install/turtlebot3_fake_node/share/ament_index/resource_index/parent_prefix_path/turtlebot3_fake_node
[0.902s] -- Up-to-date symlink: /home/asad/turtlebot0/install/turtlebot3_fake_node/share/turtlebot3_fake_node/environment/ament_prefix_path.sh
[0.904s] -- Up-to-date symlink: /home/asad/turtlebot0/install/turtlebot3_fake_node/share/turtlebot3_fake_node/environment/ament_prefix_path.dsv
[0.904s] -- Up-to-date symlink: /home/asad/turtlebot0/install/turtlebot3_fake_node/share/turtlebot3_fake_node/environment/path.sh
[0.906s] -- Up-to-date symlink: /home/asad/turtlebot0/install/turtlebot3_fake_node/share/turtlebot3_fake_node/environment/path.dsv
[0.907s] -- Up-to-date symlink: /home/asad/turtlebot0/install/turtlebot3_fake_node/share/turtlebot3_fake_node/local_setup.bash
[0.908s] -- Up-to-date symlink: /home/asad/turtlebot0/install/turtlebot3_fake_node/share/turtlebot3_fake_node/local_setup.sh
[0.908s] -- Up-to-date symlink: /home/asad/turtlebot0/install/turtlebot3_fake_node/share/turtlebot3_fake_node/local_setup.zsh
[0.915s] -- Up-to-date symlink: /home/asad/turtlebot0/install/turtlebot3_fake_node/share/turtlebot3_fake_node/local_setup.dsv
[0.916s] -- Symlinking: /home/asad/turtlebot0/install/turtlebot3_fake_node/share/turtlebot3_fake_node/package.dsv
[0.923s] -- Up-to-date symlink: /home/asad/turtlebot0/install/turtlebot3_fake_node/share/ament_index/resource_index/packages/turtlebot3_fake_node
[0.923s] -- Up-to-date symlink: /home/asad/turtlebot0/install/turtlebot3_fake_node/share/turtlebot3_fake_node/cmake/ament_cmake_export_include_directories-extras.cmake
[0.924s] -- Up-to-date symlink: /home/asad/turtlebot0/install/turtlebot3_fake_node/share/turtlebot3_fake_node/cmake/ament_cmake_export_dependencies-extras.cmake
[0.924s] -- Up-to-date symlink: /home/asad/turtlebot0/install/turtlebot3_fake_node/share/turtlebot3_fake_node/cmake/turtlebot3_fake_nodeConfig.cmake
[0.927s] -- Up-to-date symlink: /home/asad/turtlebot0/install/turtlebot3_fake_node/share/turtlebot3_fake_node/cmake/turtlebot3_fake_nodeConfig-version.cmake
[0.927s] -- Up-to-date symlink: /home/asad/turtlebot0/install/turtlebot3_fake_node/share/turtlebot3_fake_node/package.xml
[0.933s] Invoked command in '/home/asad/turtlebot0/build/turtlebot3_fake_node' returned '0': CMAKE_PREFIX_PATH=${CMAKE_PREFIX_PATH}:/home/asad/turtlebot0/install/turtlebot_dqn:/opt/ros/humble /usr/bin/cmake --install /home/asad/turtlebot0/build/turtlebot3_fake_node
