[0.057s] Invoking command in '/home/asad/turtlebot0/build/turtlebot3_fake_node': CMAKE_PREFIX_PATH=${CMAKE_PREFIX_PATH}:/home/asad/turtlebot0/install/turtlebot_dqn:/opt/ros/humble /usr/bin/cmake --build /home/asad/turtlebot0/build/turtlebot3_fake_node -- -j4 -l4
[0.318s] [100%] Built target turtlebot3_fake_node
[0.886s] Invoked command in '/home/asad/turtlebot0/build/turtlebot3_fake_node' returned '0': CMAKE_PREFIX_PATH=${CMAKE_PREFIX_PATH}:/home/asad/turtlebot0/install/turtlebot_dqn:/opt/ros/humble /usr/bin/cmake --build /home/asad/turtlebot0/build/turtlebot3_fake_node -- -j4 -l4
[0.889s] Invoking command in '/home/asad/turtlebot0/build/turtlebot3_fake_node': CMAKE_PREFIX_PATH=${CMAKE_PREFIX_PATH}:/home/asad/turtlebot0/install/turtlebot_dqn:/opt/ros/humble /usr/bin/cmake --install /home/asad/turtlebot0/build/turtlebot3_fake_node
[0.926s] -- Install configuration: ""
[0.931s] -- Execute custom install script
[0.931s] -- Up-to-date symlink: /home/asad/turtlebot0/install/turtlebot3_fake_node/lib/turtlebot3_fake_node/turtlebot3_fake_node
[0.932s] -- Up-to-date symlink: /home/asad/turtlebot0/install/turtlebot3_fake_node/share/turtlebot3_fake_node/launch/rviz2.launch.py
[0.932s] -- Up-to-date symlink: /home/asad/turtlebot0/install/turtlebot3_fake_node/share/turtlebot3_fake_node/launch/turtlebot3_fake_node.launch.py
[0.936s] -- Up-to-date symlink: /home/asad/turtlebot0/install/turtlebot3_fake_node/share/turtlebot3_fake_node/param/burger.yaml
[0.936s] -- Up-to-date symlink: /home/asad/turtlebot0/install/turtlebot3_fake_node/share/turtlebot3_fake_node/param/waffle.yaml
[0.942s] -- Up-to-date symlink: /home/asad/turtlebot0/install/turtlebot3_fake_node/share/turtlebot3_fake_node/param/waffle_pi.yaml
[0.942s] -- Up-to-date symlink: /home/asad/turtlebot0/install/turtlebot3_fake_node/include//turtlebot3_fake_node/turtlebot3_fake_node.hpp
[0.942s] -- Up-to-date symlink: /home/asad/turtlebot0/install/turtlebot3_fake_node/share/ament_index/resource_index/package_run_dependencies/turtlebot3_fake_node
[0.943s] -- Up-to-date symlink: /home/asad/turtlebot0/install/turtlebot3_fake_node/share/ament_index/resource_index/parent_prefix_path/turtlebot3_fake_node
[0.947s] -- Up-to-date symlink: /home/asad/turtlebot0/install/turtlebot3_fake_node/share/turtlebot3_fake_node/environment/ament_prefix_path.sh
[0.947s] -- Up-to-date symlink: /home/asad/turtlebot0/install/turtlebot3_fake_node/share/turtlebot3_fake_node/environment/ament_prefix_path.dsv
[0.948s] -- Up-to-date symlink: /home/asad/turtlebot0/install/turtlebot3_fake_node/share/turtlebot3_fake_node/environment/path.sh
[0.949s] -- Up-to-date symlink: /home/asad/turtlebot0/install/turtlebot3_fake_node/share/turtlebot3_fake_node/environment/path.dsv
[0.950s] -- Up-to-date symlink: /home/asad/turtlebot0/install/turtlebot3_fake_node/share/turtlebot3_fake_node/local_setup.bash
[0.953s] -- Up-to-date symlink: /home/asad/turtlebot0/install/turtlebot3_fake_node/share/turtlebot3_fake_node/local_setup.sh
[0.953s] -- Up-to-date symlink: /home/asad/turtlebot0/install/turtlebot3_fake_node/share/turtlebot3_fake_node/local_setup.zsh
[0.954s] -- Up-to-date symlink: /home/asad/turtlebot0/install/turtlebot3_fake_node/share/turtlebot3_fake_node/local_setup.dsv
[0.954s] -- Symlinking: /home/asad/turtlebot0/install/turtlebot3_fake_node/share/turtlebot3_fake_node/package.dsv
[0.977s] -- Up-to-date symlink: /home/asad/turtlebot0/install/turtlebot3_fake_node/share/ament_index/resource_index/packages/turtlebot3_fake_node
[0.978s] -- Up-to-date symlink: /home/asad/turtlebot0/install/turtlebot3_fake_node/share/turtlebot3_fake_node/cmake/ament_cmake_export_include_directories-extras.cmake
[0.978s] -- Up-to-date symlink: /home/asad/turtlebot0/install/turtlebot3_fake_node/share/turtlebot3_fake_node/cmake/ament_cmake_export_dependencies-extras.cmake
[0.978s] -- Up-to-date symlink: /home/asad/turtlebot0/install/turtlebot3_fake_node/share/turtlebot3_fake_node/cmake/turtlebot3_fake_nodeConfig.cmake
[0.979s] -- Up-to-date symlink: /home/asad/turtlebot0/install/turtlebot3_fake_node/share/turtlebot3_fake_node/cmake/turtlebot3_fake_nodeConfig-version.cmake
[0.979s] -- Up-to-date symlink: /home/asad/turtlebot0/install/turtlebot3_fake_node/share/turtlebot3_fake_node/package.xml
[0.988s] Invoked command in '/home/asad/turtlebot0/build/turtlebot3_fake_node' returned '0': CMAKE_PREFIX_PATH=${CMAKE_PREFIX_PATH}:/home/asad/turtlebot0/install/turtlebot_dqn:/opt/ros/humble /usr/bin/cmake --install /home/asad/turtlebot0/build/turtlebot3_fake_node
