[1.951s] Invoking command in '/home/asad/turtlebot0/src/turtlebot_dqn': PYTHONPATH=/home/asad/turtlebot0/build/turtlebot_dqn/prefix_override:/usr/lib/python3/dist-packages/colcon_core/task/python/colcon_distutils_commands:/home/asad/turtlebot0/install/turtlebot_dqn/lib/python3.10/site-packages:${PYTHONPATH} /usr/bin/python3 -W ignore:setup.py install is deprecated -W ignore:easy_install command is deprecated setup.py egg_info --egg-base ../../build/turtlebot_dqn build --build-base /home/asad/turtlebot0/build/turtlebot_dqn/build install --record /home/asad/turtlebot0/build/turtlebot_dqn/install.log --single-version-externally-managed install_data
[2.485s] running egg_info
[2.487s] writing ../../build/turtlebot_dqn/turtlebot_dqn.egg-info/PKG-INFO
[2.487s] writing dependency_links to ../../build/turtlebot_dqn/turtlebot_dqn.egg-info/dependency_links.txt
[2.487s] writing entry points to ../../build/turtlebot_dqn/turtlebot_dqn.egg-info/entry_points.txt
[2.488s] writing requirements to ../../build/turtlebot_dqn/turtlebot_dqn.egg-info/requires.txt
[2.489s] writing top-level names to ../../build/turtlebot_dqn/turtlebot_dqn.egg-info/top_level.txt
[2.492s] reading manifest file '../../build/turtlebot_dqn/turtlebot_dqn.egg-info/SOURCES.txt'
[2.494s] writing manifest file '../../build/turtlebot_dqn/turtlebot_dqn.egg-info/SOURCES.txt'
[2.494s] running build
[2.495s] running build_py
[2.495s] copying turtlebot_dqn/dqn_node.py -> /home/asad/turtlebot0/build/turtlebot_dqn/build/lib/turtlebot_dqn
[2.499s] running install
[2.500s] running install_lib
[2.500s] copying /home/asad/turtlebot0/build/turtlebot_dqn/build/lib/turtlebot_dqn/dqn_node.py -> /home/asad/turtlebot0/install/turtlebot_dqn/lib/python3.10/site-packages/turtlebot_dqn
[2.502s] byte-compiling /home/asad/turtlebot0/install/turtlebot_dqn/lib/python3.10/site-packages/turtlebot_dqn/dqn_node.py to dqn_node.cpython-310.pyc
[2.506s]   File "/home/asad/turtlebot0/install/turtlebot_dqn/lib/python3.10/site-packages/turtlebot_dqn/dqn_node.py", line 140
[2.506s]     plot_path = os.path.expanduser('~/turtlebplot_path = os.path.expanduser('~/turtlebot0/dqn_training_plot.png')
[2.506s]                                                                                                                ^
[2.507s] SyntaxError: unterminated string literal (detected at line 140)
[2.507s] 
[2.507s] running install_data
[2.507s] running install_egg_info
[2.511s] removing '/home/asad/turtlebot0/install/turtlebot_dqn/lib/python3.10/site-packages/turtlebot_dqn-0.0.0-py3.10.egg-info' (and everything under it)
[2.511s] Copying ../../build/turtlebot_dqn/turtlebot_dqn.egg-info to /home/asad/turtlebot0/install/turtlebot_dqn/lib/python3.10/site-packages/turtlebot_dqn-0.0.0-py3.10.egg-info
[2.514s] running install_scripts
[2.561s] Installing bumper_reset_node script to /home/asad/turtlebot0/install/turtlebot_dqn/lib/turtlebot_dqn
[2.561s] Installing dqn_node script to /home/asad/turtlebot0/install/turtlebot_dqn/lib/turtlebot_dqn
[2.562s] writing list of installed files to '/home/asad/turtlebot0/build/turtlebot_dqn/install.log'
[2.614s] Invoked command in '/home/asad/turtlebot0/src/turtlebot_dqn' returned '0': PYTHONPATH=/home/asad/turtlebot0/build/turtlebot_dqn/prefix_override:/usr/lib/python3/dist-packages/colcon_core/task/python/colcon_distutils_commands:/home/asad/turtlebot0/install/turtlebot_dqn/lib/python3.10/site-packages:${PYTHONPATH} /usr/bin/python3 -W ignore:setup.py install is deprecated -W ignore:easy_install command is deprecated setup.py egg_info --egg-base ../../build/turtlebot_dqn build --build-base /home/asad/turtlebot0/build/turtlebot_dqn/build install --record /home/asad/turtlebot0/build/turtlebot_dqn/install.log --single-version-externally-managed install_data
