[0.239s] DEBUG:colcon:Command line arguments: ['/usr/bin/colcon', 'build']
[0.239s] DEBUG:colcon:Parsed command line arguments: Namespace(log_base=None, log_level=None, verb_name='build', build_base='build', install_base='install', merge_install=False, symlink_install=False, test_result_base=None, continue_on_error=False, executor='parallel', parallel_workers=4, event_handlers=None, ignore_user_meta=False, metas=['./colcon.meta'], base_paths=['.'], packages_ignore=None, packages_ignore_regex=None, paths=None, packages_up_to=None, packages_up_to_regex=None, packages_above=None, packages_above_and_dependencies=None, packages_above_depth=None, packages_select_by_dep=None, packages_skip_by_dep=None, packages_skip_up_to=None, packages_select_build_failed=False, packages_skip_build_finished=False, packages_select_test_failures=False, packages_skip_test_passed=False, packages_select=None, packages_skip=None, packages_select_regex=None, packages_skip_regex=None, packages_start=None, packages_end=None, allow_overriding=[], cmake_args=None, cmake_target=None, cmake_target_skip_unavailable=False, cmake_clean_cache=False, cmake_clean_first=False, cmake_force_configure=False, ament_cmake_args=None, catkin_cmake_args=None, catkin_skip_building_tests=False, mixin_files=None, mixin=None, verb_parser=<colcon_mixin.mixin.mixin_argument.MixinArgumentDecorator object at 0x768af7f596c0>, verb_extension=<colcon_core.verb.build.BuildVerb object at 0x768af7f59030>, main=<bound method BuildVerb.main of <colcon_core.verb.build.BuildVerb object at 0x768af7f59030>>, mixin_verb=('build',))
[0.609s] Level 1:colcon.colcon_core.package_discovery:discover_packages(colcon_meta) check parameters
[0.610s] Level 1:colcon.colcon_core.package_discovery:discover_packages(recursive) check parameters
[0.610s] Level 1:colcon.colcon_core.package_discovery:discover_packages(ignore) check parameters
[0.610s] Level 1:colcon.colcon_core.package_discovery:discover_packages(path) check parameters
[0.610s] Level 1:colcon.colcon_core.package_discovery:discover_packages(colcon_meta) discover
[0.610s] Level 1:colcon.colcon_core.package_discovery:discover_packages(recursive) discover
[0.610s] INFO:colcon.colcon_core.package_discovery:Crawling recursively for packages in '/home/asad/turtlebot0'
[0.610s] Level 1:colcon.colcon_core.package_identification:_identify(.) by extensions ['ignore', 'ignore_ament_install']
[0.610s] Level 1:colcon.colcon_core.package_identification:_identify(.) by extension 'ignore'
[0.611s] Level 1:colcon.colcon_core.package_identification:_identify(.) by extension 'ignore_ament_install'
[0.611s] Level 1:colcon.colcon_core.package_identification:_identify(.) by extensions ['colcon_pkg']
[0.611s] Level 1:colcon.colcon_core.package_identification:_identify(.) by extension 'colcon_pkg'
[0.611s] Level 1:colcon.colcon_core.package_identification:_identify(.) by extensions ['colcon_meta']
[0.611s] Level 1:colcon.colcon_core.package_identification:_identify(.) by extension 'colcon_meta'
[0.611s] Level 1:colcon.colcon_core.package_identification:_identify(.) by extensions ['ros']
[0.611s] Level 1:colcon.colcon_core.package_identification:_identify(.) by extension 'ros'
[0.634s] Level 1:colcon.colcon_core.package_identification:_identify(.) by extensions ['cmake', 'python']
[0.634s] Level 1:colcon.colcon_core.package_identification:_identify(.) by extension 'cmake'
[0.634s] Level 1:colcon.colcon_core.package_identification:_identify(.) by extension 'python'
[0.634s] Level 1:colcon.colcon_core.package_identification:_identify(.) by extensions ['python_setup_py']
[0.634s] Level 1:colcon.colcon_core.package_identification:_identify(.) by extension 'python_setup_py'
[0.635s] Level 1:colcon.colcon_core.package_identification:_identify(build) by extensions ['ignore', 'ignore_ament_install']
[0.635s] Level 1:colcon.colcon_core.package_identification:_identify(build) by extension 'ignore'
[0.635s] Level 1:colcon.colcon_core.package_identification:_identify(build) ignored
[0.635s] Level 1:colcon.colcon_core.package_identification:_identify(install) by extensions ['ignore', 'ignore_ament_install']
[0.635s] Level 1:colcon.colcon_core.package_identification:_identify(install) by extension 'ignore'
[0.635s] Level 1:colcon.colcon_core.package_identification:_identify(install) ignored
[0.636s] Level 1:colcon.colcon_core.package_identification:_identify(log) by extensions ['ignore', 'ignore_ament_install']
[0.636s] Level 1:colcon.colcon_core.package_identification:_identify(log) by extension 'ignore'
[0.636s] Level 1:colcon.colcon_core.package_identification:_identify(log) ignored
[0.636s] Level 1:colcon.colcon_core.package_identification:_identify(src) by extensions ['ignore', 'ignore_ament_install']
[0.636s] Level 1:colcon.colcon_core.package_identification:_identify(src) by extension 'ignore'
[0.637s] Level 1:colcon.colcon_core.package_identification:_identify(src) by extension 'ignore_ament_install'
[0.637s] Level 1:colcon.colcon_core.package_identification:_identify(src) by extensions ['colcon_pkg']
[0.637s] Level 1:colcon.colcon_core.package_identification:_identify(src) by extension 'colcon_pkg'
[0.637s] Level 1:colcon.colcon_core.package_identification:_identify(src) by extensions ['colcon_meta']
[0.637s] Level 1:colcon.colcon_core.package_identification:_identify(src) by extension 'colcon_meta'
[0.637s] Level 1:colcon.colcon_core.package_identification:_identify(src) by extensions ['ros']
[0.637s] Level 1:colcon.colcon_core.package_identification:_identify(src) by extension 'ros'
[0.637s] Level 1:colcon.colcon_core.package_identification:_identify(src) by extensions ['cmake', 'python']
[0.637s] Level 1:colcon.colcon_core.package_identification:_identify(src) by extension 'cmake'
[0.637s] Level 1:colcon.colcon_core.package_identification:_identify(src) by extension 'python'
[0.638s] Level 1:colcon.colcon_core.package_identification:_identify(src) by extensions ['python_setup_py']
[0.638s] Level 1:colcon.colcon_core.package_identification:_identify(src) by extension 'python_setup_py'
[0.638s] Level 1:colcon.colcon_core.package_identification:_identify(src/turtlebot3_simulations) by extensions ['ignore', 'ignore_ament_install']
[0.638s] Level 1:colcon.colcon_core.package_identification:_identify(src/turtlebot3_simulations) by extension 'ignore'
[0.638s] Level 1:colcon.colcon_core.package_identification:_identify(src/turtlebot3_simulations) by extension 'ignore_ament_install'
[0.638s] Level 1:colcon.colcon_core.package_identification:_identify(src/turtlebot3_simulations) by extensions ['colcon_pkg']
[0.638s] Level 1:colcon.colcon_core.package_identification:_identify(src/turtlebot3_simulations) by extension 'colcon_pkg'
[0.638s] Level 1:colcon.colcon_core.package_identification:_identify(src/turtlebot3_simulations) by extensions ['colcon_meta']
[0.639s] Level 1:colcon.colcon_core.package_identification:_identify(src/turtlebot3_simulations) by extension 'colcon_meta'
[0.639s] Level 1:colcon.colcon_core.package_identification:_identify(src/turtlebot3_simulations) by extensions ['ros']
[0.639s] Level 1:colcon.colcon_core.package_identification:_identify(src/turtlebot3_simulations) by extension 'ros'
[0.639s] Level 1:colcon.colcon_core.package_identification:_identify(src/turtlebot3_simulations) by extensions ['cmake', 'python']
[0.639s] Level 1:colcon.colcon_core.package_identification:_identify(src/turtlebot3_simulations) by extension 'cmake'
[0.639s] Level 1:colcon.colcon_core.package_identification:_identify(src/turtlebot3_simulations) by extension 'python'
[0.639s] Level 1:colcon.colcon_core.package_identification:_identify(src/turtlebot3_simulations) by extensions ['python_setup_py']
[0.639s] Level 1:colcon.colcon_core.package_identification:_identify(src/turtlebot3_simulations) by extension 'python_setup_py'
[0.639s] Level 1:colcon.colcon_core.package_identification:_identify(src/turtlebot3_simulations/turtlebot3_fake_node) by extensions ['ignore', 'ignore_ament_install']
[0.640s] Level 1:colcon.colcon_core.package_identification:_identify(src/turtlebot3_simulations/turtlebot3_fake_node) by extension 'ignore'
[0.640s] Level 1:colcon.colcon_core.package_identification:_identify(src/turtlebot3_simulations/turtlebot3_fake_node) by extension 'ignore_ament_install'
[0.640s] Level 1:colcon.colcon_core.package_identification:_identify(src/turtlebot3_simulations/turtlebot3_fake_node) by extensions ['colcon_pkg']
[0.640s] Level 1:colcon.colcon_core.package_identification:_identify(src/turtlebot3_simulations/turtlebot3_fake_node) by extension 'colcon_pkg'
[0.640s] Level 1:colcon.colcon_core.package_identification:_identify(src/turtlebot3_simulations/turtlebot3_fake_node) by extensions ['colcon_meta']
[0.640s] Level 1:colcon.colcon_core.package_identification:_identify(src/turtlebot3_simulations/turtlebot3_fake_node) by extension 'colcon_meta'
[0.640s] Level 1:colcon.colcon_core.package_identification:_identify(src/turtlebot3_simulations/turtlebot3_fake_node) by extensions ['ros']
[0.640s] Level 1:colcon.colcon_core.package_identification:_identify(src/turtlebot3_simulations/turtlebot3_fake_node) by extension 'ros'
[0.647s] DEBUG:colcon.colcon_core.package_identification:Package 'src/turtlebot3_simulations/turtlebot3_fake_node' with type 'ros.ament_cmake' and name 'turtlebot3_fake_node'
[0.647s] Level 1:colcon.colcon_core.package_identification:_identify(src/turtlebot3_simulations/turtlebot3_gazebo) by extensions ['ignore', 'ignore_ament_install']
[0.647s] Level 1:colcon.colcon_core.package_identification:_identify(src/turtlebot3_simulations/turtlebot3_gazebo) by extension 'ignore'
[0.647s] Level 1:colcon.colcon_core.package_identification:_identify(src/turtlebot3_simulations/turtlebot3_gazebo) by extension 'ignore_ament_install'
[0.648s] Level 1:colcon.colcon_core.package_identification:_identify(src/turtlebot3_simulations/turtlebot3_gazebo) by extensions ['colcon_pkg']
[0.648s] Level 1:colcon.colcon_core.package_identification:_identify(src/turtlebot3_simulations/turtlebot3_gazebo) by extension 'colcon_pkg'
[0.648s] Level 1:colcon.colcon_core.package_identification:_identify(src/turtlebot3_simulations/turtlebot3_gazebo) by extensions ['colcon_meta']
[0.648s] Level 1:colcon.colcon_core.package_identification:_identify(src/turtlebot3_simulations/turtlebot3_gazebo) by extension 'colcon_meta'
[0.648s] Level 1:colcon.colcon_core.package_identification:_identify(src/turtlebot3_simulations/turtlebot3_gazebo) by extensions ['ros']
[0.648s] Level 1:colcon.colcon_core.package_identification:_identify(src/turtlebot3_simulations/turtlebot3_gazebo) by extension 'ros'
[0.650s] DEBUG:colcon.colcon_core.package_identification:Package 'src/turtlebot3_simulations/turtlebot3_gazebo' with type 'ros.ament_cmake' and name 'turtlebot3_gazebo'
[0.650s] Level 1:colcon.colcon_core.package_identification:_identify(src/turtlebot3_simulations/turtlebot3_simulations) by extensions ['ignore', 'ignore_ament_install']
[0.651s] Level 1:colcon.colcon_core.package_identification:_identify(src/turtlebot3_simulations/turtlebot3_simulations) by extension 'ignore'
[0.651s] Level 1:colcon.colcon_core.package_identification:_identify(src/turtlebot3_simulations/turtlebot3_simulations) by extension 'ignore_ament_install'
[0.651s] Level 1:colcon.colcon_core.package_identification:_identify(src/turtlebot3_simulations/turtlebot3_simulations) by extensions ['colcon_pkg']
[0.651s] Level 1:colcon.colcon_core.package_identification:_identify(src/turtlebot3_simulations/turtlebot3_simulations) by extension 'colcon_pkg'
[0.651s] Level 1:colcon.colcon_core.package_identification:_identify(src/turtlebot3_simulations/turtlebot3_simulations) by extensions ['colcon_meta']
[0.651s] Level 1:colcon.colcon_core.package_identification:_identify(src/turtlebot3_simulations/turtlebot3_simulations) by extension 'colcon_meta'
[0.651s] Level 1:colcon.colcon_core.package_identification:_identify(src/turtlebot3_simulations/turtlebot3_simulations) by extensions ['ros']
[0.651s] Level 1:colcon.colcon_core.package_identification:_identify(src/turtlebot3_simulations/turtlebot3_simulations) by extension 'ros'
[0.653s] DEBUG:colcon.colcon_core.package_identification:Package 'src/turtlebot3_simulations/turtlebot3_simulations' with type 'ros.ament_cmake' and name 'turtlebot3_simulations'
[0.653s] Level 1:colcon.colcon_core.package_identification:_identify(src/turtlebot_dqn) by extensions ['ignore', 'ignore_ament_install']
[0.653s] Level 1:colcon.colcon_core.package_identification:_identify(src/turtlebot_dqn) by extension 'ignore'
[0.653s] Level 1:colcon.colcon_core.package_identification:_identify(src/turtlebot_dqn) by extension 'ignore_ament_install'
[0.653s] Level 1:colcon.colcon_core.package_identification:_identify(src/turtlebot_dqn) by extensions ['colcon_pkg']
[0.654s] Level 1:colcon.colcon_core.package_identification:_identify(src/turtlebot_dqn) by extension 'colcon_pkg'
[0.654s] Level 1:colcon.colcon_core.package_identification:_identify(src/turtlebot_dqn) by extensions ['colcon_meta']
[0.654s] Level 1:colcon.colcon_core.package_identification:_identify(src/turtlebot_dqn) by extension 'colcon_meta'
[0.654s] Level 1:colcon.colcon_core.package_identification:_identify(src/turtlebot_dqn) by extensions ['ros']
[0.654s] Level 1:colcon.colcon_core.package_identification:_identify(src/turtlebot_dqn) by extension 'ros'
[0.656s] DEBUG:colcon.colcon_core.package_identification:Package 'src/turtlebot_dqn' with type 'ros.ament_python' and name 'turtlebot_dqn'
[0.656s] Level 1:colcon.colcon_core.package_discovery:discover_packages(recursive) using defaults
[0.656s] Level 1:colcon.colcon_core.package_discovery:discover_packages(ignore) discover
[0.656s] Level 1:colcon.colcon_core.package_discovery:discover_packages(ignore) using defaults
[0.656s] Level 1:colcon.colcon_core.package_discovery:discover_packages(path) discover
[0.656s] Level 1:colcon.colcon_core.package_discovery:discover_packages(path) using defaults
[0.719s] Level 1:colcon.colcon_core.package_discovery:discover_packages(prefix_path) check parameters
[0.719s] Level 1:colcon.colcon_core.package_discovery:discover_packages(prefix_path) discover
[0.723s] DEBUG:colcon.colcon_installed_package_information.package_discovery:Found 4 installed packages in /home/asad/turtlebot0/install
[0.726s] DEBUG:colcon.colcon_installed_package_information.package_discovery:Found 326 installed packages in /opt/ros/humble
[0.730s] Level 1:colcon.colcon_core.package_discovery:discover_packages(prefix_path) using defaults
[0.831s] Level 5:colcon.colcon_core.verb:set package 'turtlebot3_fake_node' build argument 'cmake_args' from command line to 'None'
[0.831s] Level 5:colcon.colcon_core.verb:set package 'turtlebot3_fake_node' build argument 'cmake_target' from command line to 'None'
[0.831s] Level 5:colcon.colcon_core.verb:set package 'turtlebot3_fake_node' build argument 'cmake_target_skip_unavailable' from command line to 'False'
[0.831s] Level 5:colcon.colcon_core.verb:set package 'turtlebot3_fake_node' build argument 'cmake_clean_cache' from command line to 'False'
[0.832s] Level 5:colcon.colcon_core.verb:set package 'turtlebot3_fake_node' build argument 'cmake_clean_first' from command line to 'False'
[0.832s] Level 5:colcon.colcon_core.verb:set package 'turtlebot3_fake_node' build argument 'cmake_force_configure' from command line to 'False'
[0.832s] Level 5:colcon.colcon_core.verb:set package 'turtlebot3_fake_node' build argument 'ament_cmake_args' from command line to 'None'
[0.832s] Level 5:colcon.colcon_core.verb:set package 'turtlebot3_fake_node' build argument 'catkin_cmake_args' from command line to 'None'
[0.832s] Level 5:colcon.colcon_core.verb:set package 'turtlebot3_fake_node' build argument 'catkin_skip_building_tests' from command line to 'False'
[0.832s] DEBUG:colcon.colcon_core.verb:Building package 'turtlebot3_fake_node' with the following arguments: {'ament_cmake_args': None, 'build_base': '/home/asad/turtlebot0/build/turtlebot3_fake_node', 'catkin_cmake_args': None, 'catkin_skip_building_tests': False, 'cmake_args': None, 'cmake_clean_cache': False, 'cmake_clean_first': False, 'cmake_force_configure': False, 'cmake_target': None, 'cmake_target_skip_unavailable': False, 'install_base': '/home/asad/turtlebot0/install/turtlebot3_fake_node', 'merge_install': False, 'path': '/home/asad/turtlebot0/src/turtlebot3_simulations/turtlebot3_fake_node', 'symlink_install': False, 'test_result_base': None}
[0.833s] Level 5:colcon.colcon_core.verb:set package 'turtlebot3_gazebo' build argument 'cmake_args' from command line to 'None'
[0.833s] Level 5:colcon.colcon_core.verb:set package 'turtlebot3_gazebo' build argument 'cmake_target' from command line to 'None'
[0.833s] Level 5:colcon.colcon_core.verb:set package 'turtlebot3_gazebo' build argument 'cmake_target_skip_unavailable' from command line to 'False'
[0.833s] Level 5:colcon.colcon_core.verb:set package 'turtlebot3_gazebo' build argument 'cmake_clean_cache' from command line to 'False'
[0.833s] Level 5:colcon.colcon_core.verb:set package 'turtlebot3_gazebo' build argument 'cmake_clean_first' from command line to 'False'
[0.834s] Level 5:colcon.colcon_core.verb:set package 'turtlebot3_gazebo' build argument 'cmake_force_configure' from command line to 'False'
[0.834s] Level 5:colcon.colcon_core.verb:set package 'turtlebot3_gazebo' build argument 'ament_cmake_args' from command line to 'None'
[0.834s] Level 5:colcon.colcon_core.verb:set package 'turtlebot3_gazebo' build argument 'catkin_cmake_args' from command line to 'None'
[0.834s] Level 5:colcon.colcon_core.verb:set package 'turtlebot3_gazebo' build argument 'catkin_skip_building_tests' from command line to 'False'
[0.834s] DEBUG:colcon.colcon_core.verb:Building package 'turtlebot3_gazebo' with the following arguments: {'ament_cmake_args': None, 'build_base': '/home/asad/turtlebot0/build/turtlebot3_gazebo', 'catkin_cmake_args': None, 'catkin_skip_building_tests': False, 'cmake_args': None, 'cmake_clean_cache': False, 'cmake_clean_first': False, 'cmake_force_configure': False, 'cmake_target': None, 'cmake_target_skip_unavailable': False, 'install_base': '/home/asad/turtlebot0/install/turtlebot3_gazebo', 'merge_install': False, 'path': '/home/asad/turtlebot0/src/turtlebot3_simulations/turtlebot3_gazebo', 'symlink_install': False, 'test_result_base': None}
[0.835s] Level 5:colcon.colcon_core.verb:set package 'turtlebot_dqn' build argument 'cmake_args' from command line to 'None'
[0.835s] Level 5:colcon.colcon_core.verb:set package 'turtlebot_dqn' build argument 'cmake_target' from command line to 'None'
[0.835s] Level 5:colcon.colcon_core.verb:set package 'turtlebot_dqn' build argument 'cmake_target_skip_unavailable' from command line to 'False'
[0.835s] Level 5:colcon.colcon_core.verb:set package 'turtlebot_dqn' build argument 'cmake_clean_cache' from command line to 'False'
[0.835s] Level 5:colcon.colcon_core.verb:set package 'turtlebot_dqn' build argument 'cmake_clean_first' from command line to 'False'
[0.835s] Level 5:colcon.colcon_core.verb:set package 'turtlebot_dqn' build argument 'cmake_force_configure' from command line to 'False'
[0.835s] Level 5:colcon.colcon_core.verb:set package 'turtlebot_dqn' build argument 'ament_cmake_args' from command line to 'None'
[0.835s] Level 5:colcon.colcon_core.verb:set package 'turtlebot_dqn' build argument 'catkin_cmake_args' from command line to 'None'
[0.835s] Level 5:colcon.colcon_core.verb:set package 'turtlebot_dqn' build argument 'catkin_skip_building_tests' from command line to 'False'
[0.835s] DEBUG:colcon.colcon_core.verb:Building package 'turtlebot_dqn' with the following arguments: {'ament_cmake_args': None, 'build_base': '/home/asad/turtlebot0/build/turtlebot_dqn', 'catkin_cmake_args': None, 'catkin_skip_building_tests': False, 'cmake_args': None, 'cmake_clean_cache': False, 'cmake_clean_first': False, 'cmake_force_configure': False, 'cmake_target': None, 'cmake_target_skip_unavailable': False, 'install_base': '/home/asad/turtlebot0/install/turtlebot_dqn', 'merge_install': False, 'path': '/home/asad/turtlebot0/src/turtlebot_dqn', 'symlink_install': False, 'test_result_base': None}
[0.836s] Level 5:colcon.colcon_core.verb:set package 'turtlebot3_simulations' build argument 'cmake_args' from command line to 'None'
[0.836s] Level 5:colcon.colcon_core.verb:set package 'turtlebot3_simulations' build argument 'cmake_target' from command line to 'None'
[0.837s] Level 5:colcon.colcon_core.verb:set package 'turtlebot3_simulations' build argument 'cmake_target_skip_unavailable' from command line to 'False'
[0.837s] Level 5:colcon.colcon_core.verb:set package 'turtlebot3_simulations' build argument 'cmake_clean_cache' from command line to 'False'
[0.837s] Level 5:colcon.colcon_core.verb:set package 'turtlebot3_simulations' build argument 'cmake_clean_first' from command line to 'False'
[0.837s] Level 5:colcon.colcon_core.verb:set package 'turtlebot3_simulations' build argument 'cmake_force_configure' from command line to 'False'
[0.837s] Level 5:colcon.colcon_core.verb:set package 'turtlebot3_simulations' build argument 'ament_cmake_args' from command line to 'None'
[0.837s] Level 5:colcon.colcon_core.verb:set package 'turtlebot3_simulations' build argument 'catkin_cmake_args' from command line to 'None'
[0.837s] Level 5:colcon.colcon_core.verb:set package 'turtlebot3_simulations' build argument 'catkin_skip_building_tests' from command line to 'False'
[0.837s] DEBUG:colcon.colcon_core.verb:Building package 'turtlebot3_simulations' with the following arguments: {'ament_cmake_args': None, 'build_base': '/home/asad/turtlebot0/build/turtlebot3_simulations', 'catkin_cmake_args': None, 'catkin_skip_building_tests': False, 'cmake_args': None, 'cmake_clean_cache': False, 'cmake_clean_first': False, 'cmake_force_configure': False, 'cmake_target': None, 'cmake_target_skip_unavailable': False, 'install_base': '/home/asad/turtlebot0/install/turtlebot3_simulations', 'merge_install': False, 'path': '/home/asad/turtlebot0/src/turtlebot3_simulations/turtlebot3_simulations', 'symlink_install': False, 'test_result_base': None}
[0.838s] INFO:colcon.colcon_core.executor:Executing jobs using 'parallel' executor
[0.840s] DEBUG:colcon.colcon_parallel_executor.executor.parallel:run_until_complete
[0.840s] INFO:colcon.colcon_ros.task.ament_cmake.build:Building ROS package in '/home/asad/turtlebot0/src/turtlebot3_simulations/turtlebot3_fake_node' with build type 'ament_cmake'
[0.840s] INFO:colcon.colcon_cmake.task.cmake.build:Building CMake package in '/home/asad/turtlebot0/src/turtlebot3_simulations/turtlebot3_fake_node'
[0.845s] INFO:colcon.colcon_core.plugin_system:Skipping extension 'colcon_core.shell.bat': Not used on non-Windows systems
[0.846s] INFO:colcon.colcon_core.shell:Skip shell extension 'powershell' for command environment: Not usable outside of PowerShell
[0.846s] DEBUG:colcon.colcon_core.shell:Skip shell extension 'dsv' for command environment
[0.855s] INFO:colcon.colcon_ros.task.ament_cmake.build:Building ROS package in '/home/asad/turtlebot0/src/turtlebot3_simulations/turtlebot3_gazebo' with build type 'ament_cmake'
[0.855s] INFO:colcon.colcon_cmake.task.cmake.build:Building CMake package in '/home/asad/turtlebot0/src/turtlebot3_simulations/turtlebot3_gazebo'
[0.856s] INFO:colcon.colcon_core.shell:Skip shell extension 'powershell' for command environment: Not usable outside of PowerShell
[0.857s] DEBUG:colcon.colcon_core.shell:Skip shell extension 'dsv' for command environment
[0.869s] INFO:colcon.colcon_ros.task.ament_python.build:Building ROS package in '/home/asad/turtlebot0/src/turtlebot_dqn' with build type 'ament_python'
[0.870s] Level 1:colcon.colcon_core.shell:create_environment_hook('turtlebot_dqn', 'ament_prefix_path')
[0.871s] INFO:colcon.colcon_core.shell:Creating environment hook '/home/asad/turtlebot0/install/turtlebot_dqn/share/turtlebot_dqn/hook/ament_prefix_path.ps1'
[0.874s] INFO:colcon.colcon_core.shell:Creating environment descriptor '/home/asad/turtlebot0/install/turtlebot_dqn/share/turtlebot_dqn/hook/ament_prefix_path.dsv'
[0.877s] INFO:colcon.colcon_core.shell:Creating environment hook '/home/asad/turtlebot0/install/turtlebot_dqn/share/turtlebot_dqn/hook/ament_prefix_path.sh'
[0.880s] INFO:colcon.colcon_core.shell:Skip shell extension 'powershell' for command environment: Not usable outside of PowerShell
[0.880s] DEBUG:colcon.colcon_core.shell:Skip shell extension 'dsv' for command environment
[0.902s] DEBUG:colcon.colcon_core.event_handler.log_command:Invoking command in '/home/asad/turtlebot0/build/turtlebot3_fake_node': CMAKE_PREFIX_PATH=${CMAKE_PREFIX_PATH}:/home/asad/turtlebot0/install/turtlebot_dqn:/opt/ros/humble /usr/bin/cmake --build /home/asad/turtlebot0/build/turtlebot3_fake_node -- -j4 -l4
[0.911s] DEBUG:colcon.colcon_core.event_handler.log_command:Invoking command in '/home/asad/turtlebot0/build/turtlebot3_gazebo': CMAKE_PREFIX_PATH=${CMAKE_PREFIX_PATH}:/home/asad/turtlebot0/install/turtlebot_dqn:/opt/ros/humble /usr/bin/cmake --build /home/asad/turtlebot0/build/turtlebot3_gazebo -- -j4 -l4
[1.622s] INFO:colcon.colcon_core.task.python.build:Building Python package in '/home/asad/turtlebot0/src/turtlebot_dqn'
[1.623s] INFO:colcon.colcon_core.shell:Skip shell extension 'powershell' for command environment: Not usable outside of PowerShell
[1.623s] DEBUG:colcon.colcon_core.shell:Skip shell extension 'dsv' for command environment
[1.634s] DEBUG:colcon.colcon_core.event_handler.log_command:Invoked command in '/home/asad/turtlebot0/build/turtlebot3_gazebo' returned '0': CMAKE_PREFIX_PATH=${CMAKE_PREFIX_PATH}:/home/asad/turtlebot0/install/turtlebot_dqn:/opt/ros/humble /usr/bin/cmake --build /home/asad/turtlebot0/build/turtlebot3_gazebo -- -j4 -l4
[1.662s] DEBUG:colcon.colcon_core.event_handler.log_command:Invoking command in '/home/asad/turtlebot0/build/turtlebot3_gazebo': CMAKE_PREFIX_PATH=${CMAKE_PREFIX_PATH}:/home/asad/turtlebot0/install/turtlebot_dqn:/opt/ros/humble /usr/bin/cmake --install /home/asad/turtlebot0/build/turtlebot3_gazebo
[1.666s] DEBUG:colcon.colcon_core.event_handler.log_command:Invoked command in '/home/asad/turtlebot0/build/turtlebot3_fake_node' returned '0': CMAKE_PREFIX_PATH=${CMAKE_PREFIX_PATH}:/home/asad/turtlebot0/install/turtlebot_dqn:/opt/ros/humble /usr/bin/cmake --build /home/asad/turtlebot0/build/turtlebot3_fake_node -- -j4 -l4
[1.668s] DEBUG:colcon.colcon_core.event_handler.log_command:Invoking command in '/home/asad/turtlebot0/build/turtlebot3_fake_node': CMAKE_PREFIX_PATH=${CMAKE_PREFIX_PATH}:/home/asad/turtlebot0/install/turtlebot_dqn:/opt/ros/humble /usr/bin/cmake --install /home/asad/turtlebot0/build/turtlebot3_fake_node
[1.753s] Level 1:colcon.colcon_core.environment:create_environment_scripts_only(turtlebot3_fake_node)
[1.757s] DEBUG:colcon.colcon_core.event_handler.log_command:Invoked command in '/home/asad/turtlebot0/build/turtlebot3_fake_node' returned '0': CMAKE_PREFIX_PATH=${CMAKE_PREFIX_PATH}:/home/asad/turtlebot0/install/turtlebot_dqn:/opt/ros/humble /usr/bin/cmake --install /home/asad/turtlebot0/build/turtlebot3_fake_node
[1.763s] Level 1:colcon.colcon_core.environment:checking '/home/asad/turtlebot0/install/turtlebot3_fake_node' for CMake module files
[1.768s] Level 1:colcon.colcon_core.environment:checking '/home/asad/turtlebot0/install/turtlebot3_fake_node' for CMake config files
[1.769s] Level 1:colcon.colcon_core.shell:create_environment_hook('turtlebot3_fake_node', 'cmake_prefix_path')
[1.770s] INFO:colcon.colcon_core.shell:Creating environment hook '/home/asad/turtlebot0/install/turtlebot3_fake_node/share/turtlebot3_fake_node/hook/cmake_prefix_path.ps1'
[1.772s] INFO:colcon.colcon_core.shell:Creating environment descriptor '/home/asad/turtlebot0/install/turtlebot3_fake_node/share/turtlebot3_fake_node/hook/cmake_prefix_path.dsv'
[1.773s] INFO:colcon.colcon_core.shell:Creating environment hook '/home/asad/turtlebot0/install/turtlebot3_fake_node/share/turtlebot3_fake_node/hook/cmake_prefix_path.sh'
[1.776s] Level 1:colcon.colcon_core.environment:checking '/home/asad/turtlebot0/install/turtlebot3_fake_node/lib'
[1.776s] Level 1:colcon.colcon_core.environment:checking '/home/asad/turtlebot0/install/turtlebot3_fake_node/bin'
[1.776s] Level 1:colcon.colcon_core.environment:checking '/home/asad/turtlebot0/install/turtlebot3_fake_node/lib/pkgconfig/turtlebot3_fake_node.pc'
[1.777s] Level 1:colcon.colcon_core.environment:checking '/home/asad/turtlebot0/install/turtlebot3_fake_node/lib/python3.10/site-packages'
[1.778s] Level 1:colcon.colcon_core.environment:checking '/home/asad/turtlebot0/install/turtlebot3_fake_node/bin'
[1.779s] INFO:colcon.colcon_core.shell:Creating package script '/home/asad/turtlebot0/install/turtlebot3_fake_node/share/turtlebot3_fake_node/package.ps1'
[1.782s] INFO:colcon.colcon_core.shell:Creating package descriptor '/home/asad/turtlebot0/install/turtlebot3_fake_node/share/turtlebot3_fake_node/package.dsv'
[1.784s] INFO:colcon.colcon_core.shell:Creating package script '/home/asad/turtlebot0/install/turtlebot3_fake_node/share/turtlebot3_fake_node/package.sh'
[1.787s] INFO:colcon.colcon_core.shell:Creating package script '/home/asad/turtlebot0/install/turtlebot3_fake_node/share/turtlebot3_fake_node/package.bash'
[1.790s] INFO:colcon.colcon_core.shell:Creating package script '/home/asad/turtlebot0/install/turtlebot3_fake_node/share/turtlebot3_fake_node/package.zsh'
[1.792s] Level 1:colcon.colcon_core.environment:create_file_with_runtime_dependencies(/home/asad/turtlebot0/install/turtlebot3_fake_node/share/colcon-core/packages/turtlebot3_fake_node)
[1.794s] Level 1:colcon.colcon_core.environment:create_environment_scripts_only(turtlebot3_fake_node)
[1.795s] Level 1:colcon.colcon_core.environment:checking '/home/asad/turtlebot0/install/turtlebot3_fake_node' for CMake module files
[1.797s] Level 1:colcon.colcon_core.environment:checking '/home/asad/turtlebot0/install/turtlebot3_fake_node' for CMake config files
[1.798s] Level 1:colcon.colcon_core.shell:create_environment_hook('turtlebot3_fake_node', 'cmake_prefix_path')
[1.799s] INFO:colcon.colcon_core.shell:Creating environment hook '/home/asad/turtlebot0/install/turtlebot3_fake_node/share/turtlebot3_fake_node/hook/cmake_prefix_path.ps1'
[1.800s] INFO:colcon.colcon_core.shell:Creating environment descriptor '/home/asad/turtlebot0/install/turtlebot3_fake_node/share/turtlebot3_fake_node/hook/cmake_prefix_path.dsv'
[1.801s] INFO:colcon.colcon_core.shell:Creating environment hook '/home/asad/turtlebot0/install/turtlebot3_fake_node/share/turtlebot3_fake_node/hook/cmake_prefix_path.sh'
[1.803s] Level 1:colcon.colcon_core.environment:checking '/home/asad/turtlebot0/install/turtlebot3_fake_node/lib'
[1.803s] Level 1:colcon.colcon_core.environment:checking '/home/asad/turtlebot0/install/turtlebot3_fake_node/bin'
[1.803s] Level 1:colcon.colcon_core.environment:checking '/home/asad/turtlebot0/install/turtlebot3_fake_node/lib/pkgconfig/turtlebot3_fake_node.pc'
[1.804s] Level 1:colcon.colcon_core.environment:checking '/home/asad/turtlebot0/install/turtlebot3_fake_node/lib/python3.10/site-packages'
[1.805s] Level 1:colcon.colcon_core.environment:checking '/home/asad/turtlebot0/install/turtlebot3_fake_node/bin'
[1.806s] INFO:colcon.colcon_core.shell:Creating package script '/home/asad/turtlebot0/install/turtlebot3_fake_node/share/turtlebot3_fake_node/package.ps1'
[1.809s] INFO:colcon.colcon_core.shell:Creating package descriptor '/home/asad/turtlebot0/install/turtlebot3_fake_node/share/turtlebot3_fake_node/package.dsv'
[1.811s] INFO:colcon.colcon_core.shell:Creating package script '/home/asad/turtlebot0/install/turtlebot3_fake_node/share/turtlebot3_fake_node/package.sh'
[1.813s] INFO:colcon.colcon_core.shell:Creating package script '/home/asad/turtlebot0/install/turtlebot3_fake_node/share/turtlebot3_fake_node/package.bash'
[1.814s] INFO:colcon.colcon_core.shell:Creating package script '/home/asad/turtlebot0/install/turtlebot3_fake_node/share/turtlebot3_fake_node/package.zsh'
[1.815s] Level 1:colcon.colcon_core.environment:create_file_with_runtime_dependencies(/home/asad/turtlebot0/install/turtlebot3_fake_node/share/colcon-core/packages/turtlebot3_fake_node)
[1.818s] Level 1:colcon.colcon_core.environment:create_environment_scripts_only(turtlebot3_gazebo)
[1.819s] Level 1:colcon.colcon_core.environment:checking '/home/asad/turtlebot0/install/turtlebot3_gazebo' for CMake module files
[1.821s] DEBUG:colcon.colcon_core.event_handler.log_command:Invoked command in '/home/asad/turtlebot0/build/turtlebot3_gazebo' returned '0': CMAKE_PREFIX_PATH=${CMAKE_PREFIX_PATH}:/home/asad/turtlebot0/install/turtlebot_dqn:/opt/ros/humble /usr/bin/cmake --install /home/asad/turtlebot0/build/turtlebot3_gazebo
[1.822s] Level 1:colcon.colcon_core.environment:checking '/home/asad/turtlebot0/install/turtlebot3_gazebo' for CMake config files
[1.824s] Level 1:colcon.colcon_core.shell:create_environment_hook('turtlebot3_gazebo', 'cmake_prefix_path')
[1.825s] INFO:colcon.colcon_core.shell:Creating environment hook '/home/asad/turtlebot0/install/turtlebot3_gazebo/share/turtlebot3_gazebo/hook/cmake_prefix_path.ps1'
[1.826s] INFO:colcon.colcon_core.shell:Creating environment descriptor '/home/asad/turtlebot0/install/turtlebot3_gazebo/share/turtlebot3_gazebo/hook/cmake_prefix_path.dsv'
[1.830s] INFO:colcon.colcon_core.shell:Creating environment hook '/home/asad/turtlebot0/install/turtlebot3_gazebo/share/turtlebot3_gazebo/hook/cmake_prefix_path.sh'
[1.832s] Level 1:colcon.colcon_core.environment:checking '/home/asad/turtlebot0/install/turtlebot3_gazebo/lib'
[1.833s] Level 1:colcon.colcon_core.environment:checking '/home/asad/turtlebot0/install/turtlebot3_gazebo/bin'
[1.833s] Level 1:colcon.colcon_core.environment:checking '/home/asad/turtlebot0/install/turtlebot3_gazebo/lib/pkgconfig/turtlebot3_gazebo.pc'
[1.834s] Level 1:colcon.colcon_core.environment:checking '/home/asad/turtlebot0/install/turtlebot3_gazebo/lib/python3.10/site-packages'
[1.835s] Level 1:colcon.colcon_core.environment:checking '/home/asad/turtlebot0/install/turtlebot3_gazebo/bin'
[1.836s] INFO:colcon.colcon_core.shell:Creating package script '/home/asad/turtlebot0/install/turtlebot3_gazebo/share/turtlebot3_gazebo/package.ps1'
[1.839s] INFO:colcon.colcon_core.shell:Creating package descriptor '/home/asad/turtlebot0/install/turtlebot3_gazebo/share/turtlebot3_gazebo/package.dsv'
[1.840s] INFO:colcon.colcon_core.shell:Creating package script '/home/asad/turtlebot0/install/turtlebot3_gazebo/share/turtlebot3_gazebo/package.sh'
[1.842s] INFO:colcon.colcon_core.shell:Creating package script '/home/asad/turtlebot0/install/turtlebot3_gazebo/share/turtlebot3_gazebo/package.bash'
[1.843s] INFO:colcon.colcon_core.shell:Creating package script '/home/asad/turtlebot0/install/turtlebot3_gazebo/share/turtlebot3_gazebo/package.zsh'
[1.845s] Level 1:colcon.colcon_core.environment:create_file_with_runtime_dependencies(/home/asad/turtlebot0/install/turtlebot3_gazebo/share/colcon-core/packages/turtlebot3_gazebo)
[1.847s] Level 1:colcon.colcon_core.environment:create_environment_scripts_only(turtlebot3_gazebo)
[1.847s] Level 1:colcon.colcon_core.environment:checking '/home/asad/turtlebot0/install/turtlebot3_gazebo' for CMake module files
[1.849s] Level 1:colcon.colcon_core.environment:checking '/home/asad/turtlebot0/install/turtlebot3_gazebo' for CMake config files
[1.850s] Level 1:colcon.colcon_core.shell:create_environment_hook('turtlebot3_gazebo', 'cmake_prefix_path')
[1.851s] INFO:colcon.colcon_core.shell:Creating environment hook '/home/asad/turtlebot0/install/turtlebot3_gazebo/share/turtlebot3_gazebo/hook/cmake_prefix_path.ps1'
[1.852s] INFO:colcon.colcon_core.shell:Creating environment descriptor '/home/asad/turtlebot0/install/turtlebot3_gazebo/share/turtlebot3_gazebo/hook/cmake_prefix_path.dsv'
[1.853s] INFO:colcon.colcon_core.shell:Creating environment hook '/home/asad/turtlebot0/install/turtlebot3_gazebo/share/turtlebot3_gazebo/hook/cmake_prefix_path.sh'
[1.855s] Level 1:colcon.colcon_core.environment:checking '/home/asad/turtlebot0/install/turtlebot3_gazebo/lib'
[1.856s] Level 1:colcon.colcon_core.environment:checking '/home/asad/turtlebot0/install/turtlebot3_gazebo/bin'
[1.856s] Level 1:colcon.colcon_core.environment:checking '/home/asad/turtlebot0/install/turtlebot3_gazebo/lib/pkgconfig/turtlebot3_gazebo.pc'
[1.857s] Level 1:colcon.colcon_core.environment:checking '/home/asad/turtlebot0/install/turtlebot3_gazebo/lib/python3.10/site-packages'
[1.858s] Level 1:colcon.colcon_core.environment:checking '/home/asad/turtlebot0/install/turtlebot3_gazebo/bin'
[1.859s] INFO:colcon.colcon_core.shell:Creating package script '/home/asad/turtlebot0/install/turtlebot3_gazebo/share/turtlebot3_gazebo/package.ps1'
[1.861s] INFO:colcon.colcon_core.shell:Creating package descriptor '/home/asad/turtlebot0/install/turtlebot3_gazebo/share/turtlebot3_gazebo/package.dsv'
[1.862s] INFO:colcon.colcon_core.shell:Creating package script '/home/asad/turtlebot0/install/turtlebot3_gazebo/share/turtlebot3_gazebo/package.sh'
[1.864s] INFO:colcon.colcon_core.shell:Creating package script '/home/asad/turtlebot0/install/turtlebot3_gazebo/share/turtlebot3_gazebo/package.bash'
[1.865s] INFO:colcon.colcon_core.shell:Creating package script '/home/asad/turtlebot0/install/turtlebot3_gazebo/share/turtlebot3_gazebo/package.zsh'
[1.867s] Level 1:colcon.colcon_core.environment:create_file_with_runtime_dependencies(/home/asad/turtlebot0/install/turtlebot3_gazebo/share/colcon-core/packages/turtlebot3_gazebo)
[1.869s] INFO:colcon.colcon_ros.task.ament_cmake.build:Building ROS package in '/home/asad/turtlebot0/src/turtlebot3_simulations/turtlebot3_simulations' with build type 'ament_cmake'
[1.869s] INFO:colcon.colcon_cmake.task.cmake.build:Building CMake package in '/home/asad/turtlebot0/src/turtlebot3_simulations/turtlebot3_simulations'
[1.870s] INFO:colcon.colcon_core.shell:Skip shell extension 'powershell' for command environment: Not usable outside of PowerShell
[1.870s] DEBUG:colcon.colcon_core.shell:Skip shell extension 'dsv' for command environment
[1.893s] DEBUG:colcon.colcon_core.event_handler.log_command:Invoking command in '/home/asad/turtlebot0/build/turtlebot3_simulations': CMAKE_PREFIX_PATH=/home/asad/turtlebot0/install/turtlebot3_gazebo:/home/asad/turtlebot0/install/turtlebot3_fake_node:/home/asad/turtlebot0/install/turtlebot3_simulations:/home/asad/turtlebot0/install/turtlebot_dqn:/opt/ros/humble /usr/bin/cmake --build /home/asad/turtlebot0/build/turtlebot3_simulations -- -j4 -l4
[1.971s] DEBUG:colcon.colcon_core.event_handler.log_command:Invoked command in '/home/asad/turtlebot0/build/turtlebot3_simulations' returned '0': CMAKE_PREFIX_PATH=/home/asad/turtlebot0/install/turtlebot3_gazebo:/home/asad/turtlebot0/install/turtlebot3_fake_node:/home/asad/turtlebot0/install/turtlebot3_simulations:/home/asad/turtlebot0/install/turtlebot_dqn:/opt/ros/humble /usr/bin/cmake --build /home/asad/turtlebot0/build/turtlebot3_simulations -- -j4 -l4
[1.975s] DEBUG:colcon.colcon_core.event_handler.log_command:Invoking command in '/home/asad/turtlebot0/build/turtlebot3_simulations': CMAKE_PREFIX_PATH=/home/asad/turtlebot0/install/turtlebot3_gazebo:/home/asad/turtlebot0/install/turtlebot3_fake_node:/home/asad/turtlebot0/install/turtlebot3_simulations:/home/asad/turtlebot0/install/turtlebot_dqn:/opt/ros/humble /usr/bin/cmake --install /home/asad/turtlebot0/build/turtlebot3_simulations
[2.037s] Level 1:colcon.colcon_core.environment:create_environment_scripts_only(turtlebot3_simulations)
[2.039s] Level 1:colcon.colcon_core.environment:checking '/home/asad/turtlebot0/install/turtlebot3_simulations' for CMake module files
[2.040s] DEBUG:colcon.colcon_core.event_handler.log_command:Invoked command in '/home/asad/turtlebot0/build/turtlebot3_simulations' returned '0': CMAKE_PREFIX_PATH=/home/asad/turtlebot0/install/turtlebot3_gazebo:/home/asad/turtlebot0/install/turtlebot3_fake_node:/home/asad/turtlebot0/install/turtlebot3_simulations:/home/asad/turtlebot0/install/turtlebot_dqn:/opt/ros/humble /usr/bin/cmake --install /home/asad/turtlebot0/build/turtlebot3_simulations
[2.041s] Level 1:colcon.colcon_core.environment:checking '/home/asad/turtlebot0/install/turtlebot3_simulations' for CMake config files
[2.042s] Level 1:colcon.colcon_core.shell:create_environment_hook('turtlebot3_simulations', 'cmake_prefix_path')
[2.043s] INFO:colcon.colcon_core.shell:Creating environment hook '/home/asad/turtlebot0/install/turtlebot3_simulations/share/turtlebot3_simulations/hook/cmake_prefix_path.ps1'
[2.044s] INFO:colcon.colcon_core.shell:Creating environment descriptor '/home/asad/turtlebot0/install/turtlebot3_simulations/share/turtlebot3_simulations/hook/cmake_prefix_path.dsv'
[2.046s] INFO:colcon.colcon_core.shell:Creating environment hook '/home/asad/turtlebot0/install/turtlebot3_simulations/share/turtlebot3_simulations/hook/cmake_prefix_path.sh'
[2.048s] Level 1:colcon.colcon_core.environment:checking '/home/asad/turtlebot0/install/turtlebot3_simulations/bin'
[2.048s] Level 1:colcon.colcon_core.environment:checking '/home/asad/turtlebot0/install/turtlebot3_simulations/lib/pkgconfig/turtlebot3_simulations.pc'
[2.049s] Level 1:colcon.colcon_core.environment:checking '/home/asad/turtlebot0/install/turtlebot3_simulations/lib/python3.10/site-packages'
[2.049s] Level 1:colcon.colcon_core.environment:checking '/home/asad/turtlebot0/install/turtlebot3_simulations/bin'
[2.050s] INFO:colcon.colcon_core.shell:Creating package script '/home/asad/turtlebot0/install/turtlebot3_simulations/share/turtlebot3_simulations/package.ps1'
[2.051s] INFO:colcon.colcon_core.shell:Creating package descriptor '/home/asad/turtlebot0/install/turtlebot3_simulations/share/turtlebot3_simulations/package.dsv'
[2.052s] INFO:colcon.colcon_core.shell:Creating package script '/home/asad/turtlebot0/install/turtlebot3_simulations/share/turtlebot3_simulations/package.sh'
[2.054s] INFO:colcon.colcon_core.shell:Creating package script '/home/asad/turtlebot0/install/turtlebot3_simulations/share/turtlebot3_simulations/package.bash'
[2.055s] INFO:colcon.colcon_core.shell:Creating package script '/home/asad/turtlebot0/install/turtlebot3_simulations/share/turtlebot3_simulations/package.zsh'
[2.056s] Level 1:colcon.colcon_core.environment:create_file_with_runtime_dependencies(/home/asad/turtlebot0/install/turtlebot3_simulations/share/colcon-core/packages/turtlebot3_simulations)
[2.057s] Level 1:colcon.colcon_core.environment:create_environment_scripts_only(turtlebot3_simulations)
[2.058s] Level 1:colcon.colcon_core.environment:checking '/home/asad/turtlebot0/install/turtlebot3_simulations' for CMake module files
[2.059s] Level 1:colcon.colcon_core.environment:checking '/home/asad/turtlebot0/install/turtlebot3_simulations' for CMake config files
[2.060s] Level 1:colcon.colcon_core.shell:create_environment_hook('turtlebot3_simulations', 'cmake_prefix_path')
[2.061s] INFO:colcon.colcon_core.shell:Creating environment hook '/home/asad/turtlebot0/install/turtlebot3_simulations/share/turtlebot3_simulations/hook/cmake_prefix_path.ps1'
[2.062s] INFO:colcon.colcon_core.shell:Creating environment descriptor '/home/asad/turtlebot0/install/turtlebot3_simulations/share/turtlebot3_simulations/hook/cmake_prefix_path.dsv'
[2.063s] INFO:colcon.colcon_core.shell:Creating environment hook '/home/asad/turtlebot0/install/turtlebot3_simulations/share/turtlebot3_simulations/hook/cmake_prefix_path.sh'
[2.065s] Level 1:colcon.colcon_core.environment:checking '/home/asad/turtlebot0/install/turtlebot3_simulations/bin'
[2.065s] Level 1:colcon.colcon_core.environment:checking '/home/asad/turtlebot0/install/turtlebot3_simulations/lib/pkgconfig/turtlebot3_simulations.pc'
[2.066s] Level 1:colcon.colcon_core.environment:checking '/home/asad/turtlebot0/install/turtlebot3_simulations/lib/python3.10/site-packages'
[2.066s] Level 1:colcon.colcon_core.environment:checking '/home/asad/turtlebot0/install/turtlebot3_simulations/bin'
[2.067s] INFO:colcon.colcon_core.shell:Creating package script '/home/asad/turtlebot0/install/turtlebot3_simulations/share/turtlebot3_simulations/package.ps1'
[2.068s] INFO:colcon.colcon_core.shell:Creating package descriptor '/home/asad/turtlebot0/install/turtlebot3_simulations/share/turtlebot3_simulations/package.dsv'
[2.070s] INFO:colcon.colcon_core.shell:Creating package script '/home/asad/turtlebot0/install/turtlebot3_simulations/share/turtlebot3_simulations/package.sh'
[2.071s] INFO:colcon.colcon_core.shell:Creating package script '/home/asad/turtlebot0/install/turtlebot3_simulations/share/turtlebot3_simulations/package.bash'
[2.072s] INFO:colcon.colcon_core.shell:Creating package script '/home/asad/turtlebot0/install/turtlebot3_simulations/share/turtlebot3_simulations/package.zsh'
[2.074s] Level 1:colcon.colcon_core.environment:create_file_with_runtime_dependencies(/home/asad/turtlebot0/install/turtlebot3_simulations/share/colcon-core/packages/turtlebot3_simulations)
[2.614s] DEBUG:colcon.colcon_core.event_handler.log_command:Invoking command in '/home/asad/turtlebot0/src/turtlebot_dqn': PYTHONPATH=/home/asad/turtlebot0/build/turtlebot_dqn/prefix_override:/usr/lib/python3/dist-packages/colcon_core/task/python/colcon_distutils_commands:/home/asad/turtlebot0/install/turtlebot_dqn/lib/python3.10/site-packages:${PYTHONPATH} /usr/bin/python3 -W ignore:setup.py install is deprecated -W ignore:easy_install command is deprecated setup.py egg_info --egg-base ../../build/turtlebot_dqn build --build-base /home/asad/turtlebot0/build/turtlebot_dqn/build install --record /home/asad/turtlebot0/build/turtlebot_dqn/install.log --single-version-externally-managed install_data
[3.286s] Level 1:colcon.colcon_core.environment:checking '/home/asad/turtlebot0/install/turtlebot_dqn' for CMake module files
[3.287s] DEBUG:colcon.colcon_core.event_handler.log_command:Invoked command in '/home/asad/turtlebot0/src/turtlebot_dqn' returned '0': PYTHONPATH=/home/asad/turtlebot0/build/turtlebot_dqn/prefix_override:/usr/lib/python3/dist-packages/colcon_core/task/python/colcon_distutils_commands:/home/asad/turtlebot0/install/turtlebot_dqn/lib/python3.10/site-packages:${PYTHONPATH} /usr/bin/python3 -W ignore:setup.py install is deprecated -W ignore:easy_install command is deprecated setup.py egg_info --egg-base ../../build/turtlebot_dqn build --build-base /home/asad/turtlebot0/build/turtlebot_dqn/build install --record /home/asad/turtlebot0/build/turtlebot_dqn/install.log --single-version-externally-managed install_data
[3.288s] Level 1:colcon.colcon_core.environment:checking '/home/asad/turtlebot0/install/turtlebot_dqn' for CMake config files
[3.289s] Level 1:colcon.colcon_core.environment:checking '/home/asad/turtlebot0/install/turtlebot_dqn/lib'
[3.289s] Level 1:colcon.colcon_core.environment:checking '/home/asad/turtlebot0/install/turtlebot_dqn/bin'
[3.290s] Level 1:colcon.colcon_core.environment:checking '/home/asad/turtlebot0/install/turtlebot_dqn/lib/pkgconfig/turtlebot_dqn.pc'
[3.290s] Level 1:colcon.colcon_core.environment:checking '/home/asad/turtlebot0/install/turtlebot_dqn/lib/python3.10/site-packages'
[3.290s] Level 1:colcon.colcon_core.shell:create_environment_hook('turtlebot_dqn', 'pythonpath')
[3.291s] INFO:colcon.colcon_core.shell:Creating environment hook '/home/asad/turtlebot0/install/turtlebot_dqn/share/turtlebot_dqn/hook/pythonpath.ps1'
[3.292s] INFO:colcon.colcon_core.shell:Creating environment descriptor '/home/asad/turtlebot0/install/turtlebot_dqn/share/turtlebot_dqn/hook/pythonpath.dsv'
[3.293s] INFO:colcon.colcon_core.shell:Creating environment hook '/home/asad/turtlebot0/install/turtlebot_dqn/share/turtlebot_dqn/hook/pythonpath.sh'
[3.295s] Level 1:colcon.colcon_core.environment:checking '/home/asad/turtlebot0/install/turtlebot_dqn/bin'
[3.295s] Level 1:colcon.colcon_core.environment:create_environment_scripts_only(turtlebot_dqn)
[3.297s] INFO:colcon.colcon_core.shell:Creating package script '/home/asad/turtlebot0/install/turtlebot_dqn/share/turtlebot_dqn/package.ps1'
[3.299s] INFO:colcon.colcon_core.shell:Creating package descriptor '/home/asad/turtlebot0/install/turtlebot_dqn/share/turtlebot_dqn/package.dsv'
[3.301s] INFO:colcon.colcon_core.shell:Creating package script '/home/asad/turtlebot0/install/turtlebot_dqn/share/turtlebot_dqn/package.sh'
[3.303s] INFO:colcon.colcon_core.shell:Creating package script '/home/asad/turtlebot0/install/turtlebot_dqn/share/turtlebot_dqn/package.bash'
[3.304s] INFO:colcon.colcon_core.shell:Creating package script '/home/asad/turtlebot0/install/turtlebot_dqn/share/turtlebot_dqn/package.zsh'
[3.306s] Level 1:colcon.colcon_core.environment:create_file_with_runtime_dependencies(/home/asad/turtlebot0/install/turtlebot_dqn/share/colcon-core/packages/turtlebot_dqn)
[3.307s] DEBUG:colcon.colcon_parallel_executor.executor.parallel:closing loop
[3.309s] DEBUG:colcon.colcon_parallel_executor.executor.parallel:loop closed
[3.309s] DEBUG:colcon.colcon_parallel_executor.executor.parallel:run_until_complete finished with '0'
[3.310s] DEBUG:colcon.colcon_core.event_reactor:joining thread
[3.330s] INFO:colcon.colcon_core.plugin_system:Skipping extension 'colcon_notification.desktop_notification.terminal_notifier': Not used on non-Darwin systems
[3.330s] INFO:colcon.colcon_core.plugin_system:Skipping extension 'colcon_notification.desktop_notification.win32': Not used on non-Windows systems
[3.331s] INFO:colcon.colcon_notification.desktop_notification:Sending desktop notification using 'notify2'
[3.373s] DEBUG:colcon.colcon_core.event_reactor:joined thread
[3.374s] INFO:colcon.colcon_core.shell:Creating prefix script '/home/asad/turtlebot0/install/local_setup.ps1'
[3.379s] INFO:colcon.colcon_core.shell:Creating prefix util module '/home/asad/turtlebot0/install/_local_setup_util_ps1.py'
[3.386s] INFO:colcon.colcon_core.shell:Creating prefix chain script '/home/asad/turtlebot0/install/setup.ps1'
[3.389s] INFO:colcon.colcon_core.shell:Creating prefix script '/home/asad/turtlebot0/install/local_setup.sh'
[3.392s] INFO:colcon.colcon_core.shell:Creating prefix util module '/home/asad/turtlebot0/install/_local_setup_util_sh.py'
[3.394s] INFO:colcon.colcon_core.shell:Creating prefix chain script '/home/asad/turtlebot0/install/setup.sh'
[3.399s] INFO:colcon.colcon_core.shell:Creating prefix script '/home/asad/turtlebot0/install/local_setup.bash'
[3.401s] INFO:colcon.colcon_core.shell:Creating prefix chain script '/home/asad/turtlebot0/install/setup.bash'
[3.404s] INFO:colcon.colcon_core.shell:Creating prefix script '/home/asad/turtlebot0/install/local_setup.zsh'
[3.405s] INFO:colcon.colcon_core.shell:Creating prefix chain script '/home/asad/turtlebot0/install/setup.zsh'
