[0.053s] Invoking command in '/home/asad/turtlebot0/build/turtlebot3_simulations': CMAKE_PREFIX_PATH=/home/asad/turtlebot0/install/turtlebot3_gazebo:/home/asad/turtlebot0/install/turtlebot3_fake_node:/home/asad/turtlebot0/install/turtlebot3_simulations:/home/asad/turtlebot0/install/turtlebot_dqn:/opt/ros/humble /usr/bin/cmake --build /home/asad/turtlebot0/build/turtlebot3_simulations -- -j4 -l4
[0.208s] Invoked command in '/home/asad/turtlebot0/build/turtlebot3_simulations' returned '0': CMAKE_PREFIX_PATH=/home/asad/turtlebot0/install/turtlebot3_gazebo:/home/asad/turtlebot0/install/turtlebot3_fake_node:/home/asad/turtlebot0/install/turtlebot3_simulations:/home/asad/turtlebot0/install/turtlebot_dqn:/opt/ros/humble /usr/bin/cmake --build /home/asad/turtlebot0/build/turtlebot3_simulations -- -j4 -l4
[0.216s] Invoking command in '/home/asad/turtlebot0/build/turtlebot3_simulations': CMAKE_PREFIX_PATH=/home/asad/turtlebot0/install/turtlebot3_gazebo:/home/asad/turtlebot0/install/turtlebot3_fake_node:/home/asad/turtlebot0/install/turtlebot3_simulations:/home/asad/turtlebot0/install/turtlebot_dqn:/opt/ros/humble /usr/bin/cmake --install /home/asad/turtlebot0/build/turtlebot3_simulations
[0.239s] -- Install configuration: ""
[0.239s] -- Execute custom install script
[0.240s] -- Up-to-date symlink: /home/asad/turtlebot0/install/turtlebot3_simulations/share/ament_index/resource_index/package_run_dependencies/turtlebot3_simulations
[0.240s] -- Up-to-date symlink: /home/asad/turtlebot0/install/turtlebot3_simulations/share/ament_index/resource_index/parent_prefix_path/turtlebot3_simulations
[0.240s] -- Up-to-date symlink: /home/asad/turtlebot0/install/turtlebot3_simulations/share/turtlebot3_simulations/environment/ament_prefix_path.sh
[0.241s] -- Up-to-date symlink: /home/asad/turtlebot0/install/turtlebot3_simulations/share/turtlebot3_simulations/environment/ament_prefix_path.dsv
[0.247s] -- Up-to-date symlink: /home/asad/turtlebot0/install/turtlebot3_simulations/share/turtlebot3_simulations/environment/path.sh
[0.247s] -- Up-to-date symlink: /home/asad/turtlebot0/install/turtlebot3_simulations/share/turtlebot3_simulations/environment/path.dsv
[0.248s] -- Up-to-date symlink: /home/asad/turtlebot0/install/turtlebot3_simulations/share/turtlebot3_simulations/local_setup.bash
[0.248s] -- Up-to-date symlink: /home/asad/turtlebot0/install/turtlebot3_simulations/share/turtlebot3_simulations/local_setup.sh
[0.248s] -- Up-to-date symlink: /home/asad/turtlebot0/install/turtlebot3_simulations/share/turtlebot3_simulations/local_setup.zsh
[0.249s] -- Up-to-date symlink: /home/asad/turtlebot0/install/turtlebot3_simulations/share/turtlebot3_simulations/local_setup.dsv
[0.249s] -- Symlinking: /home/asad/turtlebot0/install/turtlebot3_simulations/share/turtlebot3_simulations/package.dsv
[0.286s] -- Up-to-date symlink: /home/asad/turtlebot0/install/turtlebot3_simulations/share/ament_index/resource_index/packages/turtlebot3_simulations
[0.286s] -- Up-to-date symlink: /home/asad/turtlebot0/install/turtlebot3_simulations/share/turtlebot3_simulations/cmake/turtlebot3_simulationsConfig.cmake
[0.287s] -- Up-to-date symlink: /home/asad/turtlebot0/install/turtlebot3_simulations/share/turtlebot3_simulations/cmake/turtlebot3_simulationsConfig-version.cmake
[0.290s] -- Up-to-date symlink: /home/asad/turtlebot0/install/turtlebot3_simulations/share/turtlebot3_simulations/package.xml
[0.295s] Invoked command in '/home/asad/turtlebot0/build/turtlebot3_simulations' returned '0': CMAKE_PREFIX_PATH=/home/asad/turtlebot0/install/turtlebot3_gazebo:/home/asad/turtlebot0/install/turtlebot3_fake_node:/home/asad/turtlebot0/install/turtlebot3_simulations:/home/asad/turtlebot0/install/turtlebot_dqn:/opt/ros/humble /usr/bin/cmake --install /home/asad/turtlebot0/build/turtlebot3_simulations
